[]  Dendrochronology Program Library                                        Run CHI    Program COF  11:23  Wed 29 Jul 2020  Page   1
[]
[]  P R O G R A M      C O F E C H A                                                                          Version 6.06P    31258
------------------------------------------------------------------------------------------------------------------------------------

 QUALITY CONTROL AND DATING CHECK OF TREE-RING MEASUREMENTS                                                   COF12K.for

 File of DATED series:   CHI_set_A_trimmed.txt

 CONTENTS:

    Part 1:  Title page, options selected, summary, absent rings by series
    Part 2:  Histogram of time spans
    Part 3:  Master series with sample depth and absent rings by year
    Part 4:  Bar plot of Master Dating Series
    Part 5:  Correlation by segment of each series with Master
    Part 6:  Potential problems: low correlation, divergent year-to-year changes, absent rings, outliers
    Part 7:  Descriptive statistics

 RUN CONTROL OPTIONS SELECTED                             VALUE

         1  Cubic smoothing spline 50% wavelength cutoff for filtering
                                                            32 years
         2  Segments examined are                           50 years lagged successively by  25 years
         3  Autoregressive model applied                     A  Residuals are used in master dating series and testing
         4  Series not transformed to logarithms             N
         5  CORRELATION is Pearson (parametric, quantitative)
            Critical correlation, 99% confidence level  0.3281
         6  Master dating series saved                       N
         7  Ring measurements listed                         N
         8  Parts printed                              1234567 
         9  Absent rings are omitted from master series and segment correlations  (Y)

 Time span of Master dating series is  1905 to  2015   111 years
 Continuous time span is               1905 to  2015   111 years
 Portion with two or more series is    1929 to  2015    87 years


                                        ****************************************
                                        *C* Number of dated series        12 *C*
                                        *O* Master series 1905 2015  111 yrs *O*
                                        *F* Total rings in all series    935 *F*
                                        *E* Total dated rings checked    911 *E*
                                        *C* Series intercorrelation    0.588 *C*
                                        *H* Average mean sensitivity   0.271 *H*
                                        *A* Segments, possible problems    0 *A*
                                        *** Mean length of series       77.0 ***
                                        ****************************************

 ABSENT RINGS listed by SERIES:            (See Master Dating Series for absent rings listed by year)

               No ring measurements of zero value
PART 2:  TIME PLOT OF TREE-RING SERIES:                                                            11:23  Wed 29 Jul 2020  Page   2
------------------------------------------------------------------------------------------------------------------------------------
 1050 1100 1150 1200 1250 1300 1350 1400 1450 1500 1550 1600 1650 1700 1750 1800 1850 1900 1950 2000 2050 Ident   Seq Time-span  Yrs
   :    :    :    :    :    :    :    :    :    :    :    :    :    :    :    :    :    :    :    :    : -------- --- ---- ---- ----
   .    .    .    .    .    .    .    .    .    .    .    .    .    .    .    .    .    .  <=======>   . CHI1H3D    1 1933 2015   83
   .    .    .    .    .    .    .    .    .    .    .    .    .    .    .    .    .    . <========>   . CHI1H3S    2 1929 2015   87
   .    .    .    .    .    .    .    .    .    .    .    .    .    .    .    .    .    .   <======>   . CHI1H5S    3 1948 2015   68
   .    .    .    .    .    .    .    .    .    .    .    .    .    .    .    .    .    <==========>   . CHI1H7D    4 1905 2015  111
   .    .    .    .    .    .    .    .    .    .    .    .    .    .    .    .    .    .  <=======>   . CHI1H9S    5 1933 2015   83
   .    .    .    .    .    .    .    .    .    .    .    .    .    .    .    .    .    .  <=======>   . CHI1L1U    6 1939 2015   77
   .    .    .    .    .    .    .    .    .    .    .    .    .    .    .    .    .    .    <=====>   . CHI1L5S    7 1955 2015   61
   .    .    .    .    .    .    .    .    .    .    .    .    .    .    .    .    .    .   <======>   . CHI1L5U    8 1945 2015   71
   .    .    .    .    .    .    .    .    .    .    .    .    .    .    .    .    .    .   <======>   . CHI1L7D    9 1947 2015   69
   .    .    .    .    .    .    .    .    .    .    .    .    .    .    .    .    .    .  <=======>   . CHI1H1U(  10 1932 2015   84
   .    .    .    .    .    .    .    .    .    .    .    .    .    .    .    .    .    .  <=======>   . CHI1H7S   11 1930 2015   86
   .    .    .    .    .    .    .    .    .    .    .    .    .    .    .    .    .    .    .<====>   . CHI1L9D   12 1961 2015   55
   :    :    :    :    :    :    :    :    :    :    :    :    :    :    :    :    :    :    :    :    :
 1050 1100 1150 1200 1250 1300 1350 1400 1450 1500 1550 1600 1650 1700 1750 1800 1850 1900 1950 2000 2050
PART 3:  Master Dating Series:                                                                     11:23  Wed 29 Jul 2020  Page   3
------------------------------------------------------------------------------------------------------------------------------------
  Year  Value  No Ab    Year  Value  No Ab    Year  Value  No Ab    Year  Value  No Ab    Year  Value  No Ab    Year  Value  No Ab
  ------------------    ------------------    ------------------    ------------------    ------------------    ------------------
                        1950  1.119  10       2000 -0.348  12
                        1951 -0.298  10       2001  0.009  12
                        1952  0.618  10       2002 -1.603  12
                        1953 -0.553  10       2003 -0.838  12
                        1954 -1.097  10       2004 -0.020  12
  1905  2.647   1       1955 -0.711  11       2005 -0.236  12
  1906  0.079   1       1956 -1.988  11       2006 -1.658  12
  1907  0.183   1       1957 -0.196  11       2007  1.021  12
  1908 -0.247   1       1958  0.113  11       2008  0.710  12
  1909  0.082   1       1959  0.778  11       2009  1.019  12

  1910 -1.993   1       1960 -0.590  11       2010 -0.110  12
  1911 -1.014   1       1961 -0.654  12       2011 -0.765  12
  1912 -3.325   1       1962  1.124  12       2012 -0.520  12
  1913 -1.005   1       1963  0.580  12       2013  0.010  12
  1914  1.123   1       1964  0.077  12       2014 -0.122  12
  1915  0.235   1       1965  1.098  12       2015  1.399  12
  1916  0.199   1       1966  0.734  12
  1917 -2.062   1       1967  0.787  12
  1918  0.050   1       1968  0.439  12
  1919 -0.051   1       1969  0.071  12

  1920  0.551   1       1970  0.362  12
  1921  1.384   1       1971 -0.967  12
  1922  0.965   1       1972 -0.969  12
  1923  1.175   1       1973  0.095  12
  1924  2.278   1       1974 -2.716  12
  1925  0.017   1       1975  0.312  12
  1926 -0.565   1       1976 -1.066  12
  1927  0.128   1       1977 -0.304  12
  1928 -2.107   1       1978 -0.020  12
  1929 -0.425   2       1979  1.232  12

  1930  0.660   3       1980  0.673  12
  1931  0.536   3       1981  1.081  12
  1932  1.662   4       1982  1.031  12
  1933  1.246   6       1983  0.606  12
  1934 -0.819   6       1984  0.215  12
  1935 -0.429   6       1985  0.555  12
  1936 -0.623   6       1986  1.513  12
  1937  0.357   6       1987  0.246  12
  1938  0.578   6       1988 -0.649  12
  1939 -0.277   7       1989 -1.349  12

  1940 -0.178   7       1990 -1.223  12
  1941  0.180   7       1991 -0.254  12
  1942 -0.748   7       1992  0.084  12
  1943 -0.076   7       1993 -0.702  12
  1944 -0.418   7       1994 -1.376  12
  1945 -0.338   8       1995  0.066  12
  1946 -0.511   8       1996  0.004  12
  1947 -0.729   9       1997  0.685  12
  1948  0.067  10       1998  1.465  12
  1949  1.897  10       1999  1.632  12
------------------------------------------------------------------------------------------------------------------------------------
PART 4:  Master Bar Plot:                                                                          11:23  Wed 29 Jul 2020  Page   4
------------------------------------------------------------------------------------------------------------------------------------
   Year Rel value  Year Rel value  Year Rel value  Year Rel value  Year Rel value  Year Rel value  Year Rel value  Year Rel value
                   1950---------D  2000---a
                   1951---a        2001-----@
                   1952-------B    2002f
                   1953--b         2003-c
                   1954-d          2004-----@
   1905----------K 1955--c         2005---a
   1906-----@      1956h           2006g
   1907------A     1957----a       2007---------D
   1908---a        1958-----@      2008--------C
   1909-----@      1959--------C   2009---------D
   1910h           1960--b         2010----@
   1911-d          1961--c         2011--c
   1912m           1962---------D  2012--b
   1913-d          1963-------B    2013-----@
   1914---------D  1964-----@      2014----@
   1915------A     1965---------D  2015----------F
   1916------A     1966--------C
   1917h           1967--------C
   1918-----@      1968-------B
   1919----@       1969-----@
   1920-------B    1970-------A
   1921----------F 1971-d
   1922---------D  1972-d
   1923---------E  1973-----@
   1924----------I 1974k
   1925-----@      1975------A
   1926--b         1976-d
   1927------A     1977---a
   1928h           1978-----@
   1929---b        1979---------E
   1930--------C   1980--------C
   1931-------B    1981---------D
   1932----------G 1982---------D
   1933---------E  1983-------B
   1934-c          1984------A
   1935---b        1985-------B
   1936--b         1986----------F
   1937------A     1987------A
   1938-------B    1988--c
   1939---a        1989-e
   1940----a       1990-e
   1941------A     1991---a
   1942--c         1992-----@
   1943----@       1993--c
   1944---b        1994-f
   1945---a        1995-----@
   1946--b         1996-----@
   1947--c         1997--------C
   1948-----@      1998----------F
   1949----------H 1999----------G
PART 5:  CORRELATION OF SERIES BY SEGMENTS:                                                        11:23  Wed 29 Jul 2020  Page   5
------------------------------------------------------------------------------------------------------------------------------------
 Correlations of  50-year dated segments, lagged  25 years
 Flags:  A = correlation under  0.3281 but highest as dated;  B = correlation higher at other than dated position

 Seq Series  Time_span   1925 1950 1975
                         1974 1999 2024
 --- -------- ---------  ---- ---- ---- ---- ---- ---- ---- ---- ---- ---- ---- ---- ---- ---- ---- ---- ---- ---- ---- ----
   1 CHI1H3D  1933 2015   .59  .61  .53
   2 CHI1H3S  1929 2015   .53  .65  .55
   3 CHI1H5S  1948 2015   .51  .65  .77
   4 CHI1H7D  1905 2015   .76  .65  .68
   5 CHI1H9S  1933 2015   .46  .51  .67
   6 CHI1L1U  1939 2015   .57  .62  .61
   7 CHI1L5S  1955 2015        .72  .73
   8 CHI1L5U  1945 2015   .72  .72  .63
   9 CHI1L7D  1947 2015   .75  .69  .70
  10 CHI1H1U( 1932 2015   .53  .58  .51
  11 CHI1H7S  1930 2015   .50  .72  .70
  12 CHI1L9D  1961 2015        .46  .49
 Av segment correlation  0.59 0.63 0.63
PART 6:  POTENTIAL PROBLEMS:                                                                       11:23  Wed 29 Jul 2020  Page   5
------------------------------------------------------------------------------------------------------------------------------------

 For each series with potential problems the following diagnostics may appear:

 [A] Correlations with master dating series of flagged  50-year segments of series filtered with  32-year spline,
     at every point from ten years earlier (-10) to ten years later (+10) than dated

 [B] Effect of those data values which most lower or raise correlation with master series
     Symbol following year indicates value in series is greater (>) or lesser (<) than master series value

 [C] Year-to-year changes very different from the mean change in other series

 [D] Absent rings (zero values)

 [E] Values which are statistical outliers from mean for the year
====================================================================================================================================

 CHI1H3D   1933 to  2015      83 years                                                                                    Series   1

 [B] Entire series, effect on correlation ( 0.543) is:
       Lower   1995<-0.042   2009<-0.035   2008<-0.020   1937<-0.019   1946>-0.012   1967<-0.012  Higher   1974 0.026   2007 0.022

 [E] Outliers     1   3.0 SD above or -4.5 SD below mean for year
       1995 -4.8 SD
====================================================================================================================================

 CHI1H3S   1929 to  2015      87 years                                                                                    Series   2

 [B] Entire series, effect on correlation ( 0.515) is:
       Lower   2015<-0.038   1995<-0.033   1935>-0.018   1944>-0.018   2009<-0.017   2000>-0.013  Higher   1949 0.028   2007 0.019

 [E] Outliers     3   3.0 SD above or -4.5 SD below mean for year
       1930 +3.0 SD;    1965 +3.3 SD;    2000 +3.1 SD
====================================================================================================================================

 CHI1H5S   1948 to  2015      68 years                                                                                    Series   3

 [B] Entire series, effect on correlation ( 0.597) is:
       Lower   1949<-0.098   1973<-0.019   1957>-0.013   1963<-0.012   1955>-0.012   1961>-0.011  Higher   1974 0.033   2006 0.022

 [C] Year-to-year changes diverging by over 4.0 std deviations:
       1948 1949  -4.2 SD

 [E] Outliers     2   3.0 SD above or -4.5 SD below mean for year
       1949 -4.7 SD;    1957 +3.6 SD
====================================================================================================================================

 CHI1H7D   1905 to  2015     111 years                                                                                    Series   4

 [*] Early part of series cannot be checked from 1905 to 1928 -- not matched by another series

 [B] Entire series, effect on correlation ( 0.704) is:
       Lower   1995>-0.025   1935>-0.014   1999<-0.012   1986<-0.011   1943<-0.009   1979<-0.009  Higher   1974 0.022   1949 0.018

 [E] Outliers     1   3.0 SD above or -4.5 SD below mean for year
       1995 +4.8 SD
====================================================================================================================================

 CHI1H9S   1933 to  2015      83 years                                                                                    Series   5

 [B] Entire series, effect on correlation ( 0.570) is:
       Lower   1968>-0.027   1953>-0.019   1954>-0.015   1970<-0.014   1962<-0.011   1988>-0.010  Higher   1974 0.046   2006 0.018

 [E] Outliers     3   3.0 SD above or -4.5 SD below mean for year
       1954 +3.0 SD;    1957 +3.6 SD;    1968 +3.4 SD
====================================================================================================================================

 CHI1L1U   1939 to  2015      77 years                                                                                    Series   6

 [B] Entire series, effect on correlation ( 0.590) is:
       Lower   1944>-0.021   1982<-0.019   2007<-0.018   1986<-0.015   1971>-0.013   1988>-0.010  Higher   1974 0.064   1949 0.031

 [E] Outliers     2   3.0 SD above or -4.5 SD below mean for year
       1944 +3.3 SD;    1973 +3.2 SD
====================================================================================================================================

 CHI1L5S   1955 to  2015      61 years                                                                                    Series   7

 [B] Entire series, effect on correlation ( 0.719) is:
       Lower   1969>-0.027   2007<-0.019   1995<-0.014   1992>-0.013   1956>-0.013   1957<-0.009  Higher   1974 0.052   2002 0.018

====================================================================================================================================

 CHI1L5U   1945 to  2015      71 years                                                                                    Series   8

 [B] Entire series, effect on correlation ( 0.644) is:
       Lower   2013>-0.027   1979<-0.015   2006>-0.014   2004>-0.012   1945>-0.011   2008<-0.011  Higher   1974 0.048   1949 0.019

 [E] Outliers     1   3.0 SD above or -4.5 SD below mean for year
       2013 +3.4 SD
====================================================================================================================================

 CHI1L7D   1947 to  2015      69 years                                                                                    Series   9

 [B] Entire series, effect on correlation ( 0.734) is:
       Lower   1997<-0.017   1993>-0.016   1996<-0.016   1967<-0.016   1998<-0.011   1980>-0.007  Higher   1956 0.017   1949 0.016

====================================================================================================================================

 CHI1H1U(  1932 to  2015      84 years                                                                                    Series  10

 [B] Entire series, effect on correlation ( 0.463) is:
       Lower   1935<-0.035   2007<-0.030   2000>-0.018   1962<-0.018   1999<-0.016   1936>-0.015  Higher   1974 0.050   1949 0.031

 [E] Outliers     1   3.0 SD above or -4.5 SD below mean for year
       1952 +3.8 SD
====================================================================================================================================

 CHI1H7S   1930 to  2015      86 years                                                                                    Series  11

 [B] Entire series, effect on correlation ( 0.534) is:
       Lower   1933<-0.042   1930<-0.037   1934>-0.023   1940>-0.018   1931>-0.016   2010>-0.013  Higher   1974 0.051   1956 0.024

 [E] Outliers     1   3.0 SD above or -4.5 SD below mean for year
       1940 +3.4 SD
====================================================================================================================================

 CHI1L9D   1961 to  2015      55 years                                                                                    Series  12

 [B] Entire series, effect on correlation ( 0.484) is:
       Lower   1983<-0.038   1967>-0.028   1965<-0.028   2006>-0.024   1985<-0.020   1968<-0.016  Higher   2007 0.032   2015 0.027

 [E] Outliers     2   3.0 SD above or -4.5 SD below mean for year
       1967 +3.3 SD;    1996 +3.2 SD
====================================================================================================================================

 [*] All segments correlate highest as dated with correlation with master series over  0.3281
PART 7:  DESCRIPTIVE STATISTICS:                                                                   11:23  Wed 29 Jul 2020  Page   6
------------------------------------------------------------------------------------------------------------------------------------

                                                Corr   //-------- Unfiltered --------\\  //---- Filtered -----\\
                           No.    No.    No.    with   Mean   Max     Std   Auto   Mean   Max     Std   Auto  AR
 Seq Series   Interval   Years  Segmt  Flags   Master  msmt   msmt    dev   corr   sens  value    dev   corr  ()
 --- -------- ---------  -----  -----  -----   ------ -----  -----  -----  -----  -----  -----  -----  -----  --
   1 CHI1H3D  1933 2015     83      3      0   0.543   2.97   6.36  1.300  0.783  0.219   0.79  0.273  0.052   1
   2 CHI1H3S  1929 2015     87      3      0   0.515   3.26   7.29  1.592  0.834  0.227   0.67  0.285  0.009   1
   3 CHI1H5S  1948 2015     68      3      0   0.597   0.94   1.99  0.394  0.599  0.297   0.74  0.342 -0.014   1
   4 CHI1H7D  1905 2015    111      3      0   0.704   0.89   1.93  0.315  0.518  0.294   1.01  0.368 -0.029   1
   5 CHI1H9S  1933 2015     83      3      0   0.570   1.36   5.24  1.051  0.764  0.279   0.79  0.337  0.018   1
   6 CHI1L1U  1939 2015     77      3      0   0.590   1.71   6.43  1.067  0.793  0.272   1.63  0.637  0.036   2
   7 CHI1L5S  1955 2015     61      2      0   0.719   1.34   2.58  0.683  0.856  0.227   0.62  0.282  0.062   1
   8 CHI1L5U  1945 2015     71      3      0   0.644   1.11   2.36  0.637  0.873  0.236   0.71  0.310 -0.031   1
   9 CHI1L7D  1947 2015     69      3      0   0.734   2.02   4.08  0.701  0.538  0.262   0.55  0.297 -0.002   1
  10 CHI1H1U( 1932 2015     84      3      0   0.463   1.48   8.71  2.018  0.894  0.355   1.19  0.523  0.011   1
  11 CHI1H7S  1930 2015     86      3      0   0.534   0.84   2.51  0.402  0.612  0.298   1.09  0.392 -0.015   1
  12 CHI1L9D  1961 2015     55      2      0   0.484   1.76   3.72  0.703  0.617  0.267   1.15  0.388  0.037   1
 --- -------- ---------  -----  -----  -----   ------ -----  -----  -----  -----  -----  -----  -----  -----  --
 Total or mean:            935     34      0   0.588   1.64   8.71  0.915  0.720  0.271   1.63  0.371  0.009

                                              - = [  COFECHA CHI  COF  ] = -
