[]  Dendrochronology Program Library                                        Run DAV    Program COF  13:38  Wed 05 Aug 2020  Page   1
[]
[]  P R O G R A M      C O F E C H A                                                                          Version 6.06P    31265
------------------------------------------------------------------------------------------------------------------------------------

 QUALITY CONTROL AND DATING CHECK OF TREE-RING MEASUREMENTS                                                   COF12K.for

 File of DATED series:   DAV_B_trimmed.txt

 CONTENTS:

    Part 1:  Title page, options selected, summary, absent rings by series
    Part 2:  Histogram of time spans
    Part 3:  Master series with sample depth and absent rings by year
    Part 4:  Bar plot of Master Dating Series
    Part 5:  Correlation by segment of each series with Master
    Part 6:  Potential problems: low correlation, divergent year-to-year changes, absent rings, outliers
    Part 7:  Descriptive statistics

 RUN CONTROL OPTIONS SELECTED                             VALUE

         1  Cubic smoothing spline 50% wavelength cutoff for filtering
                                                            32 years
         2  Segments examined are                           50 years lagged successively by  25 years
         3  Autoregressive model applied                     A  Residuals are used in master dating series and testing
         4  Series not transformed to logarithms             N
         5  CORRELATION is Pearson (parametric, quantitative)
            Critical correlation, 99% confidence level  0.3281
         6  Master dating series saved                       N
         7  Ring measurements listed                         N
         8  Parts printed                              1234567 
         9  Absent rings are omitted from master series and segment correlations  (Y)

 Time span of Master dating series is  1912 to  2015   104 years
 Continuous time span is               1912 to  2015   104 years
 Portion with two or more series is    1917 to  2015    99 years


                                        ****************************************
                                        *C* Number of dated series        14 *C*
                                        *O* Master series 1912 2015  104 yrs *O*
                                        *F* Total rings in all series   1058 *F*
                                        *E* Total dated rings checked   1053 *E*
                                        *C* Series intercorrelation    0.601 *C*
                                        *H* Average mean sensitivity   0.468 *H*
                                        *A* Segments, possible problems    5 *A*
                                        *** Mean length of series       75.0 ***
                                        ****************************************

 ABSENT RINGS listed by SERIES:            (See Master Dating Series for absent rings listed by year)

               No ring measurements of zero value
PART 2:  TIME PLOT OF TREE-RING SERIES:                                                            13:38  Wed 05 Aug 2020  Page   2
------------------------------------------------------------------------------------------------------------------------------------
 1050 1100 1150 1200 1250 1300 1350 1400 1450 1500 1550 1600 1650 1700 1750 1800 1850 1900 1950 2000 2050 Ident   Seq Time-span  Yrs
   :    :    :    :    :    :    :    :    :    :    :    :    :    :    :    :    :    :    :    :    : -------- --- ---- ---- ----
   .    .    .    .    .    .    .    .    .    .    .    .    .    .    .    .    .    . <========>   . DAV1H9U    1 1926 2015   90
   .    .    .    .    .    .    .    .    .    .    .    .    .    .    .    .    .    .    .<====>   . DAV1L5S    2 1962 2015   54
   .    .    .    .    .    .    .    .    .    .    .    .    .    .    .    .    .    .    <=====>   . DAV1L5U    3 1950 2015   66
   .    .    .    .    .    .    .    .    .    .    .    .    .    .    .    .    .    .  <=======>   . DAV2H1U    4 1935 2015   81
   .    .    .    .    .    .    .    .    .    .    .    .    .    .    .    .    .    .   <======>   . DAV2H5U    5 1946 2015   70
   .    .    .    .    .    .    .    .    .    .    .    .    .    .    .    .    .    .<=========>   . DAV2H7S    6 1912 2015  104
   .    .    .    .    .    .    .    .    .    .    .    .    .    .    .    .    .    .   <======>   . DAV1H1S    7 1941 2015   75
   .    .    .    .    .    .    .    .    .    .    .    .    .    .    .    .    .    . <========>   . DAV1H1U    8 1928 2015   88
   .    .    .    .    .    .    .    .    .    .    .    .    .    .    .    .    .    .    . <===>   . DAV1H3S    9 1970 2015   46
   .    .    .    .    .    .    .    .    .    .    .    .    .    .    .    .    .    . <========>   . DAV1H9S   10 1922 2015   94
   .    .    .    .    .    .    .    .    .    .    .    .    .    .    .    .    .    .    .<====>   . AV1L1Se   11 1964 2015   52
   .    .    .    .    .    .    .    .    .    .    .    .    .    .    .    .    .    .    . <===>   . AV1L1Ue   12 1971 2015   45
   .    .    .    .    .    .    .    .    .    .    .    .    .    .    .    .    .    .<=========>   . AV2H9Se   13 1917 2015   99
   .    .    .    .    .    .    .    .    .    .    .    .    .    .    .    .    .    . <========>   . AV2H9Ue   14 1922 2015   94
   :    :    :    :    :    :    :    :    :    :    :    :    :    :    :    :    :    :    :    :    :
 1050 1100 1150 1200 1250 1300 1350 1400 1450 1500 1550 1600 1650 1700 1750 1800 1850 1900 1950 2000 2050
PART 3:  Master Dating Series:                                                                     13:38  Wed 05 Aug 2020  Page   3
------------------------------------------------------------------------------------------------------------------------------------
  Year  Value  No Ab    Year  Value  No Ab    Year  Value  No Ab    Year  Value  No Ab    Year  Value  No Ab    Year  Value  No Ab
  ------------------    ------------------    ------------------    ------------------    ------------------    ------------------
                        1950  0.030  10       2000 -0.035  14
                        1951  0.138  10       2001 -0.673  14
                        1952 -0.457  10       2002 -0.405  14
                        1953 -0.199  10       2003 -1.097  14
                        1954 -1.011  10       2004 -0.766  14
                        1955 -1.141  10       2005  1.012  14
                        1956 -0.948  10       2006  0.961  14
                        1957 -0.946  10       2007 -0.207  14
                        1958  0.693  10       2008  2.779  14
                        1959  1.102  10       2009 -0.457  14

                        1960  0.454  10       2010  0.190  14
                        1961  2.132  10       2011  0.756  14
  1912  1.361   1       1962  0.630  11       2012 -0.852  14
  1913 -0.112   1       1963  0.215  11       2013  0.040  14
  1914 -1.593   1       1964 -0.134  12       2014 -1.376  14
  1915 -1.572   1       1965 -0.655  12       2015  0.747  14
  1916 -1.532   1       1966 -0.277  12
  1917 -0.495   2       1967  0.353  12
  1918  1.814   2       1968  0.501  12
  1919  1.553   2       1969  0.609  12

  1920  1.193   2       1970 -0.054  13
  1921 -0.085   2       1971 -1.249  14
  1922  0.445   4       1972  0.596  14
  1923 -0.301   4       1973  0.729  14
  1924  0.590   4       1974 -1.767  14
  1925  1.545   4       1975  0.340  14
  1926 -0.010   5       1976 -0.263  14
  1927 -0.664   5       1977  0.210  14
  1928  0.700   6       1978 -1.729  14
  1929  0.230   6       1979 -0.029  14

  1930 -0.325   6       1980 -1.562  14
  1931 -0.372   6       1981  0.904  14
  1932 -1.125   6       1982  1.024  14
  1933 -1.960   6       1983 -0.793  14
  1934 -1.449   6       1984  0.520  14
  1935 -0.512   7       1985  0.543  14
  1936 -0.016   7       1986  0.897  14
  1937 -0.545   7       1987  2.287  14
  1938 -0.084   7       1988  0.510  14
  1939  1.896   7       1989 -0.497  14

  1940  1.714   7       1990 -0.445  14
  1941  1.691   8       1991  0.337  14
  1942  1.727   8       1992  1.608  14
  1943  0.225   8       1993  0.681  14
  1944 -1.010   8       1994 -1.267  14
  1945 -0.532   8       1995 -1.262  14
  1946 -0.330   9       1996 -1.345  14
  1947  0.024   9       1997 -0.674  14
  1948 -1.021   9       1998  0.571  14
  1949 -0.253   9       1999 -1.337  14
------------------------------------------------------------------------------------------------------------------------------------
PART 4:  Master Bar Plot:                                                                          13:38  Wed 05 Aug 2020  Page   4
------------------------------------------------------------------------------------------------------------------------------------
   Year Rel value  Year Rel value  Year Rel value  Year Rel value  Year Rel value  Year Rel value  Year Rel value  Year Rel value
                   1950-----@      2000-----@
                   1951------A     2001--c
                   1952---b        2002---b
                   1953----a       2003-d
                   1954-d          2004--c
                   1955-e          2005---------D
                   1956--d         2006---------D
                   1957--d         2007----a
                   1958--------C   2008----------K
                   1959---------D  2009---b
                   1960-------B    2010------A
                   1961----------I 2011--------C
   1912---------E  1962--------C   2012--c
   1913-----@      1963------A     2013-----@
   1914f           1964-----a      2014f
   1915f           1965--c         2015--------C
   1916f           1966----a
   1917---b        1967------A
   1918----------G 1968-------B
   1919----------F 1969--------B
   1920---------E  1970-----@
   1921-----@      1971-e
   1922-------B    1972-------B
   1923----a       1973--------C
   1924-------B    1974g
   1925----------F 1975------A
   1926-----@      1976----a
   1927--c         1977------A
   1928--------C   1978g
   1929------A     1979-----@
   1930----a       1980f
   1931----a       1981---------D
   1932-e          1982---------D
   1933h           1983--c
   1934f           1984-------B
   1935---b        1985-------B
   1936-----@      1986--------D
   1937---b        1987----------I
   1938-----@      1988-------B
   1939----------H 1989---b
   1940----------G 1990---b
   1941----------G 1991------A
   1942----------G 1992----------F
   1943------A     1993--------C
   1944-d          1994-e
   1945---b        1995-e
   1946----a       1996-e
   1947-----@      1997--c
   1948-d          1998-------B
   1949----a       1999-e
PART 5:  CORRELATION OF SERIES BY SEGMENTS:                                                        13:38  Wed 05 Aug 2020  Page   5
------------------------------------------------------------------------------------------------------------------------------------
 Correlations of  50-year dated segments, lagged  25 years
 Flags:  A = correlation under  0.3281 but highest as dated;  B = correlation higher at other than dated position

 Seq Series  Time_span   1900 1925 1950 1975
                         1949 1974 1999 2024
 --- -------- ---------  ---- ---- ---- ---- ---- ---- ---- ---- ---- ---- ---- ---- ---- ---- ---- ---- ---- ---- ---- ----
   1 DAV1H9U  1926 2015        .67  .66  .65
   2 DAV1L5S  1962 2015             .74  .78
   3 DAV1L5U  1950 2015             .45  .75
   4 DAV2H1U  1935 2015        .69  .74  .47
   5 DAV2H5U  1946 2015        .45  .49  .48
   6 DAV2H7S  1912 2015   .41  .53  .76  .78
   7 DAV1H1S  1941 2015        .43B .52  .68
   8 DAV1H1U  1928 2015        .37B .52  .68
   9 DAV1H3S  1970 2015             .31A
  10 DAV1H9S  1922 2015   .57  .60  .64  .65
  11 AV1L1Se  1964 2015             .87  .89
  12 AV1L1Ue  1971 2015             .90
  13 AV2H9Se  1917 2015   .59  .63  .66  .70
  14 AV2H9Ue  1922 2015   .14B .22B .46  .73
 Av segment correlation  0.43 0.51 0.62 0.69
PART 6:  POTENTIAL PROBLEMS:                                                                       13:38  Wed 05 Aug 2020  Page   5
------------------------------------------------------------------------------------------------------------------------------------

 For each series with potential problems the following diagnostics may appear:

 [A] Correlations with master dating series of flagged  50-year segments of series filtered with  32-year spline,
     at every point from ten years earlier (-10) to ten years later (+10) than dated

 [B] Effect of those data values which most lower or raise correlation with master series
     Symbol following year indicates value in series is greater (>) or lesser (<) than master series value

 [C] Year-to-year changes very different from the mean change in other series

 [D] Absent rings (zero values)

 [E] Values which are statistical outliers from mean for the year
====================================================================================================================================

 DAV1H9U   1926 to  2015      90 years                                                                                    Series   1

 [B] Entire series, effect on correlation ( 0.634) is:
       Lower   1992<-0.032   2015<-0.018   1941<-0.017   2001>-0.014   1991<-0.013   2002>-0.013  Higher   1987 0.023   2008 0.020

 [E] Outliers     1   3.0 SD above or -4.5 SD below mean for year
       1940 +3.2 SD
====================================================================================================================================

 DAV1L5S   1962 to  2015      54 years                                                                                    Series   2

 [B] Entire series, effect on correlation ( 0.744) is:
       Lower   1962>-0.032   1984<-0.012   1993>-0.011   2013<-0.007   1969<-0.007   1975<-0.006  Higher   1992 0.013   1987 0.013

====================================================================================================================================

 DAV1L5U   1950 to  2015      66 years                                                                                    Series   3

 [B] Entire series, effect on correlation ( 0.529) is:
       Lower   1955>-0.079   1961<-0.047   1956>-0.021   1954>-0.020   1987<-0.019   1953<-0.015  Higher   2008 0.038   1978 0.019

 [E] Outliers     1   3.0 SD above or -4.5 SD below mean for year
       1955 +4.9 SD
====================================================================================================================================

 DAV2H1U   1935 to  2015      81 years                                                                                    Series   4

 [B] Entire series, effect on correlation ( 0.517) is:
       Lower   2007>-0.063   2008<-0.042   2011<-0.019   1998<-0.017   2009>-0.011   1972<-0.009  Higher   1961 0.029   1987 0.028

 [C] Year-to-year changes diverging by over 4.0 std deviations:
       2007 2008  -4.9 SD

 [E] Outliers     2   3.0 SD above or -4.5 SD below mean for year
       1941 +3.1 SD;    2007 +4.9 SD
====================================================================================================================================

 DAV2H5U   1946 to  2015      70 years                                                                                    Series   5

 [B] Entire series, effect on correlation ( 0.517) is:
       Lower   1981<-0.027   1983>-0.026   1975<-0.025   1988>-0.022   1947>-0.014   1992<-0.012  Higher   2008 0.029   1961 0.025

 [E] Outliers     2   3.0 SD above or -4.5 SD below mean for year
       1983 +3.0 SD;    1988 +3.2 SD
====================================================================================================================================

 DAV2H7S   1912 to  2015     104 years                                                                                    Series   6

 [*] Early part of series cannot be checked from 1912 to 1916 -- not matched by another series

 [B] Entire series, effect on correlation ( 0.593) is:
       Lower   1925<-0.047   1941<-0.039   1917>-0.030   1998<-0.020   1940<-0.015   1921>-0.014  Higher   2008 0.032   1961 0.020

 [E] Outliers     1   3.0 SD above or -4.5 SD below mean for year
       1939 +3.3 SD
====================================================================================================================================

 DAV1H1S   1941 to  2015      75 years                                                                                    Series   7

 [A] Segment   High   -10   -9   -8   -7   -6   -5   -4   -3   -2   -1    0   +1   +2   +3   +4   +5   +6   +7   +8   +9  +10
    ---------  ----   ---  ---  ---  ---  ---  ---  ---  ---  ---  ---  ---  ---  ---  ---  ---  ---  ---  ---  ---  ---  ---
    1941 1990    1    .05  .00  .06  .14  .00  .01 -.22 -.10  .13 -.07  .43| .49* .13 -.04  .22  .02 -.02 -.28 -.36 -.14  .18

 [B] Entire series, effect on correlation ( 0.592) is:
       Lower   1973<-0.038   1971>-0.029   1948>-0.029   1957>-0.015   1951<-0.014   1965>-0.013  Higher   2008 0.050   1974 0.017
     1941 to 1990 segment:
       Lower   1973<-0.058   1971>-0.044   1948>-0.044   1957>-0.023   1951<-0.021   1965>-0.020  Higher   1974 0.043   1987 0.042

====================================================================================================================================

 DAV1H1U   1928 to  2015      88 years                                                                                    Series   8

 [A] Segment   High   -10   -9   -8   -7   -6   -5   -4   -3   -2   -1    0   +1   +2   +3   +4   +5   +6   +7   +8   +9  +10
    ---------  ----   ---  ---  ---  ---  ---  ---  ---  ---  ---  ---  ---  ---  ---  ---  ---  ---  ---  ---  ---  ---  ---
    1928 1977    1    .13  .02  .03  .10 -.02 -.13 -.03  .09  .15 -.05  .37| .59* .11  .00 -.02 -.30 -.29 -.30 -.25 -.26  .23

 [B] Entire series, effect on correlation ( 0.590) is:
       Lower   1973<-0.032   1948>-0.031   1971>-0.031   1940<-0.027   1965>-0.017   1992<-0.014  Higher   2008 0.039   1987 0.028
     1928 to 1977 segment:
       Lower   1973<-0.058   1948>-0.056   1971>-0.055   1940<-0.048   1965>-0.031   1964<-0.014  Higher   1939 0.068   1941 0.038

====================================================================================================================================

 DAV1H3S   1970 to  2015      46 years                                                                                    Series   9

 [A] Segment   High   -10   -9   -8   -7   -6   -5   -4   -3   -2   -1    0   +1   +2   +3   +4   +5   +6   +7   +8   +9  +10
    ---------  ----   ---  ---  ---  ---  ---  ---  ---  ---  ---  ---  ---  ---  ---  ---  ---  ---  ---  ---  ---  ---  ---
    1970 2015    0    .00  .11 -.26  .03 -.05  .18 -.08 -.23  .06  .13  .31*   -    -    -    -    -    -    -    -    -    -

 [B] Entire series, effect on correlation ( 0.313) is:
       Lower   2007>-0.070   2008<-0.059   1970>-0.039   2011<-0.033   1998<-0.026   1997>-0.025  Higher   1987 0.071   1992 0.037
     1970 to 2015 segment:
       Lower   2007>-0.070   2008<-0.059   1970>-0.039   2011<-0.033   1998<-0.026   1997>-0.025  Higher   1987 0.071   1992 0.037

 [C] Year-to-year changes diverging by over 4.0 std deviations:
       2007 2008  -4.5 SD

 [E] Outliers     2   3.0 SD above or -4.5 SD below mean for year
       1970 +3.7 SD;    2007 +4.6 SD
====================================================================================================================================

 DAV1H9S   1922 to  2015      94 years                                                                                    Series  10

 [B] Entire series, effect on correlation ( 0.601) is:
       Lower   2000>-0.019   1998<-0.018   1997>-0.017   2015<-0.013   1941<-0.011   1993<-0.010  Higher   2008 0.030   1961 0.015

 [E] Outliers     2   3.0 SD above or -4.5 SD below mean for year
       1940 +3.6 SD;    2000 +3.4 SD
====================================================================================================================================

 AV1L1Se   1964 to  2015      52 years                                                                                    Series  11

 [B] Entire series, effect on correlation ( 0.880) is:
       Lower   1982<-0.011   1979>-0.007   2009>-0.006   1987<-0.006   1975<-0.005   2001>-0.005  Higher   2008 0.024   1992 0.006

====================================================================================================================================

 AV1L1Ue   1971 to  2015      45 years                                                                                    Series  12

 [B] Entire series, effect on correlation ( 0.895) is:
       Lower   1982<-0.010   2009>-0.009   1985<-0.004   2015<-0.004   1987<-0.004   1977>-0.003  Higher   2008 0.019   1992 0.007

====================================================================================================================================

 AV2H9Se   1917 to  2015      99 years                                                                                    Series  13

 [B] Entire series, effect on correlation ( 0.651) is:
       Lower   1917<-0.028   1998<-0.016   1970>-0.015   1995>-0.014   1936>-0.012   1921<-0.011  Higher   2008 0.031   1987 0.019

 [E] Outliers     1   3.0 SD above or -4.5 SD below mean for year
       1941 +3.1 SD
====================================================================================================================================

 AV2H9Ue   1922 to  2015      94 years                                                                                    Series  14

 [A] Segment   High   -10   -9   -8   -7   -6   -5   -4   -3   -2   -1    0   +1   +2   +3   +4   +5   +6   +7   +8   +9  +10
    ---------  ----   ---  ---  ---  ---  ---  ---  ---  ---  ---  ---  ---  ---  ---  ---  ---  ---  ---  ---  ---  ---  ---
    1922 1971   -2   -.31 -.46 -.21 -.07 -.23  .02  .20  .27  .48* .42  .14|-.11 -.11  .06 -.07 -.10 -.01 -.08 -.10  .06  .09
    1925 1974   -2   -.33 -.46 -.22 -.11 -.22  .04  .22  .32  .43* .33  .22|-.08 -.17  .04  .00 -.08 -.02 -.10 -.18  .09  .09

 [B] Entire series, effect on correlation ( 0.496) is:
       Lower   1963>-0.028   1926>-0.027   1928<-0.024   1958<-0.017   1965>-0.015   1944>-0.015  Higher   2008 0.050   1987 0.031
     1922 to 1971 segment:
       Lower   1926>-0.043   1928<-0.039   1963>-0.030   1958<-0.027   1965>-0.025   1944>-0.023  Higher   1939 0.075   1942 0.063
     1925 to 1974 segment:
       Lower   1926>-0.042   1928<-0.040   1963>-0.032   1958<-0.028   1965>-0.024   1944>-0.023  Higher   1939 0.065   1942 0.054

 [E] Outliers     2   3.0 SD above or -4.5 SD below mean for year
       1926 +3.9 SD;    1963 +3.9 SD
====================================================================================================================================
PART 7:  DESCRIPTIVE STATISTICS:                                                                   13:38  Wed 05 Aug 2020  Page   6
------------------------------------------------------------------------------------------------------------------------------------

                                                Corr   //-------- Unfiltered --------\\  //---- Filtered -----\\
                           No.    No.    No.    with   Mean   Max     Std   Auto   Mean   Max     Std   Auto  AR
 Seq Series   Interval   Years  Segmt  Flags   Master  msmt   msmt    dev   corr   sens  value    dev   corr  ()
 --- -------- ---------  -----  -----  -----   ------ -----  -----  -----  -----  -----  -----  -----  -----  --
   1 DAV1H9U  1926 2015     90      3      0   0.634   0.75   2.71  0.423  0.566  0.437   1.42  0.493 -0.014   1
   2 DAV1L5S  1962 2015     54      2      0   0.744   2.42   4.89  1.148  0.271  0.479   0.96  0.478 -0.008   1
   3 DAV1L5U  1950 2015     66      2      0   0.529   1.94   4.77  1.049  0.421  0.466   1.04  0.477 -0.001   1
   4 DAV2H1U  1935 2015     81      3      0   0.517   1.21   4.06  0.755  0.213  0.546   2.12  0.710 -0.011   1
   5 DAV2H5U  1946 2015     70      3      0   0.517   0.99   2.59  0.589  0.545  0.497   1.42  0.572 -0.009   1
   6 DAV2H7S  1912 2015    104      4      0   0.593   1.47   4.87  0.836  0.454  0.463   1.81  0.557 -0.018   1
   7 DAV1H1S  1941 2015     75      3      1   0.592   1.23   2.68  0.540  0.238  0.418   1.28  0.468 -0.010   1
   8 DAV1H1U  1928 2015     88      3      1   0.590   1.00   2.42  0.450  0.180  0.414   1.31  0.508 -0.016   1
   9 DAV1H3S  1970 2015     46      1      1   0.313   0.99   2.75  0.623  0.277  0.567   1.81  0.661 -0.001   1
  10 DAV1H9S  1922 2015     94      4      0   0.601   1.21   3.14  0.582  0.468  0.426   1.54  0.476 -0.003   1
  11 AV1L1Se  1964 2015     52      2      0   0.880   2.66   5.25  1.336  0.180  0.541   1.81  0.540 -0.004   1
  12 AV1L1Ue  1971 2015     45      1      0   0.895   2.74   6.00  1.369  0.108  0.563   1.96  0.577  0.011   1
  13 AV2H9Se  1917 2015     99      4      0   0.651   1.35   4.13  0.907  0.686  0.433   1.69  0.583 -0.021   1
  14 AV2H9Ue  1922 2015     94      4      2   0.496   1.38   4.43  0.828  0.519  0.449   1.66  0.585  0.017   1
 --- -------- ---------  -----  -----  -----   ------ -----  -----  -----  -----  -----  -----  -----  -----  --
 Total or mean:           1058     39      5   0.601   1.43   6.00  0.776  0.394  0.468   2.12  0.547 -0.007

                                              - = [  COFECHA DAV  COF  ] = -
