[]  Dendrochronology Program Library                                        Run GUMO   Program COF  12:35  Tue 11 Aug 2020  Page   1
[]
[]  P R O G R A M      C O F E C H A                                                                          Version 6.06P    31271
------------------------------------------------------------------------------------------------------------------------------------

 QUALITY CONTROL AND DATING CHECK OF TREE-RING MEASUREMENTS                                                   COF12K.for

 File of DATED series:   GUMO_ABC_trimmed.txt

 CONTENTS:

    Part 1:  Title page, options selected, summary, absent rings by series
    Part 2:  Histogram of time spans
    Part 3:  Master series with sample depth and absent rings by year
    Part 4:  Bar plot of Master Dating Series
    Part 5:  Correlation by segment of each series with Master
    Part 6:  Potential problems: low correlation, divergent year-to-year changes, absent rings, outliers
    Part 7:  Descriptive statistics

 RUN CONTROL OPTIONS SELECTED                             VALUE

         1  Cubic smoothing spline 50% wavelength cutoff for filtering
                                                            32 years
         2  Segments examined are                           50 years lagged successively by  25 years
         3  Autoregressive model applied                     A  Residuals are used in master dating series and testing
         4  Series not transformed to logarithms             N
         5  CORRELATION is Pearson (parametric, quantitative)
            Critical correlation, 99% confidence level  0.3281
         6  Master dating series saved                       N
         7  Ring measurements listed                         N
         8  Parts printed                              1234567 
         9  Absent rings are omitted from master series and segment correlations  (Y)

 Time span of Master dating series is  1886 to  2015   130 years
 Continuous time span is               1886 to  2015   130 years
 Portion with two or more series is    1892 to  2015   124 years


                                        ****************************************
                                        *C* Number of dated series        14 *C*
                                        *O* Master series 1886 2015  130 yrs *O*
                                        *F* Total rings in all series   1319 *F*
                                        *E* Total dated rings checked   1313 *E*
                                        *C* Series intercorrelation    0.661 *C*
                                        *H* Average mean sensitivity   0.452 *H*
                                        *A* Segments, possible problems    4 *A*
                                        *** Mean length of series       94.0 ***
                                        ****************************************

 ABSENT RINGS listed by SERIES:            (See Master Dating Series for absent rings listed by year)

               No ring measurements of zero value
PART 2:  TIME PLOT OF TREE-RING SERIES:                                                            12:35  Tue 11 Aug 2020  Page   2
------------------------------------------------------------------------------------------------------------------------------------
 1050 1100 1150 1200 1250 1300 1350 1400 1450 1500 1550 1600 1650 1700 1750 1800 1850 1900 1950 2000 2050 Ident   Seq Time-span  Yrs
   :    :    :    :    :    :    :    :    :    :    :    :    :    :    :    :    :    :    :    :    : -------- --- ---- ---- ----
   .    .    .    .    .    .    .    .    .    .    .    .    .    .    .    .    .    .<=========>   . GUMO1H3S   1 1918 2015   98
   .    .    .    .    .    .    .    .    .    .    .    .    .    .    .    .    .    . <========>   . GUMO1H3U   2 1925 2015   91
   .    .    .    .    .    .    .    .    .    .    .    .    .    .    .    .    .    .<=========>   . GUMO1H5U   3 1910 2015  106
   .    .    .    .    .    .    .    .    .    .    .    .    .    .    .    .    .    .    .<====>   . GUMO1H7S   4 1961 2015   55
   .    .    .    .    .    .    .    .    .    .    .    .    .    .    .    .    .    .  <=======>   . GUMO1L7U   5 1930 2015   86
   .    .    .    .    .    .    .    .    .    .    .    .    .    .    .    .    .    .   <======>   . GUMO1H1S   6 1940 2015   76
   .    .    .    .    .    .    .    .    .    .    .    .    .    .    .    .    .    . <========>   . GUMO2H3S   7 1923 2015   93
   .    .    .    .    .    .    .    .    .    .    .    .    .    .    .    .    .  <============>   . GUMO2H5S   8 1886 2015  130
   .    .    .    .    .    .    .    .    .    .    .    .    .    .    .    .    .    <==========>   . GUMO1H1U   9 1904 2015  112
   .    .    .    .    .    .    .    .    .    .    .    .    .    .    .    .    .    .<=========>   . GU1H9Se   10 1915 2015  101
   .    .    .    .    .    .    .    .    .    .    .    .    .    .    .    .    .    .  <=======>   . GU1H9Ue   11 1937 2015   79
   .    .    .    .    .    .    .    .    .    .    .    .    .    .    .    .    .   <===========>   . GU2H5Ue   12 1892 2015  124
   .    .    .    .    .    .    .    .    .    .    .    .    .    .    .    .    .    . <========>   . GU2H7Se   13 1929 2015   87
   .    .    .    .    .    .    .    .    .    .    .    .    .    .    .    .    .    .  <=======>   . GU2H7Ue   14 1935 2015   81
   :    :    :    :    :    :    :    :    :    :    :    :    :    :    :    :    :    :    :    :    :
 1050 1100 1150 1200 1250 1300 1350 1400 1450 1500 1550 1600 1650 1700 1750 1800 1850 1900 1950 2000 2050
PART 3:  Master Dating Series:                                                                     12:35  Tue 11 Aug 2020  Page   3
------------------------------------------------------------------------------------------------------------------------------------
  Year  Value  No Ab    Year  Value  No Ab    Year  Value  No Ab    Year  Value  No Ab    Year  Value  No Ab    Year  Value  No Ab
  ------------------    ------------------    ------------------    ------------------    ------------------    ------------------
                        1900  0.163   2       1950  1.173  13       2000 -0.199  14
                        1901  1.876   2       1951 -0.503  13       2001  0.685  14
                        1902  0.597   2       1952 -0.715  13       2002 -2.400  14
                        1903  0.358   2       1953 -0.289  13       2003 -1.546  14
                        1904 -1.156   3       1954 -1.410  13       2004  0.185  14
                        1905  1.423   3       1955 -1.585  13       2005 -0.217  14
                        1906 -1.415   3       1956 -1.516  13       2006 -1.020  14
                        1907  0.050   3       1957 -0.580  13       2007  1.260  14
                        1908  0.345   3       1958  0.247  13       2008 -0.376  14
                        1909 -0.556   3       1959  0.169  13       2009  0.066  14

                        1910  0.247   4       1960 -0.922  13       2010  0.574  14
                        1911 -0.734   4       1961 -0.141  14       2011 -1.345  14
                        1912 -0.770   4       1962  0.817  14       2012  0.050  14
                        1913  0.032   4       1963  0.349  14       2013 -0.820  14
                        1914 -1.478   4       1964 -0.064  14       2014 -0.111  14
                        1915  0.047   5       1965 -1.611  14       2015  2.012  14
                        1916  0.308   5       1966  1.124  14
                        1917  0.069   5       1967  0.076  14
                        1918 -0.118   6       1968  2.473  14
                        1919 -0.139   6       1969  0.048  14

                        1920  0.199   6       1970  1.877  14
                        1921  1.797   6       1971 -1.371  14
                        1922  1.808   6       1972 -1.390  14
                        1923  0.395   7       1973  0.549  14
                        1924 -1.090   7       1974 -1.440  14
                        1925 -0.401   8       1975  0.501  14
                        1926 -1.439   8       1976  0.624  14
                        1927 -0.694   8       1977 -0.637  14
                        1928  0.862   8       1978 -0.361  14
                        1929  0.041   9       1979  0.097  14

                        1930  0.438  10       1980 -1.477  14
                        1931  1.029  10       1981  1.062  14
                        1932  1.291  10       1982 -0.135  14
                        1933 -0.051  10       1983 -0.352  14
                        1934 -0.678  10       1984  0.072  14
                        1935 -0.941  11       1985 -0.111  14
  1886  0.601   1       1936  0.467  11       1986  1.182  14
  1887 -1.767   1       1937 -1.068  12       1987  1.562  14
  1888 -1.033   1       1938 -1.032  12       1988  2.138  14
  1889 -0.281   1       1939  1.007  12       1989 -1.296  14

  1890  2.594   1       1940 -1.381  13       1990 -1.408  14
  1891 -0.400   1       1941  0.443  13       1991  1.668  14
  1892  1.052   2       1942  1.673  13       1992  1.316  14
  1893 -0.946   2       1943  0.276  13       1993  0.130  14
  1894  0.333   2       1944  0.988  13       1994 -1.949  14
  1895 -0.331   2       1945 -0.293  13       1995 -0.192  14
  1896 -0.919   2       1946 -0.096  13       1996 -0.482  14
  1897  0.456   2       1947  0.316  13       1997  0.082  14
  1898  0.526   2       1948  0.594  13       1998  0.823  14
  1899  0.225   2       1949  0.697  13       1999  0.561  14
------------------------------------------------------------------------------------------------------------------------------------
PART 4:  Master Bar Plot:                                                                          12:35  Tue 11 Aug 2020  Page   4
------------------------------------------------------------------------------------------------------------------------------------
   Year Rel value  Year Rel value  Year Rel value  Year Rel value  Year Rel value  Year Rel value  Year Rel value  Year Rel value
                   1900------A     1950---------E  2000----a
                   1901----------H 1951---b        2001--------C
                   1902--------B   1952--c         2002j
                   1903-------A    1953---a        2003f
                   1904-e          1954f           2004------A
                   1905---------F  1955f           2005----a
                   1906f           1956f           2006--d
                   1907-----@      1957---b        2007---------E
                   1908-------A    1958------A     2008---b
                   1909---b        1959------A     2009-----@
                   1910------A     1960--d         2010--------B
                   1911--c         1961----a       2011-e
                   1912--c         1962--------C   2012-----@
                   1913-----@      1963-------A    2013--c
                   1914f           1964----@       2014----@
                   1915-----@      1965f           2015----------H
                   1916------A     1966---------D
                   1917-----@      1967-----@
                   1918----@       1968----------J
                   1919----a       1969-----@
                   1920------A     1970----------H
                   1921----------G 1971-e
                   1922----------G 1972-f
                   1923-------B    1973--------B
                   1924-d          1974f
                   1925---b        1975-------B
                   1926f           1976--------B
                   1927--c         1977--c
                   1928--------C   1978---a
                   1929-----@      1979-----@
                   1930-------B    1980f
                   1931---------D  1981---------D
                   1932---------E  1982----a
                   1933----@       1983---a
                   1934--c         1984-----@
                   1935--d         1985----@
   1886--------B   1936-------B    1986---------E
   1887g           1937-d          1987----------F
   1888--d         1938--d         1988----------I
   1889---a        1939---------D  1989-e
   1890----------J 1940-f          1990f
   1891---b        1941-------B    1991----------G
   1892---------D  1942----------G 1992---------E
   1893--d         1943------A     1993------A
   1894-------A    1944---------D  1994h
   1895---a        1945---a        1995----a
   1896--d         1946----@       1996---b
   1897-------B    1947------A     1997-----@
   1898--------B   1948--------B   1998--------C
   1899------A     1949--------C   1999--------B
PART 5:  CORRELATION OF SERIES BY SEGMENTS:                                                        12:35  Tue 11 Aug 2020  Page   5
------------------------------------------------------------------------------------------------------------------------------------
 Correlations of  50-year dated segments, lagged  25 years
 Flags:  A = correlation under  0.3281 but highest as dated;  B = correlation higher at other than dated position

 Seq Series  Time_span   1875 1900 1925 1950 1975
                         1924 1949 1974 1999 2024
 --- -------- ---------  ---- ---- ---- ---- ---- ---- ---- ---- ---- ---- ---- ---- ---- ---- ---- ---- ---- ---- ---- ----
   1 GUMO1H3S 1918 2015        .68  .75  .47  .57
   2 GUMO1H3U 1925 2015             .82  .54  .62
   3 GUMO1H5U 1910 2015        .55  .77  .87  .83
   4 GUMO1H7S 1961 2015                  .86  .88
   5 GUMO1L7U 1930 2015             .51  .72  .76
   6 GUMO1H1S 1940 2015             .78  .75  .82
   7 GUMO2H3S 1923 2015        .45  .50  .78  .84
   8 GUMO2H5S 1886 2015   .09B .25A .85  .89  .76
   9 GUMO1H1U 1904 2015        .67  .85  .82  .79
  10 GU1H9Se  1915 2015        .30B .53  .80  .80
  11 GU1H9Ue  1937 2015             .51  .70  .72
  12 GU2H5Ue  1892 2015   .33A .57  .82  .79  .85
  13 GU2H7Se  1929 2015             .73  .81  .89
  14 GU2H7Ue  1935 2015             .61  .69  .80
 Av segment correlation  0.21 0.50 0.69 0.75 0.78
PART 6:  POTENTIAL PROBLEMS:                                                                       12:35  Tue 11 Aug 2020  Page   5
------------------------------------------------------------------------------------------------------------------------------------

 For each series with potential problems the following diagnostics may appear:

 [A] Correlations with master dating series of flagged  50-year segments of series filtered with  32-year spline,
     at every point from ten years earlier (-10) to ten years later (+10) than dated

 [B] Effect of those data values which most lower or raise correlation with master series
     Symbol following year indicates value in series is greater (>) or lesser (<) than master series value

 [C] Year-to-year changes very different from the mean change in other series

 [D] Absent rings (zero values)

 [E] Values which are statistical outliers from mean for the year
====================================================================================================================================

 GUMO1H3S  1918 to  2015      98 years                                                                                    Series   1

 [B] Entire series, effect on correlation ( 0.609) is:
       Lower   1982>-0.043   1981<-0.033   1989>-0.025   1975<-0.021   1957>-0.014   1920<-0.008  Higher   1968 0.021   2002 0.016

 [C] Year-to-year changes diverging by over 4.0 std deviations:
       1981 1982   4.2 SD

 [E] Outliers     2   3.0 SD above or -4.5 SD below mean for year
       1982 +4.4 SD;    1991 +3.4 SD
====================================================================================================================================

 GUMO1H3U  1925 to  2015      91 years                                                                                    Series   2

 [B] Entire series, effect on correlation ( 0.674) is:
       Lower   1981<-0.047   1982>-0.045   1989>-0.036   1975<-0.019   1953>-0.009   1980>-0.007  Higher   2002 0.016   1968 0.015

 [C] Year-to-year changes diverging by over 4.0 std deviations:
       1981 1982   4.3 SD

 [E] Outliers     2   3.0 SD above or -4.5 SD below mean for year
       1982 +4.2 SD;    1989 +3.4 SD
====================================================================================================================================

 GUMO1H5U  1910 to  2015     106 years                                                                                    Series   3

 [B] Entire series, effect on correlation ( 0.725) is:
       Lower   1911>-0.025   1939<-0.021   1915<-0.015   1935>-0.011   2003>-0.008   1912>-0.008  Higher   2002 0.018   1968 0.012

 [E] Outliers     1   3.0 SD above or -4.5 SD below mean for year
       1911 +3.2 SD
====================================================================================================================================

 GUMO1H7S  1961 to  2015      55 years                                                                                    Series   4

 [B] Entire series, effect on correlation ( 0.869) is:
       Lower   1969>-0.014   1961<-0.010   2010>-0.009   1968<-0.007   1982<-0.005   1973<-0.005  Higher   1988 0.007   2002 0.006

====================================================================================================================================

 GUMO1L7U  1930 to  2015      86 years                                                                                    Series   5

 [B] Entire series, effect on correlation ( 0.598) is:
       Lower   2011>-0.035   1942<-0.015   1957>-0.014   1943<-0.012   1936<-0.011   1935>-0.010  Higher   1968 0.031   1988 0.020

 [E] Outliers     2   3.0 SD above or -4.5 SD below mean for year
       1941 +3.1 SD;    2011 +3.5 SD
====================================================================================================================================

 GUMO1H1S  1940 to  2015      76 years                                                                                    Series   6

 [B] Entire series, effect on correlation ( 0.761) is:
       Lower   1952>-0.045   2012>-0.023   1991<-0.018   1976<-0.009   1954>-0.008   1950<-0.007  Higher   1968 0.017   2002 0.017

 [E] Outliers     1   3.0 SD above or -4.5 SD below mean for year
       1952 +3.5 SD
====================================================================================================================================

 GUMO2H3S  1923 to  2015      93 years                                                                                    Series   7

 [B] Entire series, effect on correlation ( 0.613) is:
       Lower   1940>-0.026   1925>-0.024   1942<-0.023   2010<-0.019   1938>-0.018   1923<-0.013  Higher   1968 0.024   1988 0.018

 [E] Outliers     3   3.0 SD above or -4.5 SD below mean for year
       1925 +3.7 SD;    1939 +3.0 SD;    1940 +3.4 SD
====================================================================================================================================

 GUMO2H5S  1886 to  2015     130 years                                                                                    Series   8

 [*] Early part of series cannot be checked from 1886 to 1891 -- not matched by another series

 [A] Segment   High   -10   -9   -8   -7   -6   -5   -4   -3   -2   -1    0   +1   +2   +3   +4   +5   +6   +7   +8   +9  +10
    ---------  ----   ---  ---  ---  ---  ---  ---  ---  ---  ---  ---  ---  ---  ---  ---  ---  ---  ---  ---  ---  ---  ---
    1892 1941    2      -    -    -    - -.29 -.13  .01 -.12  .13  .03  .09| .03  .31* .12 -.09 -.10 -.23 -.05  .02  .05  .07
    1900 1949    0   -.11 -.04  .05 -.07 -.39  .01  .00 -.07  .07  .06  .25* .10  .23  .05 -.08 -.06 -.08 -.03  .04 -.25 -.13

 [B] Entire series, effect on correlation ( 0.480) is:
       Lower   1894<-0.036   1907<-0.032   1903>-0.031   2015<-0.031   1892>-0.024   1901<-0.020  Higher   1968 0.017   2002 0.015
     1892 to 1941 segment:
       Lower   1894<-0.061   1903>-0.057   1907<-0.057   1892>-0.039   1913<-0.022   1910<-0.021  Higher   1905 0.037   1921 0.034
     1900 to 1949 segment:
       Lower   1903>-0.072   1907<-0.070   1901<-0.028   1913<-0.027   1910<-0.025   1923<-0.022  Higher   1942 0.035   1926 0.031

 [E] Outliers     3   3.0 SD above or -4.5 SD below mean for year
       1892 +4.1 SD;    1894 -4.5 SD;    1903 +4.4 SD
====================================================================================================================================

 GUMO1H1U  1904 to  2015     112 years                                                                                    Series   9

 [B] Entire series, effect on correlation ( 0.745) is:
       Lower   1913>-0.015   1907>-0.014   2006>-0.010   1988<-0.010   1976<-0.007   2010<-0.007  Higher   1968 0.014   2002 0.012

====================================================================================================================================

 GU1H9Se   1915 to  2015     101 years                                                                                    Series  10

 [A] Segment   High   -10   -9   -8   -7   -6   -5   -4   -3   -2   -1    0   +1   +2   +3   +4   +5   +6   +7   +8   +9  +10
    ---------  ----   ---  ---  ---  ---  ---  ---  ---  ---  ---  ---  ---  ---  ---  ---  ---  ---  ---  ---  ---  ---  ---
    1915 1964   -1   -.24 -.10 -.09 -.06  .26  .12  .23  .10  .08  .37* .30| .21 -.19 -.03 -.41 -.12 -.17 -.25  .02 -.08  .17

 [B] Entire series, effect on correlation ( 0.589) is:
       Lower   1939<-0.019   1941<-0.017   1942<-0.014   1928<-0.013   1944<-0.012   1934>-0.011  Higher   2015 0.012   1965 0.011
     1915 to 1964 segment:
       Lower   1939<-0.037   1941<-0.032   1928<-0.025   1942<-0.024   1934>-0.023   1944<-0.022  Higher   1922 0.037   1955 0.033

 [E] Outliers     1   3.0 SD above or -4.5 SD below mean for year
       1922 +3.8 SD
====================================================================================================================================

 GU1H9Ue   1937 to  2015      79 years                                                                                    Series  11

 [B] Entire series, effect on correlation ( 0.590) is:
       Lower   1942<-0.030   1946>-0.030   2007<-0.021   1951>-0.013   1970<-0.012   1941<-0.011  Higher   2015 0.018   2002 0.018

 [E] Outliers     1   3.0 SD above or -4.5 SD below mean for year
       1946 +3.7 SD
====================================================================================================================================

 GU2H5Ue   1892 to  2015     124 years                                                                                    Series  12

 [A] Segment   High   -10   -9   -8   -7   -6   -5   -4   -3   -2   -1    0   +1   +2   +3   +4   +5   +6   +7   +8   +9  +10
    ---------  ----   ---  ---  ---  ---  ---  ---  ---  ---  ---  ---  ---  ---  ---  ---  ---  ---  ---  ---  ---  ---  ---
    1892 1941    0      -    -    -    - -.28 -.01 -.01  .02  .25 -.14  .33* .05  .07  .02 -.06 -.17 -.12 -.17  .04 -.04 -.15

 [B] Entire series, effect on correlation ( 0.615) is:
       Lower   1894>-0.039   1903<-0.037   1892<-0.037   1901>-0.016   1898<-0.014   1951>-0.010  Higher   1968 0.016   1988 0.011
     1892 to 1941 segment:
       Lower   1894>-0.086   1903<-0.079   1892<-0.070   1898<-0.026   1901>-0.021   1900>-0.018  Higher   1921 0.035   1940 0.032

 [E] Outliers     2   3.0 SD above or -4.5 SD below mean for year
       1894 +4.5 SD;    1901 +4.1 SD
====================================================================================================================================

 GU2H7Se   1929 to  2015      87 years                                                                                    Series  13

 [B] Entire series, effect on correlation ( 0.822) is:
       Lower   1970<-0.029   1964>-0.012   1935<-0.009   1950<-0.006   1953>-0.005   1965>-0.005  Higher   1968 0.011   2002 0.011

====================================================================================================================================

 GU2H7Ue   1935 to  2015      81 years                                                                                    Series  14

 [B] Entire series, effect on correlation ( 0.726) is:
       Lower   1970<-0.045   1950<-0.028   1955>-0.010   1949<-0.010   1948<-0.009   2008>-0.008  Higher   2002 0.018   2015 0.014

====================================================================================================================================
PART 7:  DESCRIPTIVE STATISTICS:                                                                   12:35  Tue 11 Aug 2020  Page   6
------------------------------------------------------------------------------------------------------------------------------------

                                                Corr   //-------- Unfiltered --------\\  //---- Filtered -----\\
                           No.    No.    No.    with   Mean   Max     Std   Auto   Mean   Max     Std   Auto  AR
 Seq Series   Interval   Years  Segmt  Flags   Master  msmt   msmt    dev   corr   sens  value    dev   corr  ()
 --- -------- ---------  -----  -----  -----   ------ -----  -----  -----  -----  -----  -----  -----  -----  --
   1 GUMO1H3S 1918 2015     98      4      0   0.609   0.65   1.59  0.342  0.464  0.403   1.76  0.521  0.008   1
   2 GUMO1H3U 1925 2015     91      3      0   0.674   0.85   1.97  0.399  0.283  0.509   1.35  0.523  0.001   1
   3 GUMO1H5U 1910 2015    106      4      0   0.725   0.56   1.71  0.259  0.415  0.370   1.10  0.446  0.001   1
   4 GUMO1H7S 1961 2015     55      2      0   0.869   0.90   2.20  0.463  0.301  0.467   1.08  0.474  0.004   1
   5 GUMO1L7U 1930 2015     86      3      0   0.598   1.13   3.95  0.711  0.417  0.490   1.55  0.570  0.000   1
   6 GUMO1H1S 1940 2015     76      3      0   0.761   1.12   3.82  0.720  0.497  0.476   1.52  0.575 -0.025   1
   7 GUMO2H3S 1923 2015     93      4      0   0.613   0.70   2.06  0.416  0.423  0.509   1.26  0.546  0.002   2
   8 GUMO2H5S 1886 2015    130      5      2   0.480   1.30   3.11  0.631  0.297  0.461   1.23  0.501 -0.004   1
   9 GUMO1H1U 1904 2015    112      4      0   0.745   1.56   4.46  0.996  0.708  0.404   1.29  0.467 -0.007   1
  10 GU1H9Se  1915 2015    101      4      1   0.589   1.30   3.23  0.782  0.507  0.437   1.81  0.530 -0.001   1
  11 GU1H9Ue  1937 2015     79      3      0   0.590   1.24   3.21  0.648  0.395  0.445   1.10  0.482  0.007   1
  12 GU2H5Ue  1892 2015    124      5      1   0.615   1.36   3.69  0.648  0.261  0.441   1.26  0.469  0.008   1
  13 GU2H7Se  1929 2015     87      3      0   0.822   1.11   2.97  0.629  0.340  0.514   1.08  0.491 -0.002   1
  14 GU2H7Ue  1935 2015     81      3      0   0.726   0.98   2.94  0.537  0.317  0.443   1.11  0.474  0.009   1
 --- -------- ---------  -----  -----  -----   ------ -----  -----  -----  -----  -----  -----  -----  -----  --
 Total or mean:           1319     50      4   0.661   1.07   4.46  0.591  0.404  0.452   1.81  0.503  0.000

                                              - = [  COFECHA GUMO COF  ] = -
