[]  Dendrochronology Program Library                                        Run SACV3  Program COF  11:51  Fri 26 Jun 2020  Page   1
[]
[]  P R O G R A M      C O F E C H A                                                                          Version 6.06P    31225
------------------------------------------------------------------------------------------------------------------------------------

 QUALITY CONTROL AND DATING CHECK OF TREE-RING MEASUREMENTS                                                   COF12K.for

 Title of run:           SAC edits to 2 last cores               

 File of DATED series:   SAC_done_V2.txt

 File of UNDATED series: SAC3L7U_missing_edits_EDRM

 CONTENTS:

    Part 1:  Title page, options selected, summary, absent rings by series
    Part 2:  Histogram of time spans
    Part 3:  Master series with sample depth and absent rings by year
    Part 4:  Bar plot of Master Dating Series
    Part 5:  Correlation by segment of each series with Master
    Part 6:  Potential problems: low correlation, divergent year-to-year changes, absent rings, outliers
    Part 7:  Descriptive statistics
    Part 8:  Undated series - adjustments for highest correlations

 RUN CONTROL OPTIONS SELECTED                             VALUE

         1  Cubic smoothing spline 50% wavelength cutoff for filtering
                                                            32 years
         2  Segments examined are                           50 years lagged successively by  25 years
         3  Autoregressive model applied                     A  Residuals are used in master dating series and testing
         4  Series not transformed to logarithms             N
         5  CORRELATION is Pearson (parametric, quantitative)
            Critical correlation, 99% confidence level  0.3281
         6  Master dating series saved                       N
         7  Ring measurements listed                         N
         8  Parts printed                             12345678 
         9  Absent rings are omitted from master series and segment correlations  (Y)

 Time span of Master dating series is  1900 to  2015   116 years
 Continuous time span is               1900 to  2015   116 years
 Portion with two or more series is    1913 to  2015   103 years


                                        ****************************************
                                        *C* Number of dated series        18 *C*
                                        *O* Master series 1900 2015  116 yrs *O*
                                        *F* Total rings in all series   1114 *F*
                                        *E* Total dated rings checked   1101 *E*
                                        *C* Series intercorrelation    0.670 *C*
                                        *H* Average mean sensitivity   0.298 *H*
                                        *A* Segments, possible problems    1 *A*
                                        *** Mean length of series       61.0 ***
                                        ****************************************

 ABSENT RINGS listed by SERIES:            (See Master Dating Series for absent rings listed by year)

               No ring measurements of zero value
PART 2:  TIME PLOT OF TREE-RING SERIES: SAC edits to 2 last cores                                  11:51  Fri 26 Jun 2020  Page   2
------------------------------------------------------------------------------------------------------------------------------------
 1050 1100 1150 1200 1250 1300 1350 1400 1450 1500 1550 1600 1650 1700 1750 1800 1850 1900 1950 2000 2050 Ident   Seq Time-span  Yrs
   :    :    :    :    :    :    :    :    :    :    :    :    :    :    :    :    :    :    :    :    : -------- --- ---- ---- ----
   .    .    .    .    .    .    .    .    .    .    .    .    .    .    .    .    .    .    .  <==>   . SAC3H3S    1 1984 2015   32
   .    .    .    .    .    .    .    .    .    .    .    .    .    .    .    .    .    .    .  <==>   . SAC3H3U    2 1987 2015   29
   .    .    .    .    .    .    .    .    .    .    .    .    .    .    .    .    .    .    <=====>   . SAC3L3S    3 1956 2015   60
   .    .    .    .    .    .    .    .    .    .    .    .    .    .    .    .    .    .   <======>   . SAC3L3U    4 1949 2015   67
   .    .    .    .    .    .    .    .    .    .    .    .    .    .    .    .    .    .    .  <==>   . SAC3H1S    5 1986 2015   30
   .    .    .    .    .    .    .    .    .    .    .    .    .    .    .    .    .    .    .  <==>   . SAC3H1U    6 1985 2015   31
   .    .    .    .    .    .    .    .    .    .    .    .    .    .    .    .    .    .    .  <==>   . SAC3H5S    7 1985 2015   31
   .    .    .    .    .    .    .    .    .    .    .    .    .    .    .    .    .    .    . <===>   . SAC3H5U    8 1973 2015   43
   .    .    .    .    .    .    .    .    .    .    .    .    .    .    .    .    .    .    .   <=>   . SAC3H7S    9 1998 2015   18
   .    .    .    .    .    .    .    .    .    .    .    .    .    .    .    .    .    .<=========>   . SAC3H9S   10 1913 2015  103
   .    .    .    .    .    .    .    .    .    .    .    .    .    .    .    .    .    .  <=======>   . SAC3H9U   11 1933 2015   83
   .    .    .    .    .    .    .    .    .    .    .    .    .    .    .    .    .    <==========>   . SAC3L1S   12 1900 2015  116
   .    .    .    .    .    .    .    .    .    .    .    .    .    .    .    .    .    . <========>   . SAC4H1S   13 1929 2015   87
   .    .    .    .    .    .    .    .    .    .    .    .    .    .    .    .    .    .   <======>   . SAC3L5S   14 1944 2015   72
   .    .    .    .    .    .    .    .    .    .    .    .    .    .    .    .    .    .  <=======>   . SAC4H5S   15 1934 2015   82
   .    .    .    .    .    .    .    .    .    .    .    .    .    .    .    .    .    .   <======>   . SAC4H5U   16 1942 2015   74
   .    .    .    .    .    .    .    .    .    .    .    .    .    .    .    .    .    .    <=====>   . SAC3L9S   17 1956 2015   60
   .    .    .    .    .    .    .    .    .    .    .    .    .    .    .    .    .    . <========>   . SAC4H1U   18 1920 2015   96
   :    :    :    :    :    :    :    :    :    :    :    :    :    :    :    :    :    :    :    :    :
 1050 1100 1150 1200 1250 1300 1350 1400 1450 1500 1550 1600 1650 1700 1750 1800 1850 1900 1950 2000 2050
   :    :    :    :    :    :    :    :    :    :    :    :    :    :    :    :    :    :    :    :    :
 1050 1100 1150 1200 1250 1300 1350 1400 1450 1500 1550 1600 1650 1700 1750 1800 1850 1900 1950 2000 2050
PART 3:  Master Dating Series: SAC edits to 2 last cores                                           11:51  Fri 26 Jun 2020  Page   3
------------------------------------------------------------------------------------------------------------------------------------
  Year  Value  No Ab    Year  Value  No Ab    Year  Value  No Ab    Year  Value  No Ab    Year  Value  No Ab    Year  Value  No Ab
  ------------------    ------------------    ------------------    ------------------    ------------------    ------------------
  1900  1.373   1       1950  0.467   9       2000 -0.173  18
  1901  1.635   1       1951 -0.477   9       2001  0.007  18
  1902  0.186   1       1952  1.535   9       2002 -1.578  18
  1903 -0.754   1       1953  0.329   9       2003 -0.765  18
  1904 -1.201   1       1954 -2.538   9       2004 -0.577  18
  1905  0.144   1       1955  0.161   9       2005 -0.771  18
  1906 -1.977   1       1956 -1.887  11       2006 -1.170  18
  1907 -1.620   1       1957 -0.087  11       2007  1.011  18
  1908 -0.977   1       1958  1.361  11       2008 -0.604  18
  1909 -0.568   1       1959  0.363  11       2009  0.862  18

  1910 -0.879   1       1960  1.110  11       2010  0.413  18
  1911  1.738   1       1961  0.354  11       2011 -1.219  18
  1912  0.751   1       1962 -0.015  11       2012 -0.001  18
  1913 -0.182   2       1963 -0.671  11       2013 -0.321  18
  1914  1.189   2       1964 -0.227  11       2014  0.171  18
  1915 -0.601   2       1965  0.612  11       2015  1.355  18
  1916 -0.565   2       1966  0.592  11
  1917  1.351   2       1967 -0.190  11
  1918  0.866   2       1968  0.546  11
  1919  1.951   2       1969  0.314  11

  1920  1.243   3       1970  0.064  11
  1921 -0.397   3       1971 -1.573  11
  1922 -1.312   3       1972 -0.286  11
  1923  0.162   3       1973 -0.113  12
  1924  0.312   3       1974 -2.185  12
  1925 -2.052   3       1975  0.280  12
  1926  0.761   3       1976  0.336  12
  1927 -0.555   3       1977 -0.644  12
  1928 -0.929   3       1978 -0.787  12
  1929 -0.730   4       1979  0.958  12

  1930 -0.549   4       1980 -0.759  12
  1931 -0.670   4       1981  1.626  12
  1932  1.062   4       1982  0.800  12
  1933  0.852   5       1983  0.026  12
  1934 -2.324   6       1984  1.013  13
  1935  0.070   6       1985 -0.098  15
  1936  1.476   6       1986  1.297  16
  1937  0.369   6       1987 -0.722  17
  1938  0.609   6       1988  0.555  17
  1939 -0.243   6       1989 -1.921  17

  1940  1.227   6       1990 -0.378  17
  1941  0.978   6       1991  0.066  17
  1942 -0.960   7       1992  0.448  17
  1943  1.398   7       1993  0.275  17
  1944 -1.002   8       1994 -0.048  17
  1945 -1.468   8       1995 -0.073  17
  1946 -0.301   8       1996 -0.741  17
  1947 -0.465   8       1997  1.560  17
  1948  0.979   8       1998  0.646  18
  1949  0.627   9       1999  2.057  18
------------------------------------------------------------------------------------------------------------------------------------
PART 4:  Master Bar Plot: SAC edits to 2 last cores                                                11:51  Fri 26 Jun 2020  Page   4
------------------------------------------------------------------------------------------------------------------------------------
   Year Rel value  Year Rel value  Year Rel value  Year Rel value  Year Rel value  Year Rel value  Year Rel value  Year Rel value
   1900---------E  1950-------B    2000----a
   1901----------G 1951---b        2001-----@
   1902------A     1952----------F 2002f
   1903--c         1953------A     2003--c
   1904-e          1954j           2004---b
   1905-----A      1955-----A      2005--c
   1906h           1956h           2006-e
   1907f           1957----@       2007--------D
   1908-d          1958---------E  2008---b
   1909---b        1959------A     2009--------C
   1910-d          1960---------D  2010------B
   1911----------G 1961------A     2011-e
   1912--------C   1962-----@      2012-----@
   1913----a       1963--c         2013----a
   1914---------E  1964----a       2014------A
   1915---b        1965-------B    2015---------E
   1916---b        1966-------B
   1917---------E  1967----a
   1918--------C   1968-------B
   1919----------H 1969------A
   1920---------E  1970-----@
   1921---b        1971f
   1922-e          1972----a
   1923-----A      1973----@
   1924------A     1974i
   1925h           1975------A
   1926--------C   1976------A
   1927---b        1977--c
   1928-d          1978--c
   1929--c         1979--------D
   1930---b        1980--c
   1931--c         1981----------G
   1932---------D  1982--------C
   1933--------C   1983-----@
   1934i           1984--------D
   1935-----@      1985----@
   1936----------F 1986---------E
   1937------A     1987--c
   1938-------B    1988-------B
   1939----a       1989h
   1940---------E  1990---b
   1941--------D   1991-----@
   1942-d          1992-------B
   1943---------F  1993------A
   1944-d          1994-----@
   1945f           1995-----@
   1946----a       1996--c
   1947---b        1997----------F
   1948--------D   1998-------C
   1949-------C    1999----------H
PART 5:  CORRELATION OF SERIES BY SEGMENTS: SAC edits to 2 last cores                              11:51  Fri 26 Jun 2020  Page   5
------------------------------------------------------------------------------------------------------------------------------------
 Correlations of  50-year dated segments, lagged  25 years
 Flags:  A = correlation under  0.3281 but highest as dated;  B = correlation higher at other than dated position

 Seq Series  Time_span   1900 1925 1950 1975
                         1949 1974 1999 2024
 --- -------- ---------  ---- ---- ---- ---- ---- ---- ---- ---- ---- ---- ---- ---- ---- ---- ---- ---- ---- ---- ---- ----
   1 SAC3H3S  1984 2015                  .76
   2 SAC3H3U  1987 2015                  .72
   3 SAC3L3S  1956 2015             .62  .66
   4 SAC3L3U  1949 2015        .73  .73  .73
   5 SAC3H1S  1986 2015                  .85
   6 SAC3H1U  1985 2015                  .75
   7 SAC3H5S  1985 2015                  .74
   8 SAC3H5U  1973 2015             .81
   9 SAC3H7S  1998 2015                  .72
  10 SAC3H9S  1913 2015   .66  .75  .78  .80
  11 SAC3H9U  1933 2015        .71  .69  .67
  12 SAC3L1S  1900 2015   .56  .57  .63  .55
  13 SAC4H1S  1929 2015        .75  .76  .54
  14 SAC3L5S  1944 2015        .45  .47  .30A
  15 SAC4H5S  1934 2015        .79  .76  .70
  16 SAC4H5U  1942 2015        .72  .70  .61
  17 SAC3L9S  1956 2015             .60  .56
  18 SAC4H1U  1920 2015   .68  .73  .71  .55
 Av segment correlation  0.63 0.69 0.69 0.66
PART 6:  POTENTIAL PROBLEMS: SAC edits to 2 last cores                                             11:51  Fri 26 Jun 2020  Page   5
------------------------------------------------------------------------------------------------------------------------------------

 For each series with potential problems the following diagnostics may appear:

 [A] Correlations with master dating series of flagged  50-year segments of series filtered with  32-year spline,
     at every point from ten years earlier (-10) to ten years later (+10) than dated

 [B] Effect of those data values which most lower or raise correlation with master series
     Symbol following year indicates value in series is greater (>) or lesser (<) than master series value

 [C] Year-to-year changes very different from the mean change in other series

 [D] Absent rings (zero values)

 [E] Values which are statistical outliers from mean for the year
====================================================================================================================================

 SAC3H3S   1984 to  2015      32 years                                                                                    Series   1

 [B] Entire series, effect on correlation ( 0.758) is:
       Lower   1986<-0.029   2007>-0.014   2009<-0.012   1992>-0.011   2002>-0.010   2012<-0.009  Higher   1989 0.033   1997 0.029

 [E] Outliers     1   3.0 SD above or -4.5 SD below mean for year
       2007 +3.6 SD
====================================================================================================================================

 SAC3H3U   1987 to  2015      29 years                                                                                    Series   2

 [B] Entire series, effect on correlation ( 0.722) is:
       Lower   1987>-0.024   2012<-0.022   1993<-0.017   2004>-0.013   1994<-0.012   2008>-0.012  Higher   1997 0.038   1999 0.025

====================================================================================================================================

 SAC3L3S   1956 to  2015      60 years                                                                                    Series   3

 [B] Entire series, effect on correlation ( 0.627) is:
       Lower   1999<-0.026   1985>-0.026   1959<-0.024   2007<-0.021   1968>-0.018   1979<-0.015  Higher   1974 0.038   1971 0.022

 [E] Outliers     3   3.0 SD above or -4.5 SD below mean for year
       1968 +3.4 SD;    1985 +3.7 SD;    1998 +3.1 SD
====================================================================================================================================

 SAC3L3U   1949 to  2015      67 years                                                                                    Series   4

 [B] Entire series, effect on correlation ( 0.747) is:
       Lower   1985>-0.019   1959<-0.012   1951>-0.011   1973>-0.010   1981<-0.010   1966<-0.009  Higher   1954 0.020   1974 0.018

====================================================================================================================================

 SAC3H1S   1986 to  2015      30 years                                                                                    Series   5

 [B] Entire series, effect on correlation ( 0.855) is:
       Lower   2007>-0.015   1996>-0.014   1995<-0.012   1994>-0.010   2014<-0.004   1990<-0.004  Higher   1989 0.027   2002 0.013

====================================================================================================================================

 SAC3H1U   1985 to  2015      31 years                                                                                    Series   6

 [B] Entire series, effect on correlation ( 0.746) is:
       Lower   1985<-0.047   1996>-0.023   2008>-0.014   1987>-0.010   2010<-0.007   2012<-0.007  Higher   1989 0.037   2002 0.023

====================================================================================================================================

 SAC3H5S   1985 to  2015      31 years                                                                                    Series   7

 [B] Entire series, effect on correlation ( 0.742) is:
       Lower   1988<-0.048   1997<-0.022   1994>-0.014   2012<-0.014   1991>-0.010   1990>-0.009  Higher   1989 0.045   1999 0.029

====================================================================================================================================

 SAC3H5U   1973 to  2015      43 years                                                                                    Series   8

 [B] Entire series, effect on correlation ( 0.809) is:
       Lower   1976<-0.023   2008>-0.014   1987>-0.012   1994>-0.011   1982<-0.009   2014>-0.009  Higher   1974 0.026   1989 0.023

====================================================================================================================================

 SAC3H7S   1998 to  2015      18 years                                                                                    Series   9

 [B] Entire series, effect on correlation ( 0.716) is:
       Lower   2010>-0.038   2001<-0.036   1998<-0.034   2002>-0.030   2014<-0.030   2012<-0.011  Higher   1999 0.109   2007 0.039

====================================================================================================================================

 SAC3H9S   1913 to  2015     103 years                                                                                    Series  10

 [B] Entire series, effect on correlation ( 0.706) is:
       Lower   1914<-0.022   1917>-0.013   1915>-0.013   1913<-0.012   1928>-0.009   1929>-0.008  Higher   1954 0.021   1934 0.019

 [E] Outliers     1   3.0 SD above or -4.5 SD below mean for year
       1917 +3.9 SD
====================================================================================================================================

 SAC3H9U   1933 to  2015      83 years                                                                                    Series  11

 [B] Entire series, effect on correlation ( 0.734) is:
       Lower   1975<-0.030   2014<-0.016   1977>-0.015   1994>-0.009   1946<-0.009   1950<-0.009  Higher   1934 0.020   1974 0.014

====================================================================================================================================

 SAC3L1S   1900 to  2015     116 years                                                                                    Series  12

 [*] Early part of series cannot be checked from 1900 to 1912 -- not matched by another series

 [B] Entire series, effect on correlation ( 0.541) is:
       Lower   1940<-0.032   2014>-0.019   1917<-0.017   1941<-0.016   1913>-0.012   1931>-0.012  Higher   1954 0.030   1934 0.022

 [E] Outliers     3   3.0 SD above or -4.5 SD below mean for year
       1914 +3.8 SD;    1975 +3.9 SD;    2014 +4.0 SD
====================================================================================================================================

 SAC4H1S   1929 to  2015      87 years                                                                                    Series  13

 [B] Entire series, effect on correlation ( 0.661) is:
       Lower   2007<-0.038   1972>-0.022   2004>-0.020   2005>-0.020   2009<-0.017   1948<-0.015  Higher   1934 0.019   1954 0.017

 [E] Outliers     3   3.0 SD above or -4.5 SD below mean for year
       1972 +3.9 SD;    2004 +3.2 SD;    2005 +3.3 SD
====================================================================================================================================

 SAC3L5S   1944 to  2015      72 years                                                                                    Series  14

 [A] Segment   High   -10   -9   -8   -7   -6   -5   -4   -3   -2   -1    0   +1   +2   +3   +4   +5   +6   +7   +8   +9  +10
    ---------  ----   ---  ---  ---  ---  ---  ---  ---  ---  ---  ---  ---  ---  ---  ---  ---  ---  ---  ---  ---  ---  ---
    1966 2015    0   -.10 -.04 -.20  .00 -.02  .11 -.13  .00  .15 -.33  .30*   -    -    -    -    -    -    -    -    -    -

 [B] Entire series, effect on correlation ( 0.445) is:
       Lower   1984<-0.031   1989>-0.024   1992<-0.024   2012>-0.021   2011>-0.014   1952<-0.010  Higher   1954 0.062   1997 0.030
     1966 to 2015 segment:
       Lower   1984<-0.040   1989>-0.031   1992<-0.029   2012>-0.024   2011>-0.020   1980>-0.014  Higher   1997 0.057   1986 0.042

 [E] Outliers     3   3.0 SD above or -4.5 SD below mean for year
       1967 +3.0 SD;    2012 +3.5 SD;    2013 +3.2 SD
====================================================================================================================================

 SAC4H5S   1934 to  2015      82 years                                                                                    Series  15

 [B] Entire series, effect on correlation ( 0.738) is:
       Lower   1976>-0.020   2015<-0.020   2000>-0.011   1968<-0.010   1997<-0.009   1935<-0.008  Higher   1974 0.014   1999 0.013

 [E] Outliers     1   3.0 SD above or -4.5 SD below mean for year
       1976 +3.3 SD
====================================================================================================================================

 SAC4H5U   1942 to  2015      74 years                                                                                    Series  16

 [B] Entire series, effect on correlation ( 0.681) is:
       Lower   1966>-0.021   1973<-0.017   2000>-0.016   2010>-0.016   1976>-0.015   2015<-0.013  Higher   1999 0.019   1974 0.018

 [E] Outliers     3   3.0 SD above or -4.5 SD below mean for year
       1966 +3.9 SD;    1976 +3.0 SD;    2010 +3.4 SD
====================================================================================================================================

 SAC3L9S   1956 to  2015      60 years                                                                                    Series  17

 [B] Entire series, effect on correlation ( 0.569) is:
       Lower   1971>-0.030   1982>-0.026   2009<-0.020   1959<-0.016   2012>-0.014   1967>-0.013  Higher   1974 0.032   1981 0.031

 [E] Outliers     1   3.0 SD above or -4.5 SD below mean for year
       1982 +4.4 SD
====================================================================================================================================

 SAC4H1U   1920 to  2015      96 years                                                                                    Series  18

 [B] Entire series, effect on correlation ( 0.637) is:
       Lower   2009<-0.022   2007<-0.020   1932<-0.010   1924>-0.009   1959>-0.009   1992<-0.008  Higher   1954 0.015   1997 0.014

 [E] Outliers     1   3.0 SD above or -4.5 SD below mean for year
       1935 +3.0 SD
====================================================================================================================================
PART 7:  DESCRIPTIVE STATISTICS: SAC edits to 2 last cores                                         11:51  Fri 26 Jun 2020  Page   6
------------------------------------------------------------------------------------------------------------------------------------

                                                Corr   //-------- Unfiltered --------\\  //---- Filtered -----\\
                           No.    No.    No.    with   Mean   Max     Std   Auto   Mean   Max     Std   Auto  AR
 Seq Series   Interval   Years  Segmt  Flags   Master  msmt   msmt    dev   corr   sens  value    dev   corr  ()
 --- -------- ---------  -----  -----  -----   ------ -----  -----  -----  -----  -----  -----  -----  -----  --
   1 SAC3H3S  1984 2015     32      1      0   0.758   3.01   4.60  0.666 -0.139  0.254   0.75  0.275 -0.002   1
   2 SAC3H3U  1987 2015     29      1      0   0.722   3.38   5.45  0.740 -0.082  0.239   0.48  0.232 -0.037   1
   3 SAC3L3S  1956 2015     60      2      0   0.627   1.63   5.13  1.081  0.879  0.261   0.75  0.349  0.022   1
   4 SAC3L3U  1949 2015     67      3      0   0.747   1.71   5.65  1.251  0.866  0.314   0.83  0.346  0.013   1
   5 SAC3H1S  1986 2015     30      1      0   0.855   2.33   3.94  1.007  0.439  0.353   1.17  0.476 -0.009   1
   6 SAC3H1U  1985 2015     31      1      0   0.746   2.96   4.81  1.061  0.366  0.302   0.87  0.409 -0.023   1
   7 SAC3H5S  1985 2015     31      1      0   0.742   3.69   5.46  1.142  0.343  0.300   0.70  0.326  0.002   1
   8 SAC3H5U  1973 2015     43      1      0   0.809   3.89   6.30  1.269  0.563  0.225   0.55  0.285 -0.037   1
   9 SAC3H7S  1998 2015     18      1      0   0.716   3.79   5.93  0.949  0.198  0.211   0.43  0.197 -0.106   1
  10 SAC3H9S  1913 2015    103      4      0   0.706   1.61   3.48  0.650  0.603  0.299   0.77  0.344 -0.015   1
  11 SAC3H9U  1933 2015     83      3      0   0.734   1.73   3.20  0.612  0.444  0.315   0.69  0.332 -0.010   1
  12 SAC3L1S  1900 2015    116      4      0   0.541   1.75   3.45  0.754  0.691  0.247   0.80  0.300  0.011   1
  13 SAC4H1S  1929 2015     87      3      0   0.661   3.01   7.08  1.571  0.612  0.365   0.73  0.379 -0.001   1
  14 SAC3L5S  1944 2015     72      3      1   0.445   2.40   5.39  1.572  0.944  0.194   0.56  0.244 -0.015   1
  15 SAC4H5S  1934 2015     82      3      0   0.738   1.58   3.58  0.546  0.211  0.359   1.00  0.365  0.000   1
  16 SAC4H5U  1942 2015     74      3      0   0.681   1.47   3.02  0.583  0.403  0.375   1.00  0.397 -0.004   1
  17 SAC3L9S  1956 2015     60      2      0   0.569   1.56   4.54  0.990  0.872  0.223   0.82  0.314 -0.029   1
  18 SAC4H1U  1920 2015     96      4      0   0.637   2.90   6.99  1.356  0.566  0.375   1.23  0.438  0.002   1
 --- -------- ---------  -----  -----  -----   ------ -----  -----  -----  -----  -----  -----  -----  -----  --
 Total or mean:           1114     41      1   0.670   2.22   7.08  0.982  0.557  0.298   1.23  0.342 -0.007
PART 8:  ADJUSTMENTS FOR UNDATED SERIES: SAC edits to 2 last cores                                 11:51  Fri 26 Jun 2020  Page   7
------------------------------------------------------------------------------------------------------------------------------------

 Time span  1900  2015   116 years, best matches for  50-year segments lagged  25 years
 Listed in order from highest correlation

           Counted       Corr      Corr      Corr      Corr      Corr      Corr      Corr      Corr      Corr      Corr      Corr
 Series    Segment   Add  # 1  Add  # 2  Add  # 3  Add  # 4  Add  # 5  Add  # 6  Add  # 7  Add  # 8  Add  # 9  Add  #10  Add  #11
 -------- ---------  --------  --------  --------  --------  --------  --------  --------  --------  --------  --------  --------
 SAC3L7U  1946 1995    -3 .39   -46 .29   -21 .28    12 .25   -29 .24   -36 .22   -27 .20   -23 .18     3 .17    16 .16    10 .15
 SAC3L7U  1966 2015    -3 .54   -36 .32   -29 .30   -21 .30   -10 .29   -12 .26   -52 .18   -46 .16   -45 .14   -32 .13   -65 .12
===================  ========  ========  ========  ========  ========  ========  ========  ========  ========  ========  ========
           Counted       Corr      Corr      Corr      Corr      Corr      Corr      Corr      Corr      Corr      Corr      Corr
 Series    Segment   Add  # 1  Add  # 2  Add  # 3  Add  # 4  Add  # 5  Add  # 6  Add  # 7  Add  # 8  Add  # 9  Add  #10  Add  #11
 -------- ---------  --------  --------  --------  --------  --------  --------  --------  --------  --------  --------  --------
 SAC3L9U  1958 2007    -4 .53   -22 .27   -19 .25    -2 .22   -10 .21   -42 .20   -45 .18   -21 .15   -50 .15   -35 .13   -13 .13
 SAC3L9U  1966 2015  Lag from prior segment   8 years; insufficient
===================  ========  ========  ========  ========  ========  ========  ========  ========  ========  ========  ========
        2 undated series

                                              - = [  COFECHA SACV3COF  ] = -
