[]  Dendrochronology Program Library                                        Run GILA   Program COF  11:18  Fri 07 Aug 2020  Page   1
[]
[]  P R O G R A M      C O F E C H A                                                                          Version 6.06P    31267
------------------------------------------------------------------------------------------------------------------------------------

 QUALITY CONTROL AND DATING CHECK OF TREE-RING MEASUREMENTS                                                   COF12K.for

 File of DATED series:   GILA_A_trimmed_V2.txt

 CONTENTS:

    Part 1:  Title page, options selected, summary, absent rings by series
    Part 2:  Histogram of time spans
    Part 3:  Master series with sample depth and absent rings by year
    Part 4:  Bar plot of Master Dating Series
    Part 5:  Correlation by segment of each series with Master
    Part 6:  Potential problems: low correlation, divergent year-to-year changes, absent rings, outliers
    Part 7:  Descriptive statistics

 RUN CONTROL OPTIONS SELECTED                             VALUE

         1  Cubic smoothing spline 50% wavelength cutoff for filtering
                                                            32 years
         2  Segments examined are                           50 years lagged successively by  25 years
         3  Autoregressive model applied                     A  Residuals are used in master dating series and testing
         4  Series not transformed to logarithms             N
         5  CORRELATION is Pearson (parametric, quantitative)
            Critical correlation, 99% confidence level  0.3281
         6  Master dating series saved                       N
         7  Ring measurements listed                         N
         8  Parts printed                              1234567 
         9  Absent rings are omitted from master series and segment correlations  (Y)

 Time span of Master dating series is  1927 to  2015    89 years
 Continuous time span is               1927 to  2015    89 years
 Portion with two or more series is    1927 to  2015    89 years


                                        ****************************************
                                        *C* Number of dated series        15 *C*
                                        *O* Master series 1927 2015   89 yrs *O*
                                        *F* Total rings in all series    965 *F*
                                        *E* Total dated rings checked    965 *E*
                                        *C* Series intercorrelation    0.613 *C*
                                        *H* Average mean sensitivity   0.364 *H*
                                        *A* Segments, possible problems    0 *A*
                                        *** Mean length of series       64.0 ***
                                        ****************************************

 ABSENT RINGS listed by SERIES:            (See Master Dating Series for absent rings listed by year)

               No ring measurements of zero value
PART 2:  TIME PLOT OF TREE-RING SERIES:                                                            11:18  Fri 07 Aug 2020  Page   2
------------------------------------------------------------------------------------------------------------------------------------
 1050 1100 1150 1200 1250 1300 1350 1400 1450 1500 1550 1600 1650 1700 1750 1800 1850 1900 1950 2000 2050 Ident   Seq Time-span  Yrs
   :    :    :    :    :    :    :    :    :    :    :    :    :    :    :    :    :    :    :    :    : -------- --- ---- ---- ----
   .    .    .    .    .    .    .    .    .    .    .    .    .    .    .    .    .    .  <=======>   . GILA2H1S   1 1934 2015   82
   .    .    .    .    .    .    .    .    .    .    .    .    .    .    .    .    .    . <========>   . GILA2H1U   2 1927 2015   89
   .    .    .    .    .    .    .    .    .    .    .    .    .    .    .    .    .    .    <=====>   . GILA2H3S   3 1951 2015   65
   .    .    .    .    .    .    .    .    .    .    .    .    .    .    .    .    .    .    <=====>   . GILA2H5S   4 1950 2015   66
   .    .    .    .    .    .    .    .    .    .    .    .    .    .    .    .    .    .    <=====>   . GILA2H5U   5 1959 2015   57
   .    .    .    .    .    .    .    .    .    .    .    .    .    .    .    .    .    .    .<====>   . GILA5H5S   6 1962 2015   54
   .    .    .    .    .    .    .    .    .    .    .    .    .    .    .    .    .    .    <=====>   . GILA5H5U   7 1959 2015   57
   .    .    .    .    .    .    .    .    .    .    .    .    .    .    .    .    .    . <========>   . GILA2L3U   8 1927 2015   89
   .    .    .    .    .    .    .    .    .    .    .    .    .    .    .    .    .    .    . <===>   . GILA2L5S   9 1978 2015   38
   .    .    .    .    .    .    .    .    .    .    .    .    .    .    .    .    .    .    .  <==>   . GILA2L5U  10 1982 2015   34
   .    .    .    .    .    .    .    .    .    .    .    .    .    .    .    .    .    .   <======>   . GILA2L7S  11 1941 2012   72
   .    .    .    .    .    .    .    .    .    .    .    .    .    .    .    .    .    .    .<====>   . GILA4H3U  12 1960 2015   56
   .    .    .    .    .    .    .    .    .    .    .    .    .    .    .    .    .    .  <=======>   . GILA5H1S  13 1934 2015   82
   .    .    .    .    .    .    .    .    .    .    .    .    .    .    .    .    .    .  <=======>   . GILA5H1U  14 1932 2015   84
   .    .    .    .    .    .    .    .    .    .    .    .    .    .    .    .    .    .    . <===>   . GILA5H7U  15 1976 2015   40
   :    :    :    :    :    :    :    :    :    :    :    :    :    :    :    :    :    :    :    :    :
 1050 1100 1150 1200 1250 1300 1350 1400 1450 1500 1550 1600 1650 1700 1750 1800 1850 1900 1950 2000 2050
PART 3:  Master Dating Series:                                                                     11:18  Fri 07 Aug 2020  Page   3
------------------------------------------------------------------------------------------------------------------------------------
  Year  Value  No Ab    Year  Value  No Ab    Year  Value  No Ab    Year  Value  No Ab    Year  Value  No Ab    Year  Value  No Ab
  ------------------    ------------------    ------------------    ------------------    ------------------    ------------------
                        1950  1.376   7       2000 -0.382  15
                        1951 -0.996   8       2001  0.343  15
                        1952 -1.061   8       2002 -1.920  15
                        1953 -0.380   8       2003 -0.279  15
                        1954 -0.743   8       2004 -0.201  15
                        1955 -1.031   8       2005 -0.248  15
                        1956 -0.971   8       2006 -1.831  15
                        1957 -0.192   8       2007  1.798  15
                        1958  0.622   8       2008  0.951  15
                        1959  0.158  10       2009  0.648  15

                        1960 -0.075  11       2010  1.214  15
                        1961 -0.679  11       2011 -1.369  15
                        1962  1.278  12       2012  0.164  15
                        1963  1.164  12       2013 -0.884  14
                        1964 -0.088  12       2014 -1.002  14
                        1965  0.776  12       2015  1.555  14
                        1966  0.797  12
                        1967 -0.137  12
                        1968  0.817  12
                        1969  0.424  12

                        1970  0.615  12
                        1971 -2.024  12
                        1972  0.023  12
                        1973  0.039  12
                        1974 -2.129  12
                        1975  0.747  12
                        1976  0.089  13
  1927 -1.778   2       1977  0.144  13
  1928 -0.443   2       1978 -0.689  14
  1929  0.583   2       1979  1.204  14

  1930  0.646   2       1980 -0.860  14
  1931  3.531   2       1981 -0.556  14
  1932 -0.222   3       1982 -0.946  15
  1933 -0.685   3       1983 -0.096  15
  1934 -0.055   5       1984 -0.355  15
  1935 -1.221   5       1985  0.635  15
  1936 -0.317   5       1986  1.830  15
  1937  0.308   5       1987  0.720  15
  1938  0.458   5       1988  1.323  15
  1939  0.471   5       1989 -0.383  15

  1940  0.038   5       1990 -1.272  15
  1941  1.506   6       1991  0.336  15
  1942  1.463   6       1992  1.367  15
  1943 -0.164   6       1993  0.088  15
  1944 -0.300   6       1994 -1.243  15
  1945 -0.912   6       1995 -0.433  15
  1946  0.167   6       1996 -1.945  15
  1947 -0.112   6       1997 -0.003  15
  1948 -0.765   6       1998  0.786  15
  1949 -0.201   6       1999  1.378  15
------------------------------------------------------------------------------------------------------------------------------------
PART 4:  Master Bar Plot:                                                                          11:18  Fri 07 Aug 2020  Page   4
------------------------------------------------------------------------------------------------------------------------------------
   Year Rel value  Year Rel value  Year Rel value  Year Rel value  Year Rel value  Year Rel value  Year Rel value  Year Rel value
                   1950---------F  2000---b
                   1951-d          2001-------A
                   1952-d          2002h
                   1953---b        2003----a
                   1954--c         2004----a
                   1955-d          2005----a
                   1956-d          2006g
                   1957----a       2007----------G
                   1958--------B   2008--------D
                   1959------A     2009--------C
                   1960-----@      2010---------E
                   1961--c         2011-e
                   1962---------E  2012------A
                   1963---------E  2013-d
                   1964-----@      2014-d
                   1965--------C   2015----------F
                   1966--------C
                   1967-----a
                   1968--------C
                   1969-------B
                   1970--------B
                   1971h
                   1972-----@
                   1973-----@
                   1974i
                   1975--------C
                   1976------@
   1927g           1977------A
   1928---b        1978--c
   1929-------B    1979---------E
   1930--------C   1980--c
   1931----------N 1981---b
   1932----a       1982-d
   1933--c         1983-----@
   1934-----@      1984---a
   1935-e          1985--------C
   1936---a        1986----------G
   1937------A     1987--------C
   1938-------B    1988---------E
   1939-------B    1989---b
   1940-----@      1990-e
   1941----------F 1991-------A
   1942----------F 1992---------E
   1943----a       1993------@
   1944---a        1994-e
   1945-d          1995---b
   1946------A     1996h
   1947-----@      1997-----@
   1948--c         1998--------C
   1949----a       1999---------F
PART 5:  CORRELATION OF SERIES BY SEGMENTS:                                                        11:18  Fri 07 Aug 2020  Page   5
------------------------------------------------------------------------------------------------------------------------------------
 Correlations of  50-year dated segments, lagged  25 years
 Flags:  A = correlation under  0.3281 but highest as dated;  B = correlation higher at other than dated position

 Seq Series  Time_span   1925 1950 1975
                         1974 1999 2024
 --- -------- ---------  ---- ---- ---- ---- ---- ---- ---- ---- ---- ---- ---- ---- ---- ---- ---- ---- ---- ---- ---- ----
   1 GILA2H1S 1934 2015   .46  .63  .76
   2 GILA2H1U 1927 2015   .63  .73  .75
   3 GILA2H3S 1951 2015        .43  .59
   4 GILA2H5S 1950 2015        .66  .78
   5 GILA2H5U 1959 2015        .78  .82
   6 GILA5H5S 1962 2015        .54  .59
   7 GILA5H5U 1959 2015        .49  .63
   8 GILA2L3U 1927 2015   .50  .57  .72
   9 GILA2L5S 1978 2015             .71
  10 GILA2L5U 1982 2015             .75
  11 GILA2L7S 1941 2012   .35  .46  .62
  12 GILA4H3U 1960 2015        .57  .58
  13 GILA5H1S 1934 2015   .69  .61  .67
  14 GILA5H1U 1932 2015   .59  .59  .66
  15 GILA5H7U 1976 2015             .41
 Av segment correlation  0.54 0.59 0.67
PART 6:  POTENTIAL PROBLEMS:                                                                       11:18  Fri 07 Aug 2020  Page   5
------------------------------------------------------------------------------------------------------------------------------------

 For each series with potential problems the following diagnostics may appear:

 [A] Correlations with master dating series of flagged  50-year segments of series filtered with  32-year spline,
     at every point from ten years earlier (-10) to ten years later (+10) than dated

 [B] Effect of those data values which most lower or raise correlation with master series
     Symbol following year indicates value in series is greater (>) or lesser (<) than master series value

 [C] Year-to-year changes very different from the mean change in other series

 [D] Absent rings (zero values)

 [E] Values which are statistical outliers from mean for the year
====================================================================================================================================

 GILA2H1S  1934 to  2015      82 years                                                                                    Series   1

 [B] Entire series, effect on correlation ( 0.608) is:
       Lower   1944>-0.033   1960>-0.029   1950<-0.025   1999<-0.017   1936>-0.015   2001<-0.013  Higher   1971 0.018   2002 0.018

 [E] Outliers     2   3.0 SD above or -4.5 SD below mean for year
       1944 +3.1 SD;    1960 +3.2 SD
====================================================================================================================================

 GILA2H1U  1927 to  2015      89 years                                                                                    Series   2

 [B] Entire series, effect on correlation ( 0.688) is:
       Lower   1938<-0.030   1932>-0.015   1963>-0.014   1945>-0.012   1999<-0.012   1944>-0.011  Higher   1931 0.021   2002 0.014

 [E] Outliers     1   3.0 SD above or -4.5 SD below mean for year
       1963 +3.4 SD
====================================================================================================================================

 GILA2H3S  1951 to  2015      65 years                                                                                    Series   3

 [B] Entire series, effect on correlation ( 0.522) is:
       Lower   1952>-0.033   1998<-0.025   1983>-0.023   1955>-0.020   1977<-0.019   1981>-0.014  Higher   2007 0.031   1971 0.029

 [E] Outliers     1   3.0 SD above or -4.5 SD below mean for year
       1983 +3.0 SD
====================================================================================================================================

 GILA2H5S  1950 to  2015      66 years                                                                                    Series   4

 [B] Entire series, effect on correlation ( 0.717) is:
       Lower   1951>-0.021   1958<-0.021   1995>-0.015   1997>-0.013   1957<-0.011   1953>-0.009  Higher   1974 0.019   2002 0.017

====================================================================================================================================

 GILA2H5U  1959 to  2015      57 years                                                                                    Series   5

 [B] Entire series, effect on correlation ( 0.793) is:
       Lower   1986<-0.019   1966>-0.016   1996>-0.014   1985<-0.012   1967>-0.011   1960<-0.009  Higher   1974 0.017   2007 0.017

====================================================================================================================================

 GILA5H5S  1962 to  2015      54 years                                                                                    Series   6

 [B] Entire series, effect on correlation ( 0.542) is:
       Lower   1979<-0.030   1977>-0.027   1965<-0.018   1967>-0.018   1964<-0.017   1962<-0.017  Higher   1996 0.030   2007 0.029

====================================================================================================================================

 GILA5H5U  1959 to  2015      57 years                                                                                    Series   7

 [B] Entire series, effect on correlation ( 0.548) is:
       Lower   1961>-0.025   1967>-0.023   1962<-0.020   1974>-0.020   1965<-0.020   2001>-0.016  Higher   1996 0.026   2002 0.022

====================================================================================================================================

 GILA2L3U  1927 to  2015      89 years                                                                                    Series   8

 [B] Entire series, effect on correlation ( 0.614) is:
       Lower   1980>-0.024   1956>-0.022   1966<-0.018   1941<-0.014   1937<-0.014   1990>-0.013  Higher   1931 0.043   1971 0.018

====================================================================================================================================

 GILA2L5S  1978 to  2015      38 years                                                                                    Series   9

 [B] Entire series, effect on correlation ( 0.713) is:
       Lower   1983<-0.030   2007<-0.022   1990>-0.021   1980>-0.011   1984<-0.010   1995>-0.010  Higher   2002 0.028   1986 0.025

====================================================================================================================================

 GILA2L5U  1982 to  2015      34 years                                                                                    Series  10

 [B] Entire series, effect on correlation ( 0.753) is:
       Lower   2015<-0.059   2012>-0.016   1988<-0.012   1983<-0.011   1992<-0.009   1985>-0.009  Higher   2006 0.023   1996 0.022

====================================================================================================================================

 GILA2L7S  1941 to  2012      72 years                                                                                    Series  11

 [B] Entire series, effect on correlation ( 0.488) is:
       Lower   1942<-0.030   1950<-0.025   1988<-0.022   1947>-0.021   1973<-0.014   1993>-0.014  Higher   2006 0.031   1974 0.030

====================================================================================================================================

 GILA4H3U  1960 to  2015      56 years                                                                                    Series  12

 [B] Entire series, effect on correlation ( 0.570) is:
       Lower   2002>-0.025   1975<-0.024   2001<-0.020   2011>-0.020   2006>-0.017   1990>-0.015  Higher   2007 0.030   1974 0.029

====================================================================================================================================

 GILA5H1S  1934 to  2015      82 years                                                                                    Series  13

 [B] Entire series, effect on correlation ( 0.647) is:
       Lower   1989>-0.028   1996>-0.018   1997<-0.016   1944<-0.013   1975<-0.012   1992<-0.011  Higher   2007 0.025   1974 0.021

====================================================================================================================================

 GILA5H1U  1932 to  2015      84 years                                                                                    Series  14

 [B] Entire series, effect on correlation ( 0.588) is:
       Lower   1989>-0.037   1986<-0.014   1938>-0.012   1937>-0.011   2013>-0.011   1957>-0.010  Higher   1971 0.026   1974 0.021

 [E] Outliers     1   3.0 SD above or -4.5 SD below mean for year
       1989 +3.5 SD
====================================================================================================================================

 GILA5H7U  1976 to  2015      40 years                                                                                    Series  15

 [B] Entire series, effect on correlation ( 0.410) is:
       Lower   2002>-0.087   1981>-0.040   2012<-0.027   1987<-0.022   1992<-0.020   1993<-0.014  Higher   1999 0.037   2015 0.034

 [E] Outliers     1   3.0 SD above or -4.5 SD below mean for year
       2002 +3.6 SD
====================================================================================================================================

 [*] All segments correlate highest as dated with correlation with master series over  0.3281
PART 7:  DESCRIPTIVE STATISTICS:                                                                   11:18  Fri 07 Aug 2020  Page   6
------------------------------------------------------------------------------------------------------------------------------------

                                                Corr   //-------- Unfiltered --------\\  //---- Filtered -----\\
                           No.    No.    No.    with   Mean   Max     Std   Auto   Mean   Max     Std   Auto  AR
 Seq Series   Interval   Years  Segmt  Flags   Master  msmt   msmt    dev   corr   sens  value    dev   corr  ()
 --- -------- ---------  -----  -----  -----   ------ -----  -----  -----  -----  -----  -----  -----  -----  --
   1 GILA2H1S 1934 2015     82      3      0   0.608   1.05   2.62  0.549  0.609  0.403   0.85  0.400  0.009   1
   2 GILA2H1U 1927 2015     89      3      0   0.688   0.94   3.05  0.519  0.732  0.370   1.26  0.430  0.024   1
   3 GILA2H3S 1951 2015     65      2      0   0.522   1.53   4.56  1.008  0.786  0.378   1.00  0.403 -0.018   1
   4 GILA2H5S 1950 2015     66      2      0   0.717   1.30   2.51  0.531  0.176  0.423   0.79  0.432  0.005   1
   5 GILA2H5U 1959 2015     57      2      0   0.793   1.24   2.16  0.454  0.005  0.454   0.90  0.425 -0.005   1
   6 GILA5H5S 1962 2015     54      2      0   0.542   1.87   3.98  0.795  0.371  0.332   0.69  0.343 -0.002   1
   7 GILA5H5U 1959 2015     57      2      0   0.548   1.68   3.67  0.719  0.394  0.309   0.71  0.352 -0.026   1
   8 GILA2L3U 1927 2015     89      3      0   0.614   1.38   3.42  0.570  0.428  0.388   1.18  0.423 -0.013   2
   9 GILA2L5S 1978 2015     38      1      0   0.713   2.06   3.22  0.552  0.212  0.315   0.57  0.288 -0.003   1
  10 GILA2L5U 1982 2015     34      1      0   0.753   2.20   3.62  0.603  0.124  0.293   0.78  0.310  0.003   1
  11 GILA2L7S 1941 2012     72      3      0   0.488   1.67   3.41  0.860  0.751  0.349   1.17  0.454 -0.037   1
  12 GILA4H3U 1960 2015     56      2      0   0.570   0.89   2.43  0.577  0.840  0.319   1.25  0.395  0.015   3
  13 GILA5H1S 1934 2015     82      3      0   0.647   1.09   2.68  0.559  0.674  0.357   1.17  0.385  0.016   1
  14 GILA5H1U 1932 2015     84      3      0   0.588   1.20   2.75  0.543  0.493  0.377   1.04  0.431  0.016   1
  15 GILA5H7U 1976 2015     40      1      0   0.410   1.30   3.01  0.875  0.889  0.285   0.66  0.296 -0.044   1
 --- -------- ---------  -----  -----  -----   ------ -----  -----  -----  -----  -----  -----  -----  -----  --
 Total or mean:            965     33      0   0.613   1.36   4.56  0.637  0.523  0.364   1.26  0.396 -0.002

                                              - = [  COFECHA GILA COF  ] = -
