[]  Dendrochronology Program Library                                        Run FINAL  Program COF  08:37  Wed 08 Jul 2020  Page   1
[]
[]  P R O G R A M      C O F E C H A                                                                          Version 6.06P    31237
------------------------------------------------------------------------------------------------------------------------------------

 QUALITY CONTROL AND DATING CHECK OF TREE-RING MEASUREMENTS                                                   COF12K.for

 Title of run:           Finalized GRA cores.                    

 File of DATED series:   GRA_done_C_FIN.txt

 CONTENTS:

    Part 1:  Title page, options selected, summary, absent rings by series
    Part 2:  Histogram of time spans
    Part 3:  Master series with sample depth and absent rings by year
    Part 4:  Bar plot of Master Dating Series
    Part 5:  Correlation by segment of each series with Master
    Part 6:  Potential problems: low correlation, divergent year-to-year changes, absent rings, outliers
    Part 7:  Descriptive statistics

 RUN CONTROL OPTIONS SELECTED                             VALUE

         1  Cubic smoothing spline 50% wavelength cutoff for filtering
                                                            32 years
         2  Segments examined are                           50 years lagged successively by  25 years
         3  Autoregressive model applied                     A  Residuals are used in master dating series and testing
         4  Series not transformed to logarithms             N
         5  CORRELATION is Pearson (parametric, quantitative)
            Critical correlation, 99% confidence level  0.3281
         6  Master dating series saved                       N
         7  Ring measurements listed                         N
         8  Parts printed                              1234567 
         9  Absent rings are omitted from master series and segment correlations  (Y)

 Time span of Master dating series is  1907 to  2015   109 years
 Continuous time span is               1907 to  2015   109 years
 Portion with two or more series is    1907 to  2015   109 years


                                        ****************************************
                                        *C* Number of dated series        20 *C*
                                        *O* Master series 1907 2015  109 yrs *O*
                                        *F* Total rings in all series   1599 *F*
                                        *E* Total dated rings checked   1599 *E*
                                        *C* Series intercorrelation    0.525 *C*
                                        *H* Average mean sensitivity   0.250 *H*
                                        *A* Segments, possible problems    6 *A*
                                        *** Mean length of series       79.0 ***
                                        ****************************************

 ABSENT RINGS listed by SERIES:            (See Master Dating Series for absent rings listed by year)

               No ring measurements of zero value
PART 2:  TIME PLOT OF TREE-RING SERIES: Finalized GRA cores.                                       08:37  Wed 08 Jul 2020  Page   2
------------------------------------------------------------------------------------------------------------------------------------
 1050 1100 1150 1200 1250 1300 1350 1400 1450 1500 1550 1600 1650 1700 1750 1800 1850 1900 1950 2000 2050 Ident   Seq Time-span  Yrs
   :    :    :    :    :    :    :    :    :    :    :    :    :    :    :    :    :    :    :    :    : -------- --- ---- ---- ----
   .    .    .    .    .    .    .    .    .    .    .    .    .    .    .    .    .    .<=========>   . GRA1H1U    1 1919 2015   97
   .    .    .    .    .    .    .    .    .    .    .    .    .    .    .    .    .    <==========>   . GRA1H3S    2 1907 2015  109
   .    .    .    .    .    .    .    .    .    .    .    .    .    .    .    .    .    .    . <===>   . GRA1H5U    3 1970 2015   46
   .    .    .    .    .    .    .    .    .    .    .    .    .    .    .    .    .    .  <=======>   . GRA1L1S    4 1931 2015   85
   .    .    .    .    .    .    .    .    .    .    .    .    .    .    .    .    .    . <========>   . GRA1L1U    5 1923 2015   93
   .    .    .    .    .    .    .    .    .    .    .    .    .    .    .    .    .    .    .<====>   . GRA2H7U    6 1963 2015   53
   .    .    .    .    .    .    .    .    .    .    .    .    .    .    .    .    .    .   <======>   . GRA2L1S    7 1941 2015   75
   .    .    .    .    .    .    .    .    .    .    .    .    .    .    .    .    .    .   <======>   . GRA2L1U    8 1940 2015   76
   .    .    .    .    .    .    .    .    .    .    .    .    .    .    .    .    .    <==========>   . GRA1H3U    9 1907 2015  109
   .    .    .    .    .    .    .    .    .    .    .    .    .    .    .    .    .    <==========>   . GRA1H9U   10 1908 2015  108
   .    .    .    .    .    .    .    .    .    .    .    .    .    .    .    .    .    . <========>   . GRA2H3S   11 1922 2015   94
   .    .    .    .    .    .    .    .    .    .    .    .    .    .    .    .    .    .   <======>   . GRA2H3U   12 1940 2015   76
   .    .    .    .    .    .    .    .    .    .    .    .    .    .    .    .    .    .    .<====>   . GRA2H5S   13 1960 2015   56
   .    .    .    .    .    .    .    .    .    .    .    .    .    .    .    .    .    .   <======>   . GRA2H5U   14 1941 2015   75
   .    .    .    .    .    .    .    .    .    .    .    .    .    .    .    .    .    .<=========>   . GRA2L7S   15 1918 2015   98
   .    .    .    .    .    .    .    .    .    .    .    .    .    .    .    .    .    .   <======>   . GRA1L5U   16 1941 2015   75
   .    .    .    .    .    .    .    .    .    .    .    .    .    .    .    .    .    .<=========>   . GRA1H10S  17 1910 2015  106
   .    .    .    .    .    .    .    .    .    .    .    .    .    .    .    .    .    .    . <===>   . GRA1L7U   18 1974 2015   42
   .    .    .    .    .    .    .    .    .    .    .    .    .    .    .    .    .    .    .<====>   . GRA2H1U   19 1961 2015   55
   .    .    .    .    .    .    .    .    .    .    .    .    .    .    .    .    .    .   <======>   . GRA2H9U   20 1945 2015   71
   :    :    :    :    :    :    :    :    :    :    :    :    :    :    :    :    :    :    :    :    :
 1050 1100 1150 1200 1250 1300 1350 1400 1450 1500 1550 1600 1650 1700 1750 1800 1850 1900 1950 2000 2050
PART 3:  Master Dating Series: Finalized GRA cores.                                                08:37  Wed 08 Jul 2020  Page   3
------------------------------------------------------------------------------------------------------------------------------------
  Year  Value  No Ab    Year  Value  No Ab    Year  Value  No Ab    Year  Value  No Ab    Year  Value  No Ab    Year  Value  No Ab
  ------------------    ------------------    ------------------    ------------------    ------------------    ------------------
                        1950 -0.188  15       2000 -0.349  20
                        1951  0.050  15       2001 -0.892  20
                        1952  0.566  15       2002 -2.823  20
                        1953  0.670  15       2003 -0.887  20
                        1954  1.015  15       2004 -0.590  20
                        1955 -0.793  15       2005 -0.925  20
                        1956 -1.662  15       2006 -1.387  20
  1907  0.642   2       1957 -0.140  15       2007  1.383  20
  1908 -0.161   3       1958 -0.548  15       2008  2.421  20
  1909 -0.742   3       1959 -0.847  15       2009  1.853  20

  1910 -0.597   4       1960 -1.027  16       2010 -0.131  20
  1911  0.897   4       1961 -0.850  17       2011 -0.070  20
  1912  0.458   4       1962  0.556  17       2012 -0.250  20
  1913  0.665   4       1963  0.561  18       2013 -0.407  20
  1914  1.727   4       1964  1.003  18       2014 -0.712  20
  1915  1.064   4       1965  1.605  18       2015  0.335  20
  1916  0.967   4       1966  1.030  18
  1917 -0.454   4       1967 -0.386  18
  1918 -0.007   5       1968 -0.973  18
  1919 -1.424   6       1969  0.093  18

  1920 -0.160   6       1970  0.418  19
  1921 -0.869   6       1971 -2.333  19
  1922 -1.603   7       1972 -0.384  19
  1923 -0.832   8       1973  0.238  19
  1924 -1.175   8       1974 -0.368  20
  1925 -0.663   8       1975  0.405  20
  1926 -0.123   8       1976  0.373  20
  1927  1.918   8       1977  0.673  20
  1928  0.003   8       1978 -0.020  20
  1929  0.523   8       1979  0.753  20

  1930  0.960   8       1980 -0.474  20
  1931  1.196   9       1981  0.945  20
  1932  0.168   9       1982  0.617  20
  1933  1.202   9       1983  0.622  20
  1934 -0.812   9       1984 -0.875  20
  1935 -0.372   9       1985 -0.986  20
  1936 -0.886   9       1986  1.713  20
  1937  0.084   9       1987 -0.329  20
  1938 -0.402   9       1988  1.046  20
  1939  0.093   9       1989 -1.929  20

  1940  1.904  11       1990 -1.147  20
  1941  1.122  14       1991 -0.620  20
  1942  0.368  14       1992  0.835  20
  1943  2.044  14       1993  0.564  20
  1944  0.174  14       1994  0.367  20
  1945 -0.372  15       1995  0.696  20
  1946 -1.904  15       1996 -0.072  20
  1947 -1.839  15       1997 -0.581  20
  1948 -1.476  15       1998  0.715  20
  1949 -0.107  15       1999  1.640  20
------------------------------------------------------------------------------------------------------------------------------------
PART 4:  Master Bar Plot: Finalized GRA cores.                                                     08:37  Wed 08 Jul 2020  Page   4
------------------------------------------------------------------------------------------------------------------------------------
   Year Rel value  Year Rel value  Year Rel value  Year Rel value  Year Rel value  Year Rel value  Year Rel value  Year Rel value
                   1950----a       2000----a
                   1951-----@      2001-d
                   1952-------B    2002k
                   1953--------C   2003-d
                   1954---------D  2004---b
                   1955--c         2005-d
                   1956g           2006f
   1907--------C   1957-----a      2007---------F
   1908----a       1958---b        2008----------J
   1909--c         1959--c         2009----------G
   1910---b        1960-d          2010-----a
   1911---------D  1961--c         2011-----@
   1912-------B    1962-------B    2012----a
   1913--------C   1963-------B    2013---b
   1914----------G 1964---------D  2014--c
   1915---------D  1965----------F 2015------A
   1916---------D  1966---------D
   1917---b        1967---b
   1918-----@      1968-d
   1919f           1969------@
   1920-----a      1970-------B
   1921-c          1971i
   1922f           1972---b
   1923--c         1973------A
   1924-e          1974---a
   1925--c         1975-------B
   1926-----@      1976------A
   1927----------H 1977--------C
   1928-----@      1978-----@
   1929-------B    1979--------C
   1930---------D  1980---b
   1931---------E  1981---------D
   1932------A     1982-------B
   1933---------E  1983-------B
   1934--c         1984-d
   1935---a        1985-d
   1936-d          1986----------G
   1937-----@      1987----a
   1938---b        1988---------D
   1939------@     1989h
   1940----------H 1990-e
   1941---------D  1991---b
   1942------A     1992--------C
   1943----------H 1993-------B
   1944------A     1994------A
   1945---a        1995--------C
   1946h           1996-----@
   1947g           1997---b
   1948f           1998--------C
   1949-----@      1999----------G
PART 5:  CORRELATION OF SERIES BY SEGMENTS: Finalized GRA cores.                                   08:37  Wed 08 Jul 2020  Page   5
------------------------------------------------------------------------------------------------------------------------------------
 Correlations of  50-year dated segments, lagged  25 years
 Flags:  A = correlation under  0.3281 but highest as dated;  B = correlation higher at other than dated position

 Seq Series  Time_span   1900 1925 1950 1975
                         1949 1974 1999 2024
 --- -------- ---------  ---- ---- ---- ---- ---- ---- ---- ---- ---- ---- ---- ---- ---- ---- ---- ---- ---- ---- ---- ----
   1 GRA1H1U  1919 2015   .47  .43  .58  .60
   2 GRA1H3S  1907 2015   .49  .59  .57  .66
   3 GRA1H5U  1970 2015             .65
   4 GRA1L1S  1931 2015        .63  .66  .70
   5 GRA1L1U  1923 2015   .43  .45  .67  .71
   6 GRA2H7U  1963 2015             .71  .70
   7 GRA2L1S  1941 2015        .61  .51  .55
   8 GRA2L1U  1940 2015        .64  .54  .58
   9 GRA1H3U  1907 2015   .51  .58  .42  .58
  10 GRA1H9U  1908 2015   .23B .64  .48  .55
  11 GRA2H3S  1922 2015   .58  .61  .62  .66
  12 GRA2H3U  1940 2015        .68  .66  .63
  13 GRA2H5S  1960 2015             .52  .62
  14 GRA2H5U  1941 2015        .55  .57  .64
  15 GRA2L7S  1918 2015   .16B .24B .43  .53
  16 GRA1L5U  1941 2015        .35  .30A .20B
  17 GRA1H10S 1910 2015   .60  .48  .24A .43
  18 GRA1L7U  1974 2015             .43
  19 GRA2H1U  1961 2015             .50  .55
  20 GRA2H9U  1945 2015        .46  .55  .61
 Av segment correlation  0.43 0.53 0.53 0.58
PART 6:  POTENTIAL PROBLEMS: Finalized GRA cores.                                                  08:37  Wed 08 Jul 2020  Page   5
------------------------------------------------------------------------------------------------------------------------------------

 For each series with potential problems the following diagnostics may appear:

 [A] Correlations with master dating series of flagged  50-year segments of series filtered with  32-year spline,
     at every point from ten years earlier (-10) to ten years later (+10) than dated

 [B] Effect of those data values which most lower or raise correlation with master series
     Symbol following year indicates value in series is greater (>) or lesser (<) than master series value

 [C] Year-to-year changes very different from the mean change in other series

 [D] Absent rings (zero values)

 [E] Values which are statistical outliers from mean for the year
====================================================================================================================================

 GRA1H1U   1919 to  2015      97 years                                                                                    Series   1

 [B] Entire series, effect on correlation ( 0.525) is:
       Lower   1925>-0.022   1936>-0.018   1949<-0.015   1932<-0.014   1969<-0.014   1981<-0.014  Higher   1986 0.022   2007 0.021

====================================================================================================================================

 GRA1H3S   1907 to  2015     109 years                                                                                    Series   2

 [B] Entire series, effect on correlation ( 0.552) is:
       Lower   1907>-0.026   1959>-0.022   1912<-0.022   1928>-0.015   1931<-0.012   1984>-0.011  Higher   1971 0.026   1927 0.017

 [E] Outliers     1   3.0 SD above or -4.5 SD below mean for year
       1970 +3.2 SD
====================================================================================================================================

 GRA1H5U   1970 to  2015      46 years                                                                                    Series   3

 [B] Entire series, effect on correlation ( 0.647) is:
       Lower   1994>-0.040   1986<-0.037   1993<-0.025   1970<-0.019   2013>-0.013   1988<-0.012  Higher   2002 0.054   1971 0.040

====================================================================================================================================

 GRA1L1S   1931 to  2015      85 years                                                                                    Series   4

 [B] Entire series, effect on correlation ( 0.661) is:
       Lower   1946>-0.023   1972<-0.022   1932>-0.019   1997>-0.017   1987>-0.015   1931<-0.014  Higher   2002 0.031   1971 0.026

====================================================================================================================================

 GRA1L1U   1923 to  2015      93 years                                                                                    Series   5

 [B] Entire series, effect on correlation ( 0.562) is:
       Lower   1972<-0.024   1944>-0.021   1933<-0.021   1998<-0.012   1924>-0.012   1930>-0.010  Higher   2002 0.032   1971 0.028

====================================================================================================================================

 GRA2H7U   1963 to  2015      53 years                                                                                    Series   6

 [B] Entire series, effect on correlation ( 0.709) is:
       Lower   2002>-0.028   1989>-0.018   1966<-0.014   1977<-0.013   1994<-0.013   1993<-0.011  Higher   1971 0.044   1986 0.027

====================================================================================================================================

 GRA2L1S   1941 to  2015      75 years                                                                                    Series   7

 [B] Entire series, effect on correlation ( 0.590) is:
       Lower   1974>-0.021   1991<-0.018   2000>-0.018   1996>-0.016   1964<-0.012   1970<-0.012  Higher   1989 0.029   2008 0.026

====================================================================================================================================

 GRA2L1U   1940 to  2015      76 years                                                                                    Series   8

 [B] Entire series, effect on correlation ( 0.627) is:
       Lower   1971>-0.037   1995<-0.018   1969<-0.016   1974>-0.013   1992<-0.010   2015<-0.010  Higher   1989 0.026   2002 0.023

====================================================================================================================================

 GRA1H3U   1907 to  2015     109 years                                                                                    Series   9

 [B] Entire series, effect on correlation ( 0.541) is:
       Lower   1907<-0.034   1952<-0.032   1968>-0.015   1986<-0.014   1941<-0.014   1975<-0.010  Higher   1971 0.026   1940 0.020

====================================================================================================================================

 GRA1H9U   1908 to  2015     108 years                                                                                    Series  10

 [A] Segment   High   -10   -9   -8   -7   -6   -5   -4   -3   -2   -1    0   +1   +2   +3   +4   +5   +6   +7   +8   +9  +10
    ---------  ----   ---  ---  ---  ---  ---  ---  ---  ---  ---  ---  ---  ---  ---  ---  ---  ---  ---  ---  ---  ---  ---
    1908 1957   -1      -    -    -    -    -    -    -    -    -  .29* .23| .22  .12  .02 -.01 -.10 -.14 -.37  .02 -.19  .09

 [B] Entire series, effect on correlation ( 0.391) is:
       Lower   1911<-0.071   1912>-0.024   1914<-0.023   1910>-0.023   1915>-0.016   2001>-0.014  Higher   2002 0.038   1940 0.027
     1908 to 1957 segment:
       Lower   1911<-0.133   1912>-0.043   1910>-0.041   1914<-0.038   1915>-0.028   1913<-0.017  Higher   1940 0.076   1927 0.057

 [C] Year-to-year changes diverging by over 4.0 std deviations:
       1910 1911  -5.0 SD

====================================================================================================================================

 GRA2H3S   1922 to  2015      94 years                                                                                    Series  11

 [B] Entire series, effect on correlation ( 0.601) is:
       Lower   1990>-0.016   1963<-0.014   1922>-0.013   1929<-0.013   1923>-0.012   1967>-0.012  Higher   1971 0.026   2008 0.021

====================================================================================================================================

 GRA2H3U   1940 to  2015      76 years                                                                                    Series  12

 [B] Entire series, effect on correlation ( 0.630) is:
       Lower   1940<-0.047   2000>-0.021   1993>-0.016   1976>-0.015   2015<-0.013   1963<-0.013  Higher   1971 0.032   1943 0.021

====================================================================================================================================

 GRA2H5S   1960 to  2015      56 years                                                                                    Series  13

 [B] Entire series, effect on correlation ( 0.524) is:
       Lower   1961>-0.044   1962<-0.039   1965<-0.021   1972<-0.016   1969>-0.015   1982<-0.015  Higher   2008 0.037   2002 0.031

====================================================================================================================================

 GRA2H5U   1941 to  2015      75 years                                                                                    Series  14

 [B] Entire series, effect on correlation ( 0.562) is:
       Lower   1942>-0.022   1981<-0.020   1967>-0.020   1957<-0.017   1979<-0.017   2003>-0.015  Higher   1986 0.032   1971 0.030

====================================================================================================================================

 GRA2L7S   1918 to  2015      98 years                                                                                    Series  15

 [A] Segment   High   -10   -9   -8   -7   -6   -5   -4   -3   -2   -1    0   +1   +2   +3   +4   +5   +6   +7   +8   +9  +10
    ---------  ----   ---  ---  ---  ---  ---  ---  ---  ---  ---  ---  ---  ---  ---  ---  ---  ---  ---  ---  ---  ---  ---
    1918 1967    1   -.14 -.07 -.09 -.11 -.02 -.20 -.04 -.05  .27 -.03  .16| .54* .03 -.12 -.07 -.07 -.23 -.39 -.23  .22  .00
    1925 1974    1   -.07 -.02  .00 -.09 -.11 -.23 -.10 -.04  .16 -.13  .24| .53*-.06 -.02  .06 -.14 -.23 -.39 -.14  .19  .04

 [B] Entire series, effect on correlation ( 0.336) is:
       Lower   1939>-0.031   1956>-0.031   1962<-0.022   1927<-0.022   1948>-0.020   1989>-0.017  Higher   1986 0.032   2002 0.030
     1918 to 1967 segment:
       Lower   1956>-0.055   1939>-0.044   1962<-0.038   1948>-0.035   1927<-0.031   1923<-0.018  Higher   1940 0.043   1946 0.040
     1925 to 1974 segment:
       Lower   1956>-0.057   1939>-0.056   1962<-0.040   1927<-0.038   1948>-0.038   1943<-0.021  Higher   1971 0.054   1946 0.038

 [E] Outliers     1   3.0 SD above or -4.5 SD below mean for year
       1939 +4.0 SD
====================================================================================================================================

 GRA1L5U   1941 to  2015      75 years                                                                                    Series  16

 [A] Segment   High   -10   -9   -8   -7   -6   -5   -4   -3   -2   -1    0   +1   +2   +3   +4   +5   +6   +7   +8   +9  +10
    ---------  ----   ---  ---  ---  ---  ---  ---  ---  ---  ---  ---  ---  ---  ---  ---  ---  ---  ---  ---  ---  ---  ---
    1950 1999    0   -.21  .22 -.13  .16 -.05  .03 -.08 -.13  .06 -.21  .30*-.21 -.06 -.14  .15  .15  .03  .10 -.16 -.09 -.17
    1966 2015   -7   -.19  .05  .05  .28* .04 -.21 -.02 -.04  .03 -.32  .20|   -    -    -    -    -    -    -    -    -    -

 [B] Entire series, effect on correlation ( 0.254) is:
       Lower   2008<-0.063   1971>-0.063   2009<-0.027   2011>-0.018   1947>-0.013   1983<-0.012  Higher   2007 0.035   1986 0.034
     1950 to 1999 segment:
       Lower   1971>-0.118   1983<-0.020   1998<-0.020   1973<-0.019   1955>-0.016   1959>-0.014  Higher   1986 0.050   1984 0.029
     1966 to 2015 segment:
       Lower   1971>-0.087   2008<-0.083   2009<-0.034   2011>-0.022   1983<-0.015   1998<-0.015  Higher   2007 0.052   1986 0.050

 [E] Outliers     2   3.0 SD above or -4.5 SD below mean for year
       1971 +3.1 SD;    1972 +3.0 SD
====================================================================================================================================

 GRA1H10S  1910 to  2015     106 years                                                                                    Series  17

 [A] Segment   High   -10   -9   -8   -7   -6   -5   -4   -3   -2   -1    0   +1   +2   +3   +4   +5   +6   +7   +8   +9  +10
    ---------  ----   ---  ---  ---  ---  ---  ---  ---  ---  ---  ---  ---  ---  ---  ---  ---  ---  ---  ---  ---  ---  ---
    1950 1999    0    .10  .00  .09 -.12 -.09 -.12 -.01  .02 -.29 -.01  .24* .20 -.05  .04 -.09  .00 -.07 -.01 -.04 -.01  .05

 [B] Entire series, effect on correlation ( 0.503) is:
       Lower   1981<-0.019   1955>-0.019   1999<-0.016   1988<-0.015   1963>-0.010   1945<-0.010  Higher   1927 0.020   2002 0.019
     1950 to 1999 segment:
       Lower   1981<-0.038   1955>-0.036   1999<-0.030   1988<-0.028   1974>-0.017   1975<-0.016  Higher   1989 0.069   1986 0.054

====================================================================================================================================

 GRA1L7U   1974 to  2015      42 years                                                                                    Series  18

 [B] Entire series, effect on correlation ( 0.428) is:
       Lower   1990>-0.034   1984>-0.033   1983<-0.032   2000>-0.029   2011<-0.024   2005>-0.021  Higher   2002 0.082   1999 0.036

====================================================================================================================================

 GRA2H1U   1961 to  2015      55 years                                                                                    Series  19

 [B] Entire series, effect on correlation ( 0.505) is:
       Lower   1986<-0.024   1968>-0.023   2009<-0.022   1991>-0.020   1964<-0.018   1983<-0.017  Higher   1971 0.056   2008 0.044

====================================================================================================================================

 GRA2H9U   1945 to  2015      71 years                                                                                    Series  20

 [B] Entire series, effect on correlation ( 0.470) is:
       Lower   1945>-0.072   1960>-0.029   2013>-0.016   1951<-0.014   2009<-0.013   1965<-0.013  Higher   1989 0.043   1986 0.036

 [E] Outliers     1   3.0 SD above or -4.5 SD below mean for year
       1945 +3.7 SD
====================================================================================================================================
PART 7:  DESCRIPTIVE STATISTICS: Finalized GRA cores.                                              08:37  Wed 08 Jul 2020  Page   6
------------------------------------------------------------------------------------------------------------------------------------

                                                Corr   //-------- Unfiltered --------\\  //---- Filtered -----\\
                           No.    No.    No.    with   Mean   Max     Std   Auto   Mean   Max     Std   Auto  AR
 Seq Series   Interval   Years  Segmt  Flags   Master  msmt   msmt    dev   corr   sens  value    dev   corr  ()
 --- -------- ---------  -----  -----  -----   ------ -----  -----  -----  -----  -----  -----  -----  -----  --
   1 GRA1H1U  1919 2015     97      4      0   0.525   1.27   2.61  0.536  0.788  0.204   0.59  0.271 -0.006   1
   2 GRA1H3S  1907 2015    109      4      0   0.552   1.82   7.33  1.301  0.882  0.244   0.76  0.314  0.039   1
   3 GRA1H5U  1970 2015     46      1      0   0.647   2.22   4.43  0.816  0.776  0.203   0.59  0.259 -0.018   1
   4 GRA1L1S  1931 2015     85      3      0   0.661   1.34   2.73  0.549  0.775  0.235   0.48  0.258  0.015   1
   5 GRA1L1U  1923 2015     93      4      0   0.562   1.23   2.65  0.495  0.740  0.240   0.64  0.267  0.007   1
   6 GRA2H7U  1963 2015     53      2      0   0.709   3.35   5.50  0.906  0.451  0.224   0.82  0.284  0.032   1
   7 GRA2L1S  1941 2015     75      3      0   0.590   0.82   2.11  0.320  0.714  0.250   0.76  0.298 -0.013   1
   8 GRA2L1U  1940 2015     76      3      0   0.627   0.85   2.43  0.493  0.885  0.236   0.70  0.306  0.050   1
   9 GRA1H3U  1907 2015    109      4      0   0.541   1.64   6.42  1.112  0.846  0.261   1.20  0.369 -0.047   1
  10 GRA1H9U  1908 2015    108      4      1   0.391   1.04   2.73  0.502  0.655  0.320   1.05  0.386 -0.014   1
  11 GRA2H3S  1922 2015     94      4      0   0.601   0.82   4.30  0.742  0.880  0.283   0.96  0.360  0.004   1
  12 GRA2H3U  1940 2015     76      3      0   0.630   0.70   2.02  0.328  0.700  0.281   0.79  0.342  0.030   1
  13 GRA2H5S  1960 2015     56      2      0   0.524   2.46   9.33  1.906  0.850  0.361   1.00  0.436  0.035   1
  14 GRA2H5U  1941 2015     75      3      0   0.562   2.45   7.87  1.776  0.911  0.244   0.92  0.357 -0.012   2
  15 GRA2L7S  1918 2015     98      4      2   0.336   0.89   2.66  0.586  0.830  0.310   1.02  0.331  0.009   2
  16 GRA1L5U  1941 2015     75      3      2   0.254   2.54   5.33  1.042  0.831  0.205   0.74  0.277  0.063   1
  17 GRA1H10S 1910 2015    106      4      1   0.503   1.32   2.88  0.527  0.822  0.198   0.58  0.244  0.044   1
  18 GRA1L7U  1974 2015     42      1      0   0.428   2.09   3.19  0.499 -0.096  0.289   0.58  0.256  0.025   1
  19 GRA2H1U  1961 2015     55      2      0   0.505   4.12   6.47  1.323  0.638  0.213   0.66  0.270  0.025   2
  20 GRA2H9U  1945 2015     71      3      0   0.470   3.04   7.03  1.180  0.848  0.173   0.77  0.255 -0.050   1
 --- -------- ---------  -----  -----  -----   ------ -----  -----  -----  -----  -----  -----  -----  -----  --
 Total or mean:           1599     61      6   0.525   1.65   9.33  0.821  0.766  0.250   1.20  0.310  0.010

                                              - = [  COFECHA FINALCOF  ] = -
