[]  Dendrochronology Program Library                                        Run MOG    Program COF  14:46  Fri 14 Aug 2020  Page   1
[]
[]  P R O G R A M      C O F E C H A                                                                          Version 6.06P    31274
------------------------------------------------------------------------------------------------------------------------------------

 QUALITY CONTROL AND DATING CHECK OF TREE-RING MEASUREMENTS                                                   COF12K.for

 File of DATED series:   MOG_done_A.txt

 CONTENTS:

    Part 1:  Title page, options selected, summary, absent rings by series
    Part 2:  Histogram of time spans
    Part 3:  Master series with sample depth and absent rings by year
    Part 4:  Bar plot of Master Dating Series
    Part 5:  Correlation by segment of each series with Master
    Part 6:  Potential problems: low correlation, divergent year-to-year changes, absent rings, outliers
    Part 7:  Descriptive statistics

 RUN CONTROL OPTIONS SELECTED                             VALUE

         1  Cubic smoothing spline 50% wavelength cutoff for filtering
                                                            32 years
         2  Segments examined are                           50 years lagged successively by  25 years
         3  Autoregressive model applied                     A  Residuals are used in master dating series and testing
         4  Series not transformed to logarithms             N
         5  CORRELATION is Pearson (parametric, quantitative)
            Critical correlation, 99% confidence level  0.3281
         6  Master dating series saved                       N
         7  Ring measurements listed                         N
         8  Parts printed                              1234567 
         9  Absent rings are omitted from master series and segment correlations  (Y)

 Time span of Master dating series is  1926 to  2015    90 years
 Continuous time span is               1926 to  2015    90 years
 Portion with two or more series is    1940 to  2015    76 years


                                        ****************************************
                                        *C* Number of dated series         7 *C*
                                        *O* Master series 1926 2015   90 yrs *O*
                                        *F* Total rings in all series    527 *F*
                                        *E* Total dated rings checked    513 *E*
                                        *C* Series intercorrelation    0.657 *C*
                                        *H* Average mean sensitivity   0.248 *H*
                                        *A* Segments, possible problems    0 *A*
                                        *** Mean length of series       75.0 ***
                                        ****************************************

 ABSENT RINGS listed by SERIES:            (See Master Dating Series for absent rings listed by year)

               No ring measurements of zero value
PART 2:  TIME PLOT OF TREE-RING SERIES:                                                            14:46  Fri 14 Aug 2020  Page   2
------------------------------------------------------------------------------------------------------------------------------------
 1050 1100 1150 1200 1250 1300 1350 1400 1450 1500 1550 1600 1650 1700 1750 1800 1850 1900 1950 2000 2050 Ident   Seq Time-span  Yrs
   :    :    :    :    :    :    :    :    :    :    :    :    :    :    :    :    :    :    :    :    : -------- --- ---- ---- ----
   .    .    .    .    .    .    .    .    .    .    .    .    .    .    .    .    .    .   <======>   . MOG1L5S    1 1940 2015   76
   .    .    .    .    .    .    .    .    .    .    .    .    .    .    .    .    .    .   <======>   . MOG1H5U    2 1942 2015   74
   .    .    .    .    .    .    .    .    .    .    .    .    .    .    .    .    .    .   <======>   . MOG1L1S    3 1940 2015   76
   .    .    .    .    .    .    .    .    .    .    .    .    .    .    .    .    .    . <========>   . MOG1H7S    4 1926 2015   90
   .    .    .    .    .    .    .    .    .    .    .    .    .    .    .    .    .    .   <======>   . MOG1L1U    5 1942 2015   74
   .    .    .    .    .    .    .    .    .    .    .    .    .    .    .    .    .    .   <======>   . MOG1L9S    6 1948 2015   68
   .    .    .    .    .    .    .    .    .    .    .    .    .    .    .    .    .    .   <======>   . MOG1L9U    7 1947 2015   69
   :    :    :    :    :    :    :    :    :    :    :    :    :    :    :    :    :    :    :    :    :
 1050 1100 1150 1200 1250 1300 1350 1400 1450 1500 1550 1600 1650 1700 1750 1800 1850 1900 1950 2000 2050
PART 3:  Master Dating Series:                                                                     14:46  Fri 14 Aug 2020  Page   3
------------------------------------------------------------------------------------------------------------------------------------
  Year  Value  No Ab    Year  Value  No Ab    Year  Value  No Ab    Year  Value  No Ab    Year  Value  No Ab    Year  Value  No Ab
  ------------------    ------------------    ------------------    ------------------    ------------------    ------------------
                        1950 -1.126   7       2000 -1.207   7
                        1951 -0.823   7       2001 -1.055   7
                        1952 -0.040   7       2002 -2.605   7
                        1953 -1.002   7       2003 -0.903   7
                        1954  0.030   7       2004 -1.015   7
                        1955  0.512   7       2005  0.051   7
                        1956 -1.185   7       2006 -1.281   7
                        1957  1.139   7       2007 -0.128   7
                        1958 -0.284   7       2008  1.207   7
                        1959 -0.490   7       2009  1.521   7

                        1960 -0.932   7       2010 -0.034   7
                        1961 -0.260   7       2011  1.099   7
                        1962  0.455   7       2012  0.296   7
                        1963  0.639   7       2013 -0.366   7
                        1964  0.939   7       2014 -0.980   7
                        1965  1.519   7       2015  1.793   7
                        1966 -0.059   7
                        1967  1.723   7
                        1968 -0.536   7
                        1969  0.277   7

                        1970 -0.606   7
                        1971  0.524   7
                        1972  0.460   7
                        1973 -0.099   7
                        1974 -1.891   7
                        1975 -0.463   7
  1926 -1.833   1       1976  0.487   7
  1927  1.168   1       1977 -0.334   7
  1928 -0.333   1       1978 -1.100   7
  1929 -0.840   1       1979 -0.854   7

  1930  0.912   1       1980 -0.844   7
  1931  2.261   1       1981  1.648   7
  1932  0.732   1       1982  1.276   7
  1933  1.438   1       1983  1.212   7
  1934 -0.192   1       1984 -0.622   7
  1935 -0.356   1       1985  0.033   7
  1936 -1.329   1       1986  0.083   7
  1937 -1.194   1       1987 -0.090   7
  1938  0.114   1       1988  0.389   7
  1939 -1.533   1       1989 -0.318   7

  1940  0.878   3       1990  0.267   7
  1941  2.058   3       1991 -0.881   7
  1942  0.712   5       1992  1.739   7
  1943 -0.386   5       1993 -0.102   7
  1944  0.327   5       1994  2.012   7
  1945  0.373   5       1995  0.564   7
  1946 -1.703   5       1996 -0.902   7
  1947 -0.012   6       1997 -0.602   7
  1948 -0.360   7       1998 -0.067   7
  1949  1.042   7       1999  0.253   7
------------------------------------------------------------------------------------------------------------------------------------
PART 4:  Master Bar Plot:                                                                          14:46  Fri 14 Aug 2020  Page   4
------------------------------------------------------------------------------------------------------------------------------------
   Year Rel value  Year Rel value  Year Rel value  Year Rel value  Year Rel value  Year Rel value  Year Rel value  Year Rel value
                   1950-e          2000-e
                   1951--c         2001-d
                   1952-----@      2002j
                   1953-d          2003--d
                   1954------@     2004-d
                   1955-------B    2005------@
                   1956-e          2006-e
                   1957---------E  2007-----a
                   1958----a       2008---------E
                   1959---b        2009----------F
                   1960--d         2010-----@
                   1961----a       2011---------D
                   1962-------B    2012-------A
                   1963-------C    2013----a
                   1964--------D   2014-d
                   1965----------F 2015----------G
                   1966-----@
                   1967----------G
                   1968---b
                   1969------A
                   1970---b
                   1971-------B
                   1972-------B
                   1973-----@
                   1974h
                   1975---b
   1926g           1976-------B
   1927---------E  1977----a
   1928----a       1978-d
   1929--c         1979--c
   1930--------D   1980--c
   1931----------I 1981----------G
   1932--------C   1982---------E
   1933---------F  1983---------E
   1934----a       1984---b
   1935----a       1985------@
   1936e           1986------@
   1937-e          1987-----@
   1938------@     1988-------B
   1939f           1989----a
   1940--------D   1990------A
   1941----------H 1991--d
   1942--------C   1992----------G
   1943---b        1993-----@
   1944-------A    1994----------H
   1945-------A    1995-------B
   1946g           1996--d
   1947-----@      1997---b
   1948----a       1998-----@
   1949--------D   1999------A
PART 5:  CORRELATION OF SERIES BY SEGMENTS:                                                        14:46  Fri 14 Aug 2020  Page   5
------------------------------------------------------------------------------------------------------------------------------------
 Correlations of  50-year dated segments, lagged  25 years
 Flags:  A = correlation under  0.3281 but highest as dated;  B = correlation higher at other than dated position

 Seq Series  Time_span   1925 1950 1975
                         1974 1999 2024
 --- -------- ---------  ---- ---- ---- ---- ---- ---- ---- ---- ---- ---- ---- ---- ---- ---- ---- ---- ---- ---- ---- ----
   1 MOG1L5S  1940 2015   .44  .50  .65
   2 MOG1H5U  1942 2015   .61  .60  .76
   3 MOG1L1S  1940 2015   .75  .80  .80
   4 MOG1H7S  1926 2015   .54  .49  .63
   5 MOG1L1U  1942 2015   .70  .77  .77
   6 MOG1L9S  1948 2015   .50  .50  .63
   7 MOG1L9U  1947 2015   .55  .58  .65
 Av segment correlation  0.59 0.61 0.70
PART 6:  POTENTIAL PROBLEMS:                                                                       14:46  Fri 14 Aug 2020  Page   5
------------------------------------------------------------------------------------------------------------------------------------

 For each series with potential problems the following diagnostics may appear:

 [A] Correlations with master dating series of flagged  50-year segments of series filtered with  32-year spline,
     at every point from ten years earlier (-10) to ten years later (+10) than dated

 [B] Effect of those data values which most lower or raise correlation with master series
     Symbol following year indicates value in series is greater (>) or lesser (<) than master series value

 [C] Year-to-year changes very different from the mean change in other series

 [D] Absent rings (zero values)

 [E] Values which are statistical outliers from mean for the year
====================================================================================================================================

 MOG1L5S   1940 to  2015      76 years                                                                                    Series   1

 [B] Entire series, effect on correlation ( 0.581) is:
       Lower   1943>-0.024   1966<-0.021   1951>-0.019   1976>-0.017   1956>-0.014   1977>-0.011  Higher   2015 0.028   2002 0.027

 [E] Outliers     2   3.0 SD above or -4.5 SD below mean for year
       1976 +4.4 SD;    1977 +3.3 SD
====================================================================================================================================

 MOG1H5U   1942 to  2015      74 years                                                                                    Series   2

 [B] Entire series, effect on correlation ( 0.667) is:
       Lower   1951>-0.023   1999<-0.018   1961<-0.017   1945<-0.011   1992<-0.011   1982<-0.009  Higher   2002 0.024   2015 0.023

 [E] Outliers     2   3.0 SD above or -4.5 SD below mean for year
       1951 +3.2 SD;    1952 +3.1 SD
====================================================================================================================================

 MOG1L1S   1940 to  2015      76 years                                                                                    Series   3

 [B] Entire series, effect on correlation ( 0.796) is:
       Lower   1971<-0.021   1972<-0.010   1959<-0.008   2014>-0.008   1946>-0.007   1975>-0.007  Higher   1994 0.011   1992 0.011

====================================================================================================================================

 MOG1H7S   1926 to  2015      90 years                                                                                    Series   4

 [*] Early part of series cannot be checked from 1926 to 1939 -- not matched by another series

 [B] Entire series, effect on correlation ( 0.642) is:
       Lower   1976<-0.036   1968>-0.022   1986>-0.016   1953>-0.014   1981<-0.014   1955>-0.013  Higher   2015 0.021   1941 0.017

 [E] Outliers     4   3.0 SD above or -4.5 SD below mean for year
       1955 +3.3 SD;    1969 +3.1 SD;    1976 -4.6 SD;    1986 +3.2 SD
====================================================================================================================================

 MOG1L1U   1942 to  2015      74 years                                                                                    Series   5

 [B] Entire series, effect on correlation ( 0.707) is:
       Lower   2002>-0.019   1946>-0.011   2009>-0.010   1952<-0.009   2015<-0.007   2003<-0.006  Higher   1981 0.018   1994 0.017

 [E] Outliers     2   3.0 SD above or -4.5 SD below mean for year
       1957 +4.1 SD;    2009 +3.5 SD
====================================================================================================================================

 MOG1L9S   1948 to  2015      68 years                                                                                    Series   6

 [B] Entire series, effect on correlation ( 0.595) is:
       Lower   1983<-0.054   1989>-0.031   1955<-0.020   1979>-0.016   1959>-0.015   1948>-0.014  Higher   2002 0.038   1981 0.026

 [E] Outliers     1   3.0 SD above or -4.5 SD below mean for year
       1989 +3.3 SD
====================================================================================================================================

 MOG1L9U   1947 to  2015      69 years                                                                                    Series   7

 [B] Entire series, effect on correlation ( 0.604) is:
       Lower   1983<-0.046   1989>-0.017   2009<-0.014   1949<-0.014   1961>-0.010   2010>-0.009  Higher   2002 0.036   2015 0.028

====================================================================================================================================

 [*] All segments correlate highest as dated with correlation with master series over  0.3281
PART 7:  DESCRIPTIVE STATISTICS:                                                                   14:46  Fri 14 Aug 2020  Page   6
------------------------------------------------------------------------------------------------------------------------------------

                                                Corr   //-------- Unfiltered --------\\  //---- Filtered -----\\
                           No.    No.    No.    with   Mean   Max     Std   Auto   Mean   Max     Std   Auto  AR
 Seq Series   Interval   Years  Segmt  Flags   Master  msmt   msmt    dev   corr   sens  value    dev   corr  ()
 --- -------- ---------  -----  -----  -----   ------ -----  -----  -----  -----  -----  -----  -----  -----  --
   1 MOG1L5S  1940 2015     76      3      0   0.581   1.53   2.90  0.469  0.604  0.224   0.71  0.279  0.015   1
   2 MOG1H5U  1942 2015     74      3      0   0.667   1.63   3.26  0.629  0.708  0.246   0.71  0.282 -0.016   1
   3 MOG1L1S  1940 2015     76      3      0   0.796   1.27   2.87  0.525  0.517  0.332   0.83  0.360 -0.012   1
   4 MOG1H7S  1926 2015     90      3      0   0.642   1.59   3.31  0.656  0.645  0.283   0.76  0.309  0.000   3
   5 MOG1L1U  1942 2015     74      3      0   0.707   1.37   3.31  0.568  0.559  0.300   1.19  0.400 -0.026   1
   6 MOG1L9S  1948 2015     68      3      0   0.595   2.08   3.77  0.834  0.905  0.151   0.41  0.187 -0.015   1
   7 MOG1L9U  1947 2015     69      3      0   0.604   1.97   4.01  0.993  0.919  0.180   0.53  0.227  0.027   1
 --- -------- ---------  -----  -----  -----   ------ -----  -----  -----  -----  -----  -----  -----  -----  --
 Total or mean:            527     21      0   0.657   1.62   4.01  0.661  0.687  0.248   1.19  0.295 -0.004

                                              - = [  COFECHA MOG  COF  ] = -
