[]  Dendrochronology Program Library                                        Run SED    Program COF  15:00  Thu 13 Aug 2020  Page   1
[]
[]  P R O G R A M      C O F E C H A                                                                          Version 6.06P    31273
------------------------------------------------------------------------------------------------------------------------------------

 QUALITY CONTROL AND DATING CHECK OF TREE-RING MEASUREMENTS                                                   COF12K.for

 File of DATED series:   SED_A_trimmed.txt

 CONTENTS:

    Part 1:  Title page, options selected, summary, absent rings by series
    Part 2:  Histogram of time spans
    Part 3:  Master series with sample depth and absent rings by year
    Part 4:  Bar plot of Master Dating Series
    Part 5:  Correlation by segment of each series with Master
    Part 6:  Potential problems: low correlation, divergent year-to-year changes, absent rings, outliers
    Part 7:  Descriptive statistics

 RUN CONTROL OPTIONS SELECTED                             VALUE

         1  Cubic smoothing spline 50% wavelength cutoff for filtering
                                                            32 years
         2  Segments examined are                           50 years lagged successively by  25 years
         3  Autoregressive model applied                     A  Residuals are used in master dating series and testing
         4  Series not transformed to logarithms             N
         5  CORRELATION is Pearson (parametric, quantitative)
            Critical correlation, 99% confidence level  0.3281
         6  Master dating series saved                       N
         7  Ring measurements listed                         N
         8  Parts printed                              1234567 
         9  Absent rings are omitted from master series and segment correlations  (Y)

 Time span of Master dating series is  1881 to  2015   135 years
 Continuous time span is               1881 to  2015   135 years
 Portion with two or more series is    1898 to  2015   118 years


                                        ****************************************
                                        *C* Number of dated series        25 *C*
                                        *O* Master series 1881 2015  135 yrs *O*
                                        *F* Total rings in all series   1731 *F*
                                        *E* Total dated rings checked   1714 *E*
                                        *C* Series intercorrelation    0.704 *C*
                                        *H* Average mean sensitivity   0.378 *H*
                                        *A* Segments, possible problems    1 *A*
                                        *** Mean length of series       69.0 ***
                                        ****************************************

 ABSENT RINGS listed by SERIES:            (See Master Dating Series for absent rings listed by year)

               No ring measurements of zero value
PART 2:  TIME PLOT OF TREE-RING SERIES:                                                            15:00  Thu 13 Aug 2020  Page   2
------------------------------------------------------------------------------------------------------------------------------------
 1050 1100 1150 1200 1250 1300 1350 1400 1450 1500 1550 1600 1650 1700 1750 1800 1850 1900 1950 2000 2050 Ident   Seq Time-span  Yrs
   :    :    :    :    :    :    :    :    :    :    :    :    :    :    :    :    :    :    :    :    : -------- --- ---- ---- ----
   .    .    .    .    .    .    .    .    .    .    .    .    .    .    .    .    .  <============>   . SED1H1S    1 1881 2015  135
   .    .    .    .    .    .    .    .    .    .    .    .    .    .    .    .    .    .    <=====>   . SED1H1U    2 1951 2015   65
   .    .    .    .    .    .    .    .    .    .    .    .    .    .    .    .    .   <===========>   . SED1H3S    3 1898 2015  118
   .    .    .    .    .    .    .    .    .    .    .    .    .    .    .    .    .    <==========>   . SED1H3U    4 1908 2015  108
   .    .    .    .    .    .    .    .    .    .    .    .    .    .    .    .    .    .  <=======>   . SED1H5U    5 1933 2015   83
   .    .    .    .    .    .    .    .    .    .    .    .    .    .    .    .    .    .    . <===>   . SED1H7S    6 1971 2015   45
   .    .    .    .    .    .    .    .    .    .    .    .    .    .    .    .    .    .    .<====>   . SED1H7U    7 1966 2015   50
   .    .    .    .    .    .    .    .    .    .    .    .    .    .    .    .    .    .    .  <==>   . SED1L1S    8 1980 2015   36
   .    .    .    .    .    .    .    .    .    .    .    .    .    .    .    .    .    .    .  <==>   . SED1L1U    9 1985 2015   31
   .    .    .    .    .    .    .    .    .    .    .    .    .    .    .    .    .    .   <======>   . SED1L3S   10 1945 2015   71
   .    .    .    .    .    .    .    .    .    .    .    .    .    .    .    .    .    .   <======>   . SED1L3U   11 1946 2015   70
   .    .    .    .    .    .    .    .    .    .    .    .    .    .    .    .    .    .  <=======>   . SED1L5S   12 1939 2015   77
   .    .    .    .    .    .    .    .    .    .    .    .    .    .    .    .    .    .  <=======>   . SED1L5U   13 1936 2015   80
   .    .    .    .    .    .    .    .    .    .    .    .    .    .    .    .    .    .   <======>   . SED1L7S   14 1947 2015   69
   .    .    .    .    .    .    .    .    .    .    .    .    .    .    .    .    .    .    <=====>   . SED1L7U   15 1953 2015   63
   .    .    .    .    .    .    .    .    .    .    .    .    .    .    .    .    .    .    <=====>   . SED1L9S   16 1950 2015   66
   .    .    .    .    .    .    .    .    .    .    .    .    .    .    .    .    .    .    <=====>   . SED1L9U   17 1951 2015   65
   .    .    .    .    .    .    .    .    .    .    .    .    .    .    .    .    .    .    <=====>   . SED2L1S   18 1951 2015   65
   .    .    .    .    .    .    .    .    .    .    .    .    .    .    .    .    .    .    <=====>   . SED2L1U   19 1955 2015   61
   .    .    .    .    .    .    .    .    .    .    .    .    .    .    .    .    .    .    <=====>   . SED2L3S   20 1953 2015   63
   .    .    .    .    .    .    .    .    .    .    .    .    .    .    .    .    .    .   <======>   . SED2L3U   21 1942 2015   74
   .    .    .    .    .    .    .    .    .    .    .    .    .    .    .    .    .    .    <=====>   . SED2L5S   22 1953 2015   63
   .    .    .    .    .    .    .    .    .    .    .    .    .    .    .    .    .    .    .<====>   . SED2L5U   23 1960 2015   56
   .    .    .    .    .    .    .    .    .    .    .    .    .    .    .    .    .    .    <=====>   . SED2L9S   24 1957 2015   59
   .    .    .    .    .    .    .    .    .    .    .    .    .    .    .    .    .    .    <=====>   . SED2L9U   25 1958 2015   58
   :    :    :    :    :    :    :    :    :    :    :    :    :    :    :    :    :    :    :    :    :
 1050 1100 1150 1200 1250 1300 1350 1400 1450 1500 1550 1600 1650 1700 1750 1800 1850 1900 1950 2000 2050
PART 3:  Master Dating Series:                                                                     15:00  Thu 13 Aug 2020  Page   3
------------------------------------------------------------------------------------------------------------------------------------
  Year  Value  No Ab    Year  Value  No Ab    Year  Value  No Ab    Year  Value  No Ab    Year  Value  No Ab    Year  Value  No Ab
  ------------------    ------------------    ------------------    ------------------    ------------------    ------------------
                        1900 -1.503   2       1950 -0.572  11       2000 -0.851  25
                        1901  1.196   2       1951 -1.897  14       2001 -0.145  25
                        1902 -1.130   2       1952  0.835  14       2002 -2.159  25
                        1903  0.218   2       1953 -0.247  17       2003 -0.361  25
                        1904 -1.689   2       1954 -0.352  17       2004 -0.659  25
                        1905 -0.768   2       1955 -0.533  18       2005 -0.076  25
                        1906  0.415   2       1956 -0.034  18       2006 -1.660  25
                        1907  1.926   2       1957  1.255  19       2007  0.119  25
                        1908  0.404   3       1958  0.435  20       2008  1.462  25
                        1909 -0.689   3       1959 -0.899  20       2009  1.079  25

                        1910 -1.079   3       1960  0.628  21       2010  0.954  25
                        1911  0.845   3       1961  0.237  21       2011 -0.452  25
                        1912 -0.169   3       1962  0.174  21       2012  0.973  25
                        1913 -0.502   3       1963 -0.893  21       2013 -0.277  25
                        1914  1.786   3       1964  0.276  21       2014 -0.967  25
                        1915  1.841   3       1965  1.446  21       2015 -0.021  25
                        1916 -0.627   3       1966 -0.069  22
                        1917  0.839   3       1967 -1.635  22
                        1918  0.507   3       1968  0.589  22
                        1919  1.855   3       1969  1.040  22

                        1920 -0.228   3       1970  0.955  22
                        1921 -0.137   3       1971 -1.113  23
                        1922 -1.781   3       1972 -0.692  23
                        1923 -1.803   3       1973  0.332  23
                        1924 -1.128   3       1974 -1.251  23
                        1925 -1.688   3       1975  0.840  23
                        1926  0.493   3       1976 -0.542  23
                        1927  0.314   3       1977 -0.903  23
                        1928 -0.299   3       1978 -0.478  23
                        1929 -0.422   3       1979  0.218  23

                        1930  1.089   3       1980 -0.915  24
  1881 -1.721   1       1931  0.501   3       1981 -0.100  24
  1882  0.331   1       1932  1.394   3       1982 -0.284  24
  1883  1.199   1       1933  1.175   4       1983  0.739  24
  1884  1.272   1       1934 -1.302   4       1984  0.506  24
  1885  2.339   1       1935  0.408   4       1985  0.732  25
  1886 -0.935   1       1936 -0.273   5       1986  1.638  25
  1887 -0.060   1       1937  0.173   5       1987  0.606  25
  1888  0.228   1       1938 -0.403   5       1988  0.547  25
  1889 -0.690   1       1939 -0.725   6       1989 -1.535  25

  1890  0.198   1       1940  0.513   6       1990 -0.880  25
  1891  0.204   1       1941  1.495   6       1991  0.168  25
  1892 -0.258   1       1942 -0.153   7       1992  1.244  25
  1893 -1.068   1       1943  1.041   7       1993  0.603  25
  1894 -2.394   1       1944 -0.069   7       1994 -0.162  25
  1895  1.494   1       1945 -0.982   8       1995  0.585  25
  1896 -1.422   1       1946 -1.315   9       1996 -1.428  25
  1897 -0.019   1       1947 -0.293  10       1997  0.288  25
  1898  1.658   2       1948  1.292  10       1998  0.613  25
  1899 -0.776   2       1949  1.269  10       1999  1.510  25
------------------------------------------------------------------------------------------------------------------------------------
PART 4:  Master Bar Plot:                                                                          15:00  Thu 13 Aug 2020  Page   4
------------------------------------------------------------------------------------------------------------------------------------
   Year Rel value  Year Rel value  Year Rel value  Year Rel value  Year Rel value  Year Rel value  Year Rel value  Year Rel value
                   1900f           1950---b        2000--c
                   1901---------E  1951h           2001----a
                   1902-e          1952--------C   2002i
                   1903------A     1953----a       2003----a
                   1904g           1954----a       2004--c
                   1905--c         1955---b        2005-----@
                   1906-------B    1956-----@      2006g
                   1907----------H 1957---------E  2007-----@
                   1908-------B    1958-------B    2008----------F
                   1909--c         1959--d         2009---------D
                   1910-d          1960-------C    2010--------D
                   1911--------C   1961------A     2011---b
                   1912----a       1962------A     2012--------D
                   1913---b        1963--d         2013----a
                   1914----------G 1964------A     2014-d
                   1915----------G 1965---------F  2015-----@
                   1916--c         1966-----@
                   1917--------C   1967g
                   1918-------B    1968-------B
                   1919----------G 1969--------D
                   1920----a       1970--------D
                   1921-----a      1971-d
                   1922g           1972--c
                   1923g           1973------A
                   1924-e          1974-e
                   1925g           1975--------C
                   1926-------B    1976---b
                   1927------A     1977--d
                   1928----a       1978---b
                   1929---b        1979------A
                   1930---------D  1980--d
   1881g           1931-------B    1981-----@
   1882------A     1932---------F  1982----a
   1883---------E  1933---------E  1983--------C
   1884---------E  1934-e          1984-------B
   1885----------I 1935-------B    1985--------C
   1886--d         1936----a       1986----------G
   1887-----@      1937------A     1987-------B
   1888------A     1938---b        1988-------B
   1889--c         1939--c         1989f
   1890------A     1940-------B    1990--d
   1891------A     1941----------F 1991------A
   1892----a       1942----a       1992---------E
   1893-d          1943--------D   1993-------B
   1894j           1944-----@      1994----a
   1895----------F 1945-d          1995-------B
   1896f           1946-e          1996f
   1897-----@      1947----a       1997------A
   1898----------G 1948---------E  1998-------B
   1899--c         1949---------E  1999----------F
PART 5:  CORRELATION OF SERIES BY SEGMENTS:                                                        15:00  Thu 13 Aug 2020  Page   5
------------------------------------------------------------------------------------------------------------------------------------
 Correlations of  50-year dated segments, lagged  25 years
 Flags:  A = correlation under  0.3281 but highest as dated;  B = correlation higher at other than dated position

 Seq Series  Time_span   1875 1900 1925 1950 1975
                         1924 1949 1974 1999 2024
 --- -------- ---------  ---- ---- ---- ---- ---- ---- ---- ---- ---- ---- ---- ---- ---- ---- ---- ---- ---- ---- ---- ----
   1 SED1H1S  1881 2015   .79  .80  .77  .86  .87
   2 SED1H1U  1951 2015                  .50  .48
   3 SED1H3S  1898 2015   .82  .82  .69  .69  .77
   4 SED1H3U  1908 2015        .79  .58  .49  .64
   5 SED1H5U  1933 2015             .45  .61  .64
   6 SED1H7S  1971 2015                  .69
   7 SED1H7U  1966 2015                  .77
   8 SED1L1S  1980 2015                       .65
   9 SED1L1U  1985 2015                       .63
  10 SED1L3S  1945 2015             .70  .74  .74
  11 SED1L3U  1946 2015             .78  .79  .78
  12 SED1L5S  1939 2015             .75  .80  .79
  13 SED1L5U  1936 2015             .52  .54  .58
  14 SED1L7S  1947 2015             .81  .79  .81
  15 SED1L7U  1953 2015                  .80  .85
  16 SED1L9S  1950 2015                  .78  .75
  17 SED1L9U  1951 2015                  .74  .64
  18 SED2L1S  1951 2015                  .52  .72
  19 SED2L1U  1955 2015                  .83  .87
  20 SED2L3S  1953 2015                  .68  .79
  21 SED2L3U  1942 2015             .73  .68  .73
  22 SED2L5S  1953 2015                  .61  .71
  23 SED2L5U  1960 2015                  .33A .47
  24 SED2L9S  1957 2015                  .83  .79
  25 SED2L9U  1958 2015                  .77  .73
 Av segment correlation  0.80 0.80 0.68 0.69 0.71
PART 6:  POTENTIAL PROBLEMS:                                                                       15:00  Thu 13 Aug 2020  Page   5
------------------------------------------------------------------------------------------------------------------------------------

 For each series with potential problems the following diagnostics may appear:

 [A] Correlations with master dating series of flagged  50-year segments of series filtered with  32-year spline,
     at every point from ten years earlier (-10) to ten years later (+10) than dated

 [B] Effect of those data values which most lower or raise correlation with master series
     Symbol following year indicates value in series is greater (>) or lesser (<) than master series value

 [C] Year-to-year changes very different from the mean change in other series

 [D] Absent rings (zero values)

 [E] Values which are statistical outliers from mean for the year
====================================================================================================================================

 SED1H1S   1881 to  2015     135 years                                                                                    Series   1

 [*] Early part of series cannot be checked from 1881 to 1897 -- not matched by another series

 [B] Entire series, effect on correlation ( 0.826) is:
       Lower   1933>-0.009   1932<-0.007   1956<-0.005   1940<-0.004   1914<-0.004   1935>-0.004  Higher   1951 0.005   1907 0.004

 [E] Outliers     2   3.0 SD above or -4.5 SD below mean for year
       1933 +3.1 SD;    1986 +3.2 SD
====================================================================================================================================

 SED1H1U   1951 to  2015      65 years                                                                                    Series   2

 [B] Entire series, effect on correlation ( 0.546) is:
       Lower   2000>-0.037   1983<-0.032   1997<-0.030   1989>-0.025   2012<-0.023   1993>-0.011  Higher   2008 0.023   1974 0.018

 [E] Outliers     4   3.0 SD above or -4.5 SD below mean for year
       1975 +3.3 SD;    1989 +3.3 SD;    1993 +4.1 SD;    2000 +4.0 SD
====================================================================================================================================

 SED1H3S   1898 to  2015     118 years                                                                                    Series   3

 [B] Entire series, effect on correlation ( 0.770) is:
       Lower   1981>-0.017   1957<-0.009   1956<-0.008   2015>-0.008   2010<-0.008   1992<-0.007  Higher   2002 0.011   1914 0.006

 [E] Outliers     3   3.0 SD above or -4.5 SD below mean for year
       1933 +3.6 SD;    1981 +4.2 SD;    2015 +3.2 SD
====================================================================================================================================

 SED1H3U   1908 to  2015     108 years                                                                                    Series   4

 [B] Entire series, effect on correlation ( 0.674) is:
       Lower   1963>-0.018   1996>-0.014   1966>-0.014   1957<-0.013   1961>-0.011   1967>-0.011  Higher   1951 0.011   2002 0.011

 [E] Outliers     4   3.0 SD above or -4.5 SD below mean for year
       1961 +3.3 SD;    1963 +3.7 SD;    1966 +3.2 SD;    1967 +3.2 SD
====================================================================================================================================

 SED1H5U   1933 to  2015      83 years                                                                                    Series   5

 [B] Entire series, effect on correlation ( 0.496) is:
       Lower   1933<-0.079   1934>-0.021   1989>-0.021   1942>-0.019   1941<-0.019   1983<-0.018  Higher   2006 0.023   2002 0.023

 [C] Year-to-year changes diverging by over 4.0 std deviations:
       1933 1934   4.6 SD

 [E] Outliers     4   3.0 SD above or -4.5 SD below mean for year
       1933 -6.8 SD;    1934 +3.4 SD;    1936 +3.1 SD;    1957 +3.1 SD
====================================================================================================================================

 SED1H7S   1971 to  2015      45 years                                                                                    Series   6

 [B] Entire series, effect on correlation ( 0.685) is:
       Lower   2000>-0.046   2012<-0.028   2015>-0.018   1995<-0.015   1993<-0.013   1977>-0.012  Higher   2006 0.026   1996 0.022

 [E] Outliers     3   3.0 SD above or -4.5 SD below mean for year
       1986 +3.7 SD;    2000 +3.2 SD;    2015 +3.6 SD
====================================================================================================================================

 SED1H7U   1966 to  2015      50 years                                                                                    Series   7

 [B] Entire series, effect on correlation ( 0.767) is:
       Lower   2015>-0.016   2008<-0.015   1977>-0.013   2010<-0.012   2000>-0.007   1993<-0.007  Higher   2002 0.021   2006 0.019

 [E] Outliers     2   3.0 SD above or -4.5 SD below mean for year
       1986 +3.7 SD;    2015 +3.3 SD
====================================================================================================================================

 SED1L1S   1980 to  2015      36 years                                                                                    Series   8

 [B] Entire series, effect on correlation ( 0.654) is:
       Lower   1987<-0.031   2012<-0.029   1981<-0.025   2015>-0.017   1986<-0.014   2005>-0.012  Higher   2002 0.044   2006 0.031

====================================================================================================================================

 SED1L1U   1985 to  2015      31 years                                                                                    Series   9

 [B] Entire series, effect on correlation ( 0.633) is:
       Lower   1986<-0.072   1987<-0.061   2015>-0.023   2005>-0.019   1999<-0.013   1997>-0.012  Higher   2002 0.058   2006 0.041

====================================================================================================================================

 SED1L3S   1945 to  2015      71 years                                                                                    Series  10

 [B] Entire series, effect on correlation ( 0.706) is:
       Lower   2012<-0.027   1953>-0.017   1948<-0.013   1959>-0.013   1969<-0.011   1958<-0.010  Higher   2002 0.023   1986 0.015

 [E] Outliers     1   3.0 SD above or -4.5 SD below mean for year
       2009 +3.4 SD
====================================================================================================================================

 SED1L3U   1946 to  2015      70 years                                                                                    Series  11

 [B] Entire series, effect on correlation ( 0.781) is:
       Lower   2012<-0.028   1953>-0.013   1990>-0.011   2015>-0.008   1982<-0.007   1958<-0.007  Higher   2002 0.011   1996 0.010

====================================================================================================================================

 SED1L5S   1939 to  2015      77 years                                                                                    Series  12

 [B] Entire series, effect on correlation ( 0.794) is:
       Lower   1986<-0.014   1982>-0.014   1970<-0.011   1946>-0.008   2009<-0.008   1966>-0.006  Higher   1951 0.012   2002 0.010

 [E] Outliers     1   3.0 SD above or -4.5 SD below mean for year
       2010 +3.1 SD
====================================================================================================================================

 SED1L5U   1936 to  2015      80 years                                                                                    Series  13

 [B] Entire series, effect on correlation ( 0.642) is:
       Lower   1974>-0.057   1975<-0.025   1983<-0.025   1986<-0.023   1982>-0.015   1973<-0.012  Higher   2002 0.021   1951 0.017

 [E] Outliers     2   3.0 SD above or -4.5 SD below mean for year
       1974 +5.1 SD;    1982 +3.2 SD
====================================================================================================================================

 SED1L7S   1947 to  2015      69 years                                                                                    Series  14

 [B] Entire series, effect on correlation ( 0.822) is:
       Lower   1979>-0.012   1966>-0.010   1998<-0.010   1986<-0.008   1992>-0.007   1971>-0.007  Higher   2002 0.012   1951 0.012

 [E] Outliers     1   3.0 SD above or -4.5 SD below mean for year
       1992 +3.5 SD
====================================================================================================================================

 SED1L7U   1953 to  2015      63 years                                                                                    Series  15

 [B] Entire series, effect on correlation ( 0.814) is:
       Lower   1954>-0.024   1964<-0.012   1973<-0.010   1998<-0.009   1961<-0.007   1974>-0.006  Higher   2002 0.014   1967 0.011

 [E] Outliers     1   3.0 SD above or -4.5 SD below mean for year
       1954 +3.3 SD
====================================================================================================================================

 SED1L9S   1950 to  2015      66 years                                                                                    Series  16

 [B] Entire series, effect on correlation ( 0.756) is:
       Lower   2013>-0.038   1975<-0.027   2012<-0.018   1950>-0.014   1976>-0.009   1991<-0.008  Higher   2002 0.020   1986 0.014

 [E] Outliers     1   3.0 SD above or -4.5 SD below mean for year
       2013 +4.1 SD
====================================================================================================================================

 SED1L9U   1951 to  2015      65 years                                                                                    Series  17

 [B] Entire series, effect on correlation ( 0.657) is:
       Lower   2013>-0.054   1981>-0.016   2012<-0.015   1968<-0.013   1986<-0.010   2001>-0.010  Higher   2006 0.019   1967 0.019

 [E] Outliers     1   3.0 SD above or -4.5 SD below mean for year
       2013 +4.6 SD
====================================================================================================================================

 SED2L1S   1951 to  2015      65 years                                                                                    Series  18

 [B] Entire series, effect on correlation ( 0.595) is:
       Lower   1952<-0.041   1953>-0.040   1961<-0.020   1986<-0.017   1982>-0.017   1984<-0.014  Higher   2002 0.023   1989 0.019

 [E] Outliers     3   3.0 SD above or -4.5 SD below mean for year
       1953 +4.0 SD;    1982 +3.4 SD;    1983 +3.0 SD
====================================================================================================================================

 SED2L1U   1955 to  2015      61 years                                                                                    Series  19

 [B] Entire series, effect on correlation ( 0.835) is:
       Lower   1993<-0.015   1961<-0.013   1960<-0.012   1972>-0.009   2015<-0.008   1985>-0.006  Higher   1986 0.010   2002 0.009

====================================================================================================================================

 SED2L3S   1953 to  2015      63 years                                                                                    Series  20

 [B] Entire series, effect on correlation ( 0.707) is:
       Lower   1990>-0.022   1963>-0.017   1957<-0.016   1955>-0.015   1999<-0.014   1995<-0.009  Higher   2002 0.026   2006 0.014

 [E] Outliers     2   3.0 SD above or -4.5 SD below mean for year
       1964 +3.1 SD;    2012 +3.6 SD
====================================================================================================================================

 SED2L3U   1942 to  2015      74 years                                                                                    Series  21

 [B] Entire series, effect on correlation ( 0.721) is:
       Lower   1956>-0.036   1999<-0.032   1970<-0.023   1977>-0.020   2013>-0.013   1973<-0.009  Higher   2002 0.021   1986 0.014

 [E] Outliers     1   3.0 SD above or -4.5 SD below mean for year
       1956 +5.1 SD
====================================================================================================================================

 SED2L5S   1953 to  2015      63 years                                                                                    Series  22

 [B] Entire series, effect on correlation ( 0.654) is:
       Lower   1970<-0.048   1964>-0.030   1978>-0.027   1957<-0.011   1969<-0.009   1985<-0.008  Higher   1989 0.022   1996 0.019

 [E] Outliers     2   3.0 SD above or -4.5 SD below mean for year
       1964 +4.5 SD;    1970 -4.7 SD
====================================================================================================================================

 SED2L5U   1960 to  2015      56 years                                                                                    Series  23

 [A] Segment   High   -10   -9   -8   -7   -6   -5   -4   -3   -2   -1    0   +1   +2   +3   +4   +5   +6   +7   +8   +9  +10
    ---------  ----   ---  ---  ---  ---  ---  ---  ---  ---  ---  ---  ---  ---  ---  ---  ---  ---  ---  ---  ---  ---  ---
    1960 2009    0   -.01 -.18 -.21 -.05  .21 -.04 -.08 -.02 -.19  .10  .33* .27  .10 -.16 -.01 -.09 -.06    -    -    -    -

 [B] Entire series, effect on correlation ( 0.368) is:
       Lower   1976>-0.066   1974>-0.056   1963>-0.056   1965<-0.045   1971>-0.040   1973<-0.026  Higher   2002 0.038   1989 0.034
     1960 to 2009 segment:
       Lower   1976>-0.072   1963>-0.061   1974>-0.060   1965<-0.049   1971>-0.043   1973<-0.028  Higher   2002 0.046   1989 0.041

 [E] Outliers     5   3.0 SD above or -4.5 SD below mean for year
       1963 +4.8 SD;    1971 +4.1 SD;    1974 +3.3 SD;    1976 +5.4 SD;    2010 +3.0 SD
====================================================================================================================================

 SED2L9S   1957 to  2015      59 years                                                                                    Series  24

 [B] Entire series, effect on correlation ( 0.803) is:
       Lower   1983<-0.020   1972>-0.016   1981<-0.008   1989>-0.007   2007>-0.006   2008<-0.005  Higher   2006 0.013   1996 0.012

====================================================================================================================================

 SED2L9U   1958 to  2015      58 years                                                                                    Series  25

 [B] Entire series, effect on correlation ( 0.739) is:
       Lower   1989>-0.020   1983<-0.018   2010<-0.012   2012>-0.008   1979>-0.008   2001<-0.007  Higher   2002 0.022   1996 0.015

 [E] Outliers     1   3.0 SD above or -4.5 SD below mean for year
       2012 +4.4 SD
====================================================================================================================================
PART 7:  DESCRIPTIVE STATISTICS:                                                                   15:00  Thu 13 Aug 2020  Page   6
------------------------------------------------------------------------------------------------------------------------------------

                                                Corr   //-------- Unfiltered --------\\  //---- Filtered -----\\
                           No.    No.    No.    with   Mean   Max     Std   Auto   Mean   Max     Std   Auto  AR
 Seq Series   Interval   Years  Segmt  Flags   Master  msmt   msmt    dev   corr   sens  value    dev   corr  ()
 --- -------- ---------  -----  -----  -----   ------ -----  -----  -----  -----  -----  -----  -----  -----  --
   1 SED1H1S  1881 2015    135      5      0   0.826   1.19   2.62  0.535  0.425  0.426   1.27  0.431 -0.008   2
   2 SED1H1U  1951 2015     65      2      0   0.546   0.89   1.85  0.405  0.447  0.369   1.07  0.438  0.006   1
   3 SED1H3S  1898 2015    118      5      0   0.770   1.65   3.34  0.696  0.486  0.367   0.87  0.408 -0.010   1
   4 SED1H3U  1908 2015    108      4      0   0.674   1.61   3.48  0.752  0.621  0.340   0.85  0.361 -0.011   1
   5 SED1H5U  1933 2015     83      3      0   0.496   1.36   3.01  0.612  0.482  0.400   1.02  0.402  0.013   3
   6 SED1H7S  1971 2015     45      1      0   0.685   2.39   5.82  1.026  0.412  0.416   1.44  0.446  0.009   1
   7 SED1H7U  1966 2015     50      1      0   0.767   2.27   4.92  0.971  0.467  0.399   1.43  0.454  0.002   1
   8 SED1L1S  1980 2015     36      1      0   0.654   2.64   5.33  1.197  0.343  0.446   0.72  0.439  0.015   1
   9 SED1L1U  1985 2015     31      1      0   0.633   3.18   6.02  1.415  0.390  0.472   0.74  0.440  0.004   1
  10 SED1L3S  1945 2015     71      3      0   0.706   1.76   4.41  0.968  0.669  0.379   1.11  0.446 -0.006   1
  11 SED1L3U  1946 2015     70      3      0   0.781   2.01   3.98  0.979  0.593  0.393   0.89  0.401  0.011   1
  12 SED1L5S  1939 2015     77      3      0   0.794   3.06   8.45  1.649  0.630  0.411   1.02  0.435  0.008   1
  13 SED1L5U  1936 2015     80      3      0   0.642   3.05   7.38  1.589  0.654  0.430   0.84  0.405  0.000   1
  14 SED1L7S  1947 2015     69      3      0   0.822   2.32   5.54  1.181  0.838  0.269   0.91  0.333  0.011   1
  15 SED1L7U  1953 2015     63      2      0   0.814   2.41   4.12  1.070  0.824  0.286   0.81  0.322  0.001   1
  16 SED1L9S  1950 2015     66      2      0   0.756   2.49   5.66  1.157  0.653  0.383   0.91  0.421 -0.008   2
  17 SED1L9U  1951 2015     65      2      0   0.657   2.14   4.13  0.972  0.519  0.396   0.95  0.414 -0.003   3
  18 SED2L1S  1951 2015     65      2      0   0.595   3.53   6.93  1.637  0.618  0.348   0.79  0.406 -0.013   1
  19 SED2L1U  1955 2015     61      2      0   0.835   3.58   7.31  1.583  0.631  0.352   0.84  0.395 -0.003   1
  20 SED2L3S  1953 2015     63      2      0   0.707   1.73   3.72  0.861  0.786  0.315   0.98  0.376  0.018   1
  21 SED2L3U  1942 2015     74      3      0   0.721   2.54   6.63  1.525  0.863  0.271   0.71  0.296  0.008   3
  22 SED2L5S  1953 2015     63      2      0   0.654   0.79   2.51  0.456  0.535  0.406   1.35  0.510  0.043   1
  23 SED2L5U  1960 2015     56      2      1   0.368   0.69   1.43  0.362  0.679  0.335   0.99  0.434  0.017   1
  24 SED2L9S  1957 2015     59      2      0   0.803   2.12   4.16  0.973  0.470  0.474   1.10  0.488 -0.027   2
  25 SED2L9U  1958 2015     58      2      0   0.739   1.79   3.89  0.910  0.543  0.444   1.46  0.499  0.002   1
 --- -------- ---------  -----  -----  -----   ------ -----  -----  -----  -----  -----  -----  -----  -----  --
 Total or mean:           1731     61      1   0.704   2.04   8.45  0.984  0.587  0.378   1.46  0.412  0.002

                                              - = [  COFECHA SED  COF  ] = -
