[]  Dendrochronology Program Library                                        Run SIT    Program COF  11:24  Fri 04 Sep 2020  Page   1
[]
[]  P R O G R A M      C O F E C H A                                                                          Version 6.06P    31295
------------------------------------------------------------------------------------------------------------------------------------

 QUALITY CONTROL AND DATING CHECK OF TREE-RING MEASUREMENTS                                                   COF12K.for

 File of DATED series:   SIT_done_AA.txt

 CONTENTS:

    Part 1:  Title page, options selected, summary, absent rings by series
    Part 2:  Histogram of time spans
    Part 3:  Master series with sample depth and absent rings by year
    Part 4:  Bar plot of Master Dating Series
    Part 5:  Correlation by segment of each series with Master
    Part 6:  Potential problems: low correlation, divergent year-to-year changes, absent rings, outliers
    Part 7:  Descriptive statistics

 RUN CONTROL OPTIONS SELECTED                             VALUE

         1  Cubic smoothing spline 50% wavelength cutoff for filtering
                                                            32 years
         2  Segments examined are                           50 years lagged successively by  25 years
         3  Autoregressive model applied                     A  Residuals are used in master dating series and testing
         4  Series not transformed to logarithms             N
         5  CORRELATION is Pearson (parametric, quantitative)
            Critical correlation, 99% confidence level  0.3281
         6  Master dating series saved                       N
         7  Ring measurements listed                         N
         8  Parts printed                              1234567 
         9  Absent rings are omitted from master series and segment correlations  (Y)

 Time span of Master dating series is  1878 to  2015   138 years
 Continuous time span is               1878 to  2015   138 years
 Portion with two or more series is    1900 to  2015   116 years


                                        ****************************************
                                        *C* Number of dated series        11 *C*
                                        *O* Master series 1878 2015  138 yrs *O*
                                        *F* Total rings in all series   1011 *F*
                                        *E* Total dated rings checked    989 *E*
                                        *C* Series intercorrelation    0.726 *C*
                                        *H* Average mean sensitivity   0.325 *H*
                                        *A* Segments, possible problems    0 *A*
                                        *** Mean length of series       91.0 ***
                                        ****************************************

 ABSENT RINGS listed by SERIES:            (See Master Dating Series for absent rings listed by year)

               No ring measurements of zero value
PART 2:  TIME PLOT OF TREE-RING SERIES:                                                            11:24  Fri 04 Sep 2020  Page   2
------------------------------------------------------------------------------------------------------------------------------------
 1050 1100 1150 1200 1250 1300 1350 1400 1450 1500 1550 1600 1650 1700 1750 1800 1850 1900 1950 2000 2050 Ident   Seq Time-span  Yrs
   :    :    :    :    :    :    :    :    :    :    :    :    :    :    :    :    :    :    :    :    : -------- --- ---- ---- ----
   .    .    .    .    .    .    .    .    .    .    .    .    .    .    .    .    .    <==========>   . SIT1H1S_   1 1907 2015  109
   .    .    .    .    .    .    .    .    .    .    .    .    .    .    .    .    . <=============>   . SIT1H7S_   2 1878 2015  138
   .    .    .    .    .    .    .    .    .    .    .    .    .    .    .    .    .    <==========>   . SIT1H7U_   3 1900 2015  116
   .    .    .    .    .    .    .    .    .    .    .    .    .    .    .    .    .    .<=========>   . SIT1H9S_   4 1918 2015   98
   .    .    .    .    .    .    .    .    .    .    .    .    .    .    .    .    .    . <========>   . SIT1H9U_   5 1921 2015   95
   .    .    .    .    .    .    .    .    .    .    .    .    .    .    .    .    .    .  <=======>   . SIT2H7S_   6 1936 2015   80
   .    .    .    .    .    .    .    .    .    .    .    .    .    .    .    .    .    .  <=======>   . SIT2H7U_   7 1933 2015   83
   .    .    .    .    .    .    .    .    .    .    .    .    .    .    .    .    .    .  <=======>   . SIT2L3S_   8 1937 2015   79
   .    .    .    .    .    .    .    .    .    .    .    .    .    .    .    .    .    .  <=======>   . SIT2L3U_   9 1937 2015   79
   .    .    .    .    .    .    .    .    .    .    .    .    .    .    .    .    .    .   <======>   . SIT2L5S_  10 1949 2015   67
   .    .    .    .    .    .    .    .    .    .    .    .    .    .    .    .    .    .   <======>   . SIT2L5U_  11 1949 2015   67
   :    :    :    :    :    :    :    :    :    :    :    :    :    :    :    :    :    :    :    :    :
 1050 1100 1150 1200 1250 1300 1350 1400 1450 1500 1550 1600 1650 1700 1750 1800 1850 1900 1950 2000 2050
PART 3:  Master Dating Series:                                                                     11:24  Fri 04 Sep 2020  Page   3
------------------------------------------------------------------------------------------------------------------------------------
  Year  Value  No Ab    Year  Value  No Ab    Year  Value  No Ab    Year  Value  No Ab    Year  Value  No Ab    Year  Value  No Ab
  ------------------    ------------------    ------------------    ------------------    ------------------    ------------------
                        1900 -0.540   2       1950 -1.280  11       2000  0.681  11
                        1901  1.237   2       1951 -0.354  11       2001  0.076  11
                        1902 -0.043   2       1952  1.834  11       2002 -1.605  11
                        1903 -1.494   2       1953 -0.340  11       2003  0.490  11
                        1904 -0.934   2       1954 -2.199  11       2004 -0.698  11
                        1905 -1.102   2       1955  1.188  11       2005 -0.961  11
                        1906 -1.171   2       1956  0.182  11       2006  0.084  11
                        1907 -1.427   3       1957 -0.019  11       2007 -1.125  11
                        1908 -0.701   3       1958  0.467  11       2008 -2.048  11
                        1909 -0.191   3       1959 -0.526  11       2009  1.235  11

                        1910  0.816   3       1960  0.333  11       2010  0.718  11
                        1911  1.725   3       1961  0.154  11       2011  0.416  11
                        1912  1.291   3       1962 -0.473  11       2012  1.355  11
                        1913  0.389   3       1963  0.290  11       2013 -0.523  11
                        1914  1.355   3       1964 -1.179  11       2014  0.498  11
                        1915  0.363   3       1965  0.349  11       2015 -0.636  11
                        1916 -1.652   3       1966 -2.478  11
                        1917  1.117   3       1967 -0.023  11
                        1918 -0.392   4       1968  1.437  11
                        1919 -0.919   4       1969  0.457  11

                        1920  0.792   4       1970  0.970  11
                        1921 -0.160   5       1971  0.706  11
                        1922  0.946   5       1972  1.633  11
                        1923 -0.662   5       1973  0.298  11
                        1924 -0.113   5       1974 -1.024  11
                        1925  0.052   5       1975 -0.978  11
                        1926 -0.147   5       1976  0.837  11
                        1927 -0.592   5       1977 -2.163  11
  1878  1.024   1       1928  2.015   5       1978  0.167  11
  1879  1.966   1       1929 -0.578   5       1979 -0.021  11

  1880 -0.224   1       1930  1.675   5       1980 -1.920  11
  1881 -0.286   1       1931 -0.294   5       1981 -0.131  11
  1882 -1.341   1       1932 -1.198   5       1982  0.356  11
  1883  0.292   1       1933  0.502   6       1983  0.329  11
  1884 -1.365   1       1934 -1.521   6       1984 -0.755  11
  1885 -1.803   1       1935  0.111   6       1985  0.797  11
  1886 -1.314   1       1936 -0.256   7       1986  0.558  11
  1887 -0.630   1       1937 -0.438   9       1987 -0.615  11
  1888  1.011   1       1938 -0.265   9       1988 -0.006  11
  1889  0.749   1       1939 -0.922   9       1989  0.323  11

  1890  1.031   1       1940  1.103   9       1990  1.286  11
  1891 -0.887   1       1941 -0.300   9       1991  2.351  11
  1892  1.813   1       1942 -1.304   9       1992 -1.662  11
  1893  0.874   1       1943  0.317   9       1993  0.202  11
  1894  1.406   1       1944  0.773   9       1994 -0.312  11
  1895  1.015   1       1945  0.216   9       1995  0.479  11
  1896  1.050   1       1946 -0.447   9       1996  0.185  11
  1897 -1.068   1       1947  0.475   9       1997 -0.612  11
  1898 -0.299   1       1948  0.842   9       1998  1.647  11
  1899 -0.074   1       1949  0.376  11       1999 -0.370  11
------------------------------------------------------------------------------------------------------------------------------------
PART 4:  Master Bar Plot:                                                                          11:24  Fri 04 Sep 2020  Page   4
------------------------------------------------------------------------------------------------------------------------------------
   Year Rel value  Year Rel value  Year Rel value  Year Rel value  Year Rel value  Year Rel value  Year Rel value  Year Rel value
                   1900---b        1950-e          2000--------C
                   1901---------E  1951---a        2001-----@
                   1902-----@      1952----------G 2002f
                   1903f           1953----a       2003-------B
                   1904--d         1954i           2004--c
                   1905-d          1955---------E  2005-d
                   1906-e          1956-----A      2006-----@
                   1907f           1957-----@      2007-e
                   1908--c         1958-------B    2008h
                   1909----a       1959---b        2009---------E
                   1910--------C   1960------A     2010--------C
                   1911----------G 1961-----A      2011-------B
                   1912---------E  1962---b        2012---------E
                   1913------B     1963------A     2013---b
                   1914---------E  1964-e          2014-------B
                   1915------A     1965------A     2015--c
                   1916g           1966j
                   1917---------D  1967-----@
                   1918---b        1968----------F
                   1919--d         1969-------B
                   1920--------C   1970---------D
                   1921----a       1971--------C
                   1922--------D   1972----------G
                   1923--c         1973------A
                   1924----@       1974-d
                   1925-----@      1975-d
                   1926----a       1976--------C
                   1927--b         1977i
   1878---------D  1928----------H 1978-----A
   1879----------H 1929--b         1979-----@
   1880----a       1930----------G 1980h
   1881----a       1931----a       1981----a
   1882-e          1932-e          1982------A
   1883------A     1933-------B    1983------A
   1884-e          1934f           1984--c
   1885g           1935-----@      1985--------C
   1886-e          1936----a       1986-------B
   1887--c         1937---b        1987--b
   1888---------D  1938----a       1988-----@
   1889--------C   1939--d         1989------A
   1890---------D  1940---------D  1990---------E
   1891--d         1941----a       1991----------I
   1892----------G 1942-e          1992g
   1893--------C   1943------A     1993------A
   1894---------F  1944--------C   1994----a
   1895---------D  1945------A     1995-------B
   1896---------D  1946---b        1996------A
   1897-d          1947-------B    1997--b
   1898----a       1948--------C   1998----------G
   1899-----@      1949------B     1999---a
PART 5:  CORRELATION OF SERIES BY SEGMENTS:                                                        11:24  Fri 04 Sep 2020  Page   5
------------------------------------------------------------------------------------------------------------------------------------
 Correlations of  50-year dated segments, lagged  25 years
 Flags:  A = correlation under  0.3281 but highest as dated;  B = correlation higher at other than dated position

 Seq Series  Time_span   1900 1925 1950 1975
                         1949 1974 1999 2024
 --- -------- ---------  ---- ---- ---- ---- ---- ---- ---- ---- ---- ---- ---- ---- ---- ---- ---- ---- ---- ---- ---- ----
   1 SIT1H1S_ 1907 2015   .55  .64  .72  .69
   2 SIT1H7S_ 1878 2015   .55  .68  .76  .73
   3 SIT1H7U_ 1900 2015   .62  .77  .87  .88
   4 SIT1H9S_ 1918 2015   .62  .66  .80  .86
   5 SIT1H9U_ 1921 2015   .77  .77  .83  .86
   6 SIT2H7S_ 1936 2015        .77  .74  .73
   7 SIT2H7U_ 1933 2015        .58  .71  .70
   8 SIT2L3S_ 1937 2015        .79  .80  .81
   9 SIT2L3U_ 1937 2015        .81  .80  .76
  10 SIT2L5S_ 1949 2015        .79  .80  .85
  11 SIT2L5U_ 1949 2015        .78  .78  .85
 Av segment correlation  0.62 0.73 0.78 0.79
PART 6:  POTENTIAL PROBLEMS:                                                                       11:24  Fri 04 Sep 2020  Page   5
------------------------------------------------------------------------------------------------------------------------------------

 For each series with potential problems the following diagnostics may appear:

 [A] Correlations with master dating series of flagged  50-year segments of series filtered with  32-year spline,
     at every point from ten years earlier (-10) to ten years later (+10) than dated

 [B] Effect of those data values which most lower or raise correlation with master series
     Symbol following year indicates value in series is greater (>) or lesser (<) than master series value

 [C] Year-to-year changes very different from the mean change in other series

 [D] Absent rings (zero values)

 [E] Values which are statistical outliers from mean for the year
====================================================================================================================================

 SIT1H1S_  1907 to  2015     109 years                                                                                    Series   1

 [B] Entire series, effect on correlation ( 0.631) is:
       Lower   1930<-0.023   1979>-0.016   1992>-0.011   1927>-0.011   1937>-0.010   1916>-0.009  Higher   1966 0.024   1977 0.016

 [E] Outliers     2   3.0 SD above or -4.5 SD below mean for year
       1979 +4.6 SD;    1990 +3.3 SD
====================================================================================================================================

 SIT1H7S_  1878 to  2015     138 years                                                                                    Series   2

 [*] Early part of series cannot be checked from 1878 to 1899 -- not matched by another series

 [B] Entire series, effect on correlation ( 0.669) is:
       Lower   1900<-0.025   1930<-0.017   1985<-0.015   1918>-0.013   1975>-0.010   1907>-0.009  Higher   1966 0.017   1977 0.014

 [E] Outliers     2   3.0 SD above or -4.5 SD below mean for year
       1900 -5.2 SD;    1949 +3.7 SD
====================================================================================================================================

 SIT1H7U_  1900 to  2015     116 years                                                                                    Series   3

 [B] Entire series, effect on correlation ( 0.769) is:
       Lower   1900>-0.030   1975>-0.007   1903>-0.006   1924<-0.006   1926>-0.006   1920<-0.005  Higher   1991 0.011   1977 0.011

 [E] Outliers     2   3.0 SD above or -4.5 SD below mean for year
       1900 +5.2 SD;    1928 +3.4 SD
====================================================================================================================================

 SIT1H9S_  1918 to  2015      98 years                                                                                    Series   4

 [B] Entire series, effect on correlation ( 0.725) is:
       Lower   1930>-0.033   1928<-0.014   2009<-0.009   1953>-0.008   1918<-0.007   1937<-0.006  Higher   2008 0.012   1966 0.010

 [E] Outliers     2   3.0 SD above or -4.5 SD below mean for year
       1930 +6.2 SD;    1952 +4.7 SD
====================================================================================================================================

 SIT1H9U_  1921 to  2015      95 years                                                                                    Series   5

 [B] Entire series, effect on correlation ( 0.815) is:
       Lower   1937<-0.009   1953>-0.008   1931>-0.007   1957<-0.006   1927<-0.006   1979<-0.006  Higher   1991 0.012   2008 0.009

 [E] Outliers     1   3.0 SD above or -4.5 SD below mean for year
       1952 +3.3 SD
====================================================================================================================================

 SIT2H7S_  1936 to  2015      80 years                                                                                    Series   6

 [B] Entire series, effect on correlation ( 0.712) is:
       Lower   1998<-0.033   1937>-0.020   1992>-0.013   1988<-0.009   2001>-0.007   2006>-0.007  Higher   1966 0.028   1991 0.024

 [E] Outliers     2   3.0 SD above or -4.5 SD below mean for year
       1937 +3.6 SD;    1992 +3.0 SD
====================================================================================================================================

 SIT2H7U_  1933 to  2015      83 years                                                                                    Series   7

 [B] Entire series, effect on correlation ( 0.582) is:
       Lower   1940<-0.025   1941<-0.025   1936>-0.017   1998<-0.016   1934>-0.016   1986<-0.015  Higher   1991 0.035   1966 0.035

 [E] Outliers     5   3.0 SD above or -4.5 SD below mean for year
       1934 +3.2 SD;    1936 +3.4 SD;    1941 -4.5 SD;    1968 +3.3 SD;    1994 +3.6 SD
====================================================================================================================================

 SIT2L3S_  1937 to  2015      79 years                                                                                    Series   8

 [B] Entire series, effect on correlation ( 0.788) is:
       Lower   1943<-0.012   1991<-0.012   1990<-0.012   1938>-0.011   1987>-0.009   1949<-0.008  Higher   1966 0.015   1954 0.015

 [E] Outliers     1   3.0 SD above or -4.5 SD below mean for year
       1940 +3.0 SD
====================================================================================================================================

 SIT2L3U_  1937 to  2015      79 years                                                                                    Series   9

 [B] Entire series, effect on correlation ( 0.764) is:
       Lower   1991<-0.017   2015>-0.015   1985>-0.014   2010<-0.010   1990<-0.008   1939>-0.006  Higher   1966 0.021   1954 0.017

 [E] Outliers     2   3.0 SD above or -4.5 SD below mean for year
       1940 +3.4 SD;    1985 +3.8 SD
====================================================================================================================================

 SIT2L5S_  1949 to  2015      67 years                                                                                    Series  10

 [B] Entire series, effect on correlation ( 0.799) is:
       Lower   1981>-0.013   1960<-0.013   1961<-0.011   1952<-0.010   1963<-0.009   2010>-0.009  Higher   1991 0.016   2008 0.012

====================================================================================================================================

 SIT2L5U_  1949 to  2015      67 years                                                                                    Series  11

 [B] Entire series, effect on correlation ( 0.782) is:
       Lower   1960<-0.018   1961<-0.014   2006>-0.013   1952<-0.009   1957>-0.009   1956>-0.008  Higher   1991 0.014   1977 0.013

 [E] Outliers     2   3.0 SD above or -4.5 SD below mean for year
       1985 +3.0 SD;    2006 +3.1 SD
====================================================================================================================================

 [*] All segments correlate highest as dated with correlation with master series over  0.3281
PART 7:  DESCRIPTIVE STATISTICS:                                                                   11:24  Fri 04 Sep 2020  Page   6
------------------------------------------------------------------------------------------------------------------------------------

                                                Corr   //-------- Unfiltered --------\\  //---- Filtered -----\\
                           No.    No.    No.    with   Mean   Max     Std   Auto   Mean   Max     Std   Auto  AR
 Seq Series   Interval   Years  Segmt  Flags   Master  msmt   msmt    dev   corr   sens  value    dev   corr  ()
 --- -------- ---------  -----  -----  -----   ------ -----  -----  -----  -----  -----  -----  -----  -----  --
   1 SIT1H1S_ 1907 2015    109      4      0   0.631   1.07   3.52  0.702  0.847  0.277   0.70  0.272  0.005   2
   2 SIT1H7S_ 1878 2015    138      4      0   0.669   0.50   1.40  0.249  0.729  0.306   0.86  0.332 -0.018   4
   3 SIT1H7U_ 1900 2015    116      4      0   0.769   0.84   2.10  0.385  0.546  0.354   1.14  0.388 -0.014   2
   4 SIT1H9S_ 1918 2015     98      4      0   0.725   0.81   2.25  0.379  0.556  0.344   1.69  0.430  0.003   1
   5 SIT1H9U_ 1921 2015     95      4      0   0.815   0.81   2.13  0.343  0.587  0.321   1.00  0.328  0.000   1
   6 SIT2H7S_ 1936 2015     80      3      0   0.712   1.87   3.06  0.652  0.540  0.299   0.88  0.327  0.011   1
   7 SIT2H7U_ 1933 2015     83      3      0   0.582   1.44   3.12  0.546  0.565  0.296   0.91  0.299  0.007   2
   8 SIT2L3S_ 1937 2015     79      3      0   0.788   1.33   3.22  0.587  0.566  0.367   0.86  0.363 -0.006   1
   9 SIT2L3U_ 1937 2015     79      3      0   0.764   1.49   2.95  0.572  0.603  0.319   0.88  0.356  0.001   1
  10 SIT2L5S_ 1949 2015     67      3      0   0.799   1.22   2.69  0.562  0.599  0.343   0.80  0.363  0.001   1
  11 SIT2L5U_ 1949 2015     67      3      0   0.782   1.15   2.74  0.561  0.599  0.375   0.70  0.354 -0.007   1
 --- -------- ---------  -----  -----  -----   ------ -----  -----  -----  -----  -----  -----  -----  -----  --
 Total or mean:           1011     38      0   0.726   1.08   3.52  0.484  0.622  0.325   1.69  0.346 -0.003

                                              - = [  COFECHA SIT  COF  ] = -
